16:07:08 ERROR Main - prpblem
22:41:19 ERROR DataValidator - Catching
java.lang.NullPointerException: null
	at main.java.by.epam.web.unit2.validator.DataValidator.makeValidData(DataValidator.java:36) [bin/:?]
	at test.java.by.epam.web.unit2.DataValidatorTest.makeValidDataTest(DataValidatorTest.java:19) [bin/:?]
	at sun.reflect.NativeMethodAccessorImpl.invoke0(Native Method) ~[?:1.8.0_221]
	at sun.reflect.NativeMethodAccessorImpl.invoke(Unknown Source) ~[?:1.8.0_221]
	at sun.reflect.DelegatingMethodAccessorImpl.invoke(Unknown Source) ~[?:1.8.0_221]
	at java.lang.reflect.Method.invoke(Unknown Source) ~[?:1.8.0_221]
	at org.junit.runners.model.FrameworkMethod$1.runReflectiveCall(FrameworkMethod.java:59) [junit-4.13-rc-1.jar:4.13-rc-1]
	at org.junit.internal.runners.model.ReflectiveCallable.run(ReflectiveCallable.java:12) [junit-4.13-rc-1.jar:4.13-rc-1]
	at org.junit.runners.model.FrameworkMethod.invokeExplosively(FrameworkMethod.java:56) [junit-4.13-rc-1.jar:4.13-rc-1]
	at org.junit.internal.runners.statements.InvokeMethod.evaluate(InvokeMethod.java:17) [junit-4.13-rc-1.jar:4.13-rc-1]
	at org.junit.runners.ParentRunner$3.evaluate(ParentRunner.java:305) [junit-4.13-rc-1.jar:4.13-rc-1]
	at org.junit.runners.BlockJUnit4ClassRunner$1.evaluate(BlockJUnit4ClassRunner.java:100) [junit-4.13-rc-1.jar:4.13-rc-1]
	at org.junit.runners.ParentRunner.runLeaf(ParentRunner.java:365) [junit-4.13-rc-1.jar:4.13-rc-1]
	at org.junit.runners.BlockJUnit4ClassRunner.runChild(BlockJUnit4ClassRunner.java:103) [junit-4.13-rc-1.jar:4.13-rc-1]
	at org.junit.runners.BlockJUnit4ClassRunner.runChild(BlockJUnit4ClassRunner.java:63) [junit-4.13-rc-1.jar:4.13-rc-1]
	at org.junit.runners.ParentRunner$4.run(ParentRunner.java:330) [junit-4.13-rc-1.jar:4.13-rc-1]
	at org.junit.runners.ParentRunner$1.schedule(ParentRunner.java:78) [junit-4.13-rc-1.jar:4.13-rc-1]
	at org.junit.runners.ParentRunner.runChildren(ParentRunner.java:328) [junit-4.13-rc-1.jar:4.13-rc-1]
	at org.junit.runners.ParentRunner.access$100(ParentRunner.java:65) [junit-4.13-rc-1.jar:4.13-rc-1]
	at org.junit.runners.ParentRunner$2.evaluate(ParentRunner.java:292) [junit-4.13-rc-1.jar:4.13-rc-1]
	at org.junit.runners.ParentRunner$3.evaluate(ParentRunner.java:305) [junit-4.13-rc-1.jar:4.13-rc-1]
	at org.junit.runners.ParentRunner.run(ParentRunner.java:412) [junit-4.13-rc-1.jar:4.13-rc-1]
	at org.eclipse.jdt.internal.junit4.runner.JUnit4TestReference.run(JUnit4TestReference.java:89) [.cp/:?]
	at org.eclipse.jdt.internal.junit.runner.TestExecution.run(TestExecution.java:41) [.cp/:?]
	at org.eclipse.jdt.internal.junit.runner.RemoteTestRunner.runTests(RemoteTestRunner.java:541) [.cp/:?]
	at org.eclipse.jdt.internal.junit.runner.RemoteTestRunner.runTests(RemoteTestRunner.java:763) [.cp/:?]
	at org.eclipse.jdt.internal.junit.runner.RemoteTestRunner.run(RemoteTestRunner.java:463) [.cp/:?]
	at org.eclipse.jdt.internal.junit.runner.RemoteTestRunner.main(RemoteTestRunner.java:209) [.cp/:?]
22:41:19 ERROR DataValidator - Catching
java.lang.NullPointerException: null
	at main.java.by.epam.web.unit2.validator.DataValidator.makeValidData(DataValidator.java:36) [bin/:?]
	at test.java.by.epam.web.unit2.DataValidatorTest.makeValidDataTest(DataValidatorTest.java:19) [bin/:?]
	at sun.reflect.NativeMethodAccessorImpl.invoke0(Native Method) ~[?:1.8.0_221]
	at sun.reflect.NativeMethodAccessorImpl.invoke(Unknown Source) ~[?:1.8.0_221]
	at sun.reflect.DelegatingMethodAccessorImpl.invoke(Unknown Source) ~[?:1.8.0_221]
	at java.lang.reflect.Method.invoke(Unknown Source) ~[?:1.8.0_221]
	at org.junit.runners.model.FrameworkMethod$1.runReflectiveCall(FrameworkMethod.java:59) [junit-4.13-rc-1.jar:4.13-rc-1]
	at org.junit.internal.runners.model.ReflectiveCallable.run(ReflectiveCallable.java:12) [junit-4.13-rc-1.jar:4.13-rc-1]
	at org.junit.runners.model.FrameworkMethod.invokeExplosively(FrameworkMethod.java:56) [junit-4.13-rc-1.jar:4.13-rc-1]
	at org.junit.internal.runners.statements.InvokeMethod.evaluate(InvokeMethod.java:17) [junit-4.13-rc-1.jar:4.13-rc-1]
	at org.junit.runners.ParentRunner$3.evaluate(ParentRunner.java:305) [junit-4.13-rc-1.jar:4.13-rc-1]
	at org.junit.runners.BlockJUnit4ClassRunner$1.evaluate(BlockJUnit4ClassRunner.java:100) [junit-4.13-rc-1.jar:4.13-rc-1]
	at org.junit.runners.ParentRunner.runLeaf(ParentRunner.java:365) [junit-4.13-rc-1.jar:4.13-rc-1]
	at org.junit.runners.BlockJUnit4ClassRunner.runChild(BlockJUnit4ClassRunner.java:103) [junit-4.13-rc-1.jar:4.13-rc-1]
	at org.junit.runners.BlockJUnit4ClassRunner.runChild(BlockJUnit4ClassRunner.java:63) [junit-4.13-rc-1.jar:4.13-rc-1]
	at org.junit.runners.ParentRunner$4.run(ParentRunner.java:330) [junit-4.13-rc-1.jar:4.13-rc-1]
	at org.junit.runners.ParentRunner$1.schedule(ParentRunner.java:78) [junit-4.13-rc-1.jar:4.13-rc-1]
	at org.junit.runners.ParentRunner.runChildren(ParentRunner.java:328) [junit-4.13-rc-1.jar:4.13-rc-1]
	at org.junit.runners.ParentRunner.access$100(ParentRunner.java:65) [junit-4.13-rc-1.jar:4.13-rc-1]
	at org.junit.runners.ParentRunner$2.evaluate(ParentRunner.java:292) [junit-4.13-rc-1.jar:4.13-rc-1]
	at org.junit.runners.ParentRunner$3.evaluate(ParentRunner.java:305) [junit-4.13-rc-1.jar:4.13-rc-1]
	at org.junit.runners.ParentRunner.run(ParentRunner.java:412) [junit-4.13-rc-1.jar:4.13-rc-1]
	at org.eclipse.jdt.internal.junit4.runner.JUnit4TestReference.run(JUnit4TestReference.java:89) [.cp/:?]
	at org.eclipse.jdt.internal.junit.runner.TestExecution.run(TestExecution.java:41) [.cp/:?]
	at org.eclipse.jdt.internal.junit.runner.RemoteTestRunner.runTests(RemoteTestRunner.java:541) [.cp/:?]
	at org.eclipse.jdt.internal.junit.runner.RemoteTestRunner.runTests(RemoteTestRunner.java:763) [.cp/:?]
	at org.eclipse.jdt.internal.junit.runner.RemoteTestRunner.run(RemoteTestRunner.java:463) [.cp/:?]
	at org.eclipse.jdt.internal.junit.runner.RemoteTestRunner.main(RemoteTestRunner.java:209) [.cp/:?]
22:41:19 ERROR DataValidator - Catching
java.lang.NullPointerException: null
	at main.java.by.epam.web.unit2.validator.DataValidator.makeValidData(DataValidator.java:36) [bin/:?]
	at test.java.by.epam.web.unit2.DataValidatorTest.makeValidDataTest(DataValidatorTest.java:19) [bin/:?]
	at sun.reflect.NativeMethodAccessorImpl.invoke0(Native Method) ~[?:1.8.0_221]
	at sun.reflect.NativeMethodAccessorImpl.invoke(Unknown Source) ~[?:1.8.0_221]
	at sun.reflect.DelegatingMethodAccessorImpl.invoke(Unknown Source) ~[?:1.8.0_221]
	at java.lang.reflect.Method.invoke(Unknown Source) ~[?:1.8.0_221]
	at org.junit.runners.model.FrameworkMethod$1.runReflectiveCall(FrameworkMethod.java:59) [junit-4.13-rc-1.jar:4.13-rc-1]
	at org.junit.internal.runners.model.ReflectiveCallable.run(ReflectiveCallable.java:12) [junit-4.13-rc-1.jar:4.13-rc-1]
	at org.junit.runners.model.FrameworkMethod.invokeExplosively(FrameworkMethod.java:56) [junit-4.13-rc-1.jar:4.13-rc-1]
	at org.junit.internal.runners.statements.InvokeMethod.evaluate(InvokeMethod.java:17) [junit-4.13-rc-1.jar:4.13-rc-1]
	at org.junit.runners.ParentRunner$3.evaluate(ParentRunner.java:305) [junit-4.13-rc-1.jar:4.13-rc-1]
	at org.junit.runners.BlockJUnit4ClassRunner$1.evaluate(BlockJUnit4ClassRunner.java:100) [junit-4.13-rc-1.jar:4.13-rc-1]
	at org.junit.runners.ParentRunner.runLeaf(ParentRunner.java:365) [junit-4.13-rc-1.jar:4.13-rc-1]
	at org.junit.runners.BlockJUnit4ClassRunner.runChild(BlockJUnit4ClassRunner.java:103) [junit-4.13-rc-1.jar:4.13-rc-1]
	at org.junit.runners.BlockJUnit4ClassRunner.runChild(BlockJUnit4ClassRunner.java:63) [junit-4.13-rc-1.jar:4.13-rc-1]
	at org.junit.runners.ParentRunner$4.run(ParentRunner.java:330) [junit-4.13-rc-1.jar:4.13-rc-1]
	at org.junit.runners.ParentRunner$1.schedule(ParentRunner.java:78) [junit-4.13-rc-1.jar:4.13-rc-1]
	at org.junit.runners.ParentRunner.runChildren(ParentRunner.java:328) [junit-4.13-rc-1.jar:4.13-rc-1]
	at org.junit.runners.ParentRunner.access$100(ParentRunner.java:65) [junit-4.13-rc-1.jar:4.13-rc-1]
	at org.junit.runners.ParentRunner$2.evaluate(ParentRunner.java:292) [junit-4.13-rc-1.jar:4.13-rc-1]
	at org.junit.runners.ParentRunner$3.evaluate(ParentRunner.java:305) [junit-4.13-rc-1.jar:4.13-rc-1]
	at org.junit.runners.ParentRunner.run(ParentRunner.java:412) [junit-4.13-rc-1.jar:4.13-rc-1]
	at org.eclipse.jdt.internal.junit4.runner.JUnit4TestReference.run(JUnit4TestReference.java:89) [.cp/:?]
	at org.eclipse.jdt.internal.junit.runner.TestExecution.run(TestExecution.java:41) [.cp/:?]
	at org.eclipse.jdt.internal.junit.runner.RemoteTestRunner.runTests(RemoteTestRunner.java:541) [.cp/:?]
	at org.eclipse.jdt.internal.junit.runner.RemoteTestRunner.runTests(RemoteTestRunner.java:763) [.cp/:?]
	at org.eclipse.jdt.internal.junit.runner.RemoteTestRunner.run(RemoteTestRunner.java:463) [.cp/:?]
	at org.eclipse.jdt.internal.junit.runner.RemoteTestRunner.main(RemoteTestRunner.java:209) [.cp/:?]
22:41:19 ERROR DataValidator - Catching
java.lang.NullPointerException: null
	at main.java.by.epam.web.unit2.validator.DataValidator.makeValidData(DataValidator.java:36) [bin/:?]
	at test.java.by.epam.web.unit2.DataValidatorTest.makeValidDataTest(DataValidatorTest.java:19) [bin/:?]
	at sun.reflect.NativeMethodAccessorImpl.invoke0(Native Method) ~[?:1.8.0_221]
	at sun.reflect.NativeMethodAccessorImpl.invoke(Unknown Source) ~[?:1.8.0_221]
	at sun.reflect.DelegatingMethodAccessorImpl.invoke(Unknown Source) ~[?:1.8.0_221]
	at java.lang.reflect.Method.invoke(Unknown Source) ~[?:1.8.0_221]
	at org.junit.runners.model.FrameworkMethod$1.runReflectiveCall(FrameworkMethod.java:59) [junit-4.13-rc-1.jar:4.13-rc-1]
	at org.junit.internal.runners.model.ReflectiveCallable.run(ReflectiveCallable.java:12) [junit-4.13-rc-1.jar:4.13-rc-1]
	at org.junit.runners.model.FrameworkMethod.invokeExplosively(FrameworkMethod.java:56) [junit-4.13-rc-1.jar:4.13-rc-1]
	at org.junit.internal.runners.statements.InvokeMethod.evaluate(InvokeMethod.java:17) [junit-4.13-rc-1.jar:4.13-rc-1]
	at org.junit.runners.ParentRunner$3.evaluate(ParentRunner.java:305) [junit-4.13-rc-1.jar:4.13-rc-1]
	at org.junit.runners.BlockJUnit4ClassRunner$1.evaluate(BlockJUnit4ClassRunner.java:100) [junit-4.13-rc-1.jar:4.13-rc-1]
	at org.junit.runners.ParentRunner.runLeaf(ParentRunner.java:365) [junit-4.13-rc-1.jar:4.13-rc-1]
	at org.junit.runners.BlockJUnit4ClassRunner.runChild(BlockJUnit4ClassRunner.java:103) [junit-4.13-rc-1.jar:4.13-rc-1]
	at org.junit.runners.BlockJUnit4ClassRunner.runChild(BlockJUnit4ClassRunner.java:63) [junit-4.13-rc-1.jar:4.13-rc-1]
	at org.junit.runners.ParentRunner$4.run(ParentRunner.java:330) [junit-4.13-rc-1.jar:4.13-rc-1]
	at org.junit.runners.ParentRunner$1.schedule(ParentRunner.java:78) [junit-4.13-rc-1.jar:4.13-rc-1]
	at org.junit.runners.ParentRunner.runChildren(ParentRunner.java:328) [junit-4.13-rc-1.jar:4.13-rc-1]
	at org.junit.runners.ParentRunner.access$100(ParentRunner.java:65) [junit-4.13-rc-1.jar:4.13-rc-1]
	at org.junit.runners.ParentRunner$2.evaluate(ParentRunner.java:292) [junit-4.13-rc-1.jar:4.13-rc-1]
	at org.junit.runners.ParentRunner$3.evaluate(ParentRunner.java:305) [junit-4.13-rc-1.jar:4.13-rc-1]
	at org.junit.runners.ParentRunner.run(ParentRunner.java:412) [junit-4.13-rc-1.jar:4.13-rc-1]
	at org.eclipse.jdt.internal.junit4.runner.JUnit4TestReference.run(JUnit4TestReference.java:89) [.cp/:?]
	at org.eclipse.jdt.internal.junit.runner.TestExecution.run(TestExecution.java:41) [.cp/:?]
	at org.eclipse.jdt.internal.junit.runner.RemoteTestRunner.runTests(RemoteTestRunner.java:541) [.cp/:?]
	at org.eclipse.jdt.internal.junit.runner.RemoteTestRunner.runTests(RemoteTestRunner.java:763) [.cp/:?]
	at org.eclipse.jdt.internal.junit.runner.RemoteTestRunner.run(RemoteTestRunner.java:463) [.cp/:?]
	at org.eclipse.jdt.internal.junit.runner.RemoteTestRunner.main(RemoteTestRunner.java:209) [.cp/:?]
22:41:19 ERROR DataValidator - Catching
java.lang.NullPointerException: null
	at main.java.by.epam.web.unit2.validator.DataValidator.makeValidData(DataValidator.java:36) [bin/:?]
	at test.java.by.epam.web.unit2.DataValidatorTest.makeValidDataTest(DataValidatorTest.java:19) [bin/:?]
	at sun.reflect.NativeMethodAccessorImpl.invoke0(Native Method) ~[?:1.8.0_221]
	at sun.reflect.NativeMethodAccessorImpl.invoke(Unknown Source) ~[?:1.8.0_221]
	at sun.reflect.DelegatingMethodAccessorImpl.invoke(Unknown Source) ~[?:1.8.0_221]
	at java.lang.reflect.Method.invoke(Unknown Source) ~[?:1.8.0_221]
	at org.junit.runners.model.FrameworkMethod$1.runReflectiveCall(FrameworkMethod.java:59) [junit-4.13-rc-1.jar:4.13-rc-1]
	at org.junit.internal.runners.model.ReflectiveCallable.run(ReflectiveCallable.java:12) [junit-4.13-rc-1.jar:4.13-rc-1]
	at org.junit.runners.model.FrameworkMethod.invokeExplosively(FrameworkMethod.java:56) [junit-4.13-rc-1.jar:4.13-rc-1]
	at org.junit.internal.runners.statements.InvokeMethod.evaluate(InvokeMethod.java:17) [junit-4.13-rc-1.jar:4.13-rc-1]
	at org.junit.runners.ParentRunner$3.evaluate(ParentRunner.java:305) [junit-4.13-rc-1.jar:4.13-rc-1]
	at org.junit.runners.BlockJUnit4ClassRunner$1.evaluate(BlockJUnit4ClassRunner.java:100) [junit-4.13-rc-1.jar:4.13-rc-1]
	at org.junit.runners.ParentRunner.runLeaf(ParentRunner.java:365) [junit-4.13-rc-1.jar:4.13-rc-1]
	at org.junit.runners.BlockJUnit4ClassRunner.runChild(BlockJUnit4ClassRunner.java:103) [junit-4.13-rc-1.jar:4.13-rc-1]
	at org.junit.runners.BlockJUnit4ClassRunner.runChild(BlockJUnit4ClassRunner.java:63) [junit-4.13-rc-1.jar:4.13-rc-1]
	at org.junit.runners.ParentRunner$4.run(ParentRunner.java:330) [junit-4.13-rc-1.jar:4.13-rc-1]
	at org.junit.runners.ParentRunner$1.schedule(ParentRunner.java:78) [junit-4.13-rc-1.jar:4.13-rc-1]
	at org.junit.runners.ParentRunner.runChildren(ParentRunner.java:328) [junit-4.13-rc-1.jar:4.13-rc-1]
	at org.junit.runners.ParentRunner.access$100(ParentRunner.java:65) [junit-4.13-rc-1.jar:4.13-rc-1]
	at org.junit.runners.ParentRunner$2.evaluate(ParentRunner.java:292) [junit-4.13-rc-1.jar:4.13-rc-1]
	at org.junit.runners.ParentRunner$3.evaluate(ParentRunner.java:305) [junit-4.13-rc-1.jar:4.13-rc-1]
	at org.junit.runners.ParentRunner.run(ParentRunner.java:412) [junit-4.13-rc-1.jar:4.13-rc-1]
	at org.eclipse.jdt.internal.junit4.runner.JUnit4TestReference.run(JUnit4TestReference.java:89) [.cp/:?]
	at org.eclipse.jdt.internal.junit.runner.TestExecution.run(TestExecution.java:41) [.cp/:?]
	at org.eclipse.jdt.internal.junit.runner.RemoteTestRunner.runTests(RemoteTestRunner.java:541) [.cp/:?]
	at org.eclipse.jdt.internal.junit.runner.RemoteTestRunner.runTests(RemoteTestRunner.java:763) [.cp/:?]
	at org.eclipse.jdt.internal.junit.runner.RemoteTestRunner.run(RemoteTestRunner.java:463) [.cp/:?]
	at org.eclipse.jdt.internal.junit.runner.RemoteTestRunner.main(RemoteTestRunner.java:209) [.cp/:?]
22:41:19 ERROR DataValidator - Catching
java.lang.NullPointerException: null
	at main.java.by.epam.web.unit2.validator.DataValidator.makeValidData(DataValidator.java:36) [bin/:?]
	at test.java.by.epam.web.unit2.DataValidatorTest.makeValidDataTest(DataValidatorTest.java:19) [bin/:?]
	at sun.reflect.NativeMethodAccessorImpl.invoke0(Native Method) ~[?:1.8.0_221]
	at sun.reflect.NativeMethodAccessorImpl.invoke(Unknown Source) ~[?:1.8.0_221]
	at sun.reflect.DelegatingMethodAccessorImpl.invoke(Unknown Source) ~[?:1.8.0_221]
	at java.lang.reflect.Method.invoke(Unknown Source) ~[?:1.8.0_221]
	at org.junit.runners.model.FrameworkMethod$1.runReflectiveCall(FrameworkMethod.java:59) [junit-4.13-rc-1.jar:4.13-rc-1]
	at org.junit.internal.runners.model.ReflectiveCallable.run(ReflectiveCallable.java:12) [junit-4.13-rc-1.jar:4.13-rc-1]
	at org.junit.runners.model.FrameworkMethod.invokeExplosively(FrameworkMethod.java:56) [junit-4.13-rc-1.jar:4.13-rc-1]
	at org.junit.internal.runners.statements.InvokeMethod.evaluate(InvokeMethod.java:17) [junit-4.13-rc-1.jar:4.13-rc-1]
	at org.junit.runners.ParentRunner$3.evaluate(ParentRunner.java:305) [junit-4.13-rc-1.jar:4.13-rc-1]
	at org.junit.runners.BlockJUnit4ClassRunner$1.evaluate(BlockJUnit4ClassRunner.java:100) [junit-4.13-rc-1.jar:4.13-rc-1]
	at org.junit.runners.ParentRunner.runLeaf(ParentRunner.java:365) [junit-4.13-rc-1.jar:4.13-rc-1]
	at org.junit.runners.BlockJUnit4ClassRunner.runChild(BlockJUnit4ClassRunner.java:103) [junit-4.13-rc-1.jar:4.13-rc-1]
	at org.junit.runners.BlockJUnit4ClassRunner.runChild(BlockJUnit4ClassRunner.java:63) [junit-4.13-rc-1.jar:4.13-rc-1]
	at org.junit.runners.ParentRunner$4.run(ParentRunner.java:330) [junit-4.13-rc-1.jar:4.13-rc-1]
	at org.junit.runners.ParentRunner$1.schedule(ParentRunner.java:78) [junit-4.13-rc-1.jar:4.13-rc-1]
	at org.junit.runners.ParentRunner.runChildren(ParentRunner.java:328) [junit-4.13-rc-1.jar:4.13-rc-1]
	at org.junit.runners.ParentRunner.access$100(ParentRunner.java:65) [junit-4.13-rc-1.jar:4.13-rc-1]
	at org.junit.runners.ParentRunner$2.evaluate(ParentRunner.java:292) [junit-4.13-rc-1.jar:4.13-rc-1]
	at org.junit.runners.ParentRunner$3.evaluate(ParentRunner.java:305) [junit-4.13-rc-1.jar:4.13-rc-1]
	at org.junit.runners.ParentRunner.run(ParentRunner.java:412) [junit-4.13-rc-1.jar:4.13-rc-1]
	at org.eclipse.jdt.internal.junit4.runner.JUnit4TestReference.run(JUnit4TestReference.java:89) [.cp/:?]
	at org.eclipse.jdt.internal.junit.runner.TestExecution.run(TestExecution.java:41) [.cp/:?]
	at org.eclipse.jdt.internal.junit.runner.RemoteTestRunner.runTests(RemoteTestRunner.java:541) [.cp/:?]
	at org.eclipse.jdt.internal.junit.runner.RemoteTestRunner.runTests(RemoteTestRunner.java:763) [.cp/:?]
	at org.eclipse.jdt.internal.junit.runner.RemoteTestRunner.run(RemoteTestRunner.java:463) [.cp/:?]
	at org.eclipse.jdt.internal.junit.runner.RemoteTestRunner.main(RemoteTestRunner.java:209) [.cp/:?]
22:41:19 ERROR DataValidator - Catching
java.lang.NullPointerException: null
	at main.java.by.epam.web.unit2.validator.DataValidator.makeValidData(DataValidator.java:36) [bin/:?]
	at test.java.by.epam.web.unit2.DataValidatorTest.makeValidDataTest(DataValidatorTest.java:19) [bin/:?]
	at sun.reflect.NativeMethodAccessorImpl.invoke0(Native Method) ~[?:1.8.0_221]
	at sun.reflect.NativeMethodAccessorImpl.invoke(Unknown Source) ~[?:1.8.0_221]
	at sun.reflect.DelegatingMethodAccessorImpl.invoke(Unknown Source) ~[?:1.8.0_221]
	at java.lang.reflect.Method.invoke(Unknown Source) ~[?:1.8.0_221]
	at org.junit.runners.model.FrameworkMethod$1.runReflectiveCall(FrameworkMethod.java:59) [junit-4.13-rc-1.jar:4.13-rc-1]
	at org.junit.internal.runners.model.ReflectiveCallable.run(ReflectiveCallable.java:12) [junit-4.13-rc-1.jar:4.13-rc-1]
	at org.junit.runners.model.FrameworkMethod.invokeExplosively(FrameworkMethod.java:56) [junit-4.13-rc-1.jar:4.13-rc-1]
	at org.junit.internal.runners.statements.InvokeMethod.evaluate(InvokeMethod.java:17) [junit-4.13-rc-1.jar:4.13-rc-1]
	at org.junit.runners.ParentRunner$3.evaluate(ParentRunner.java:305) [junit-4.13-rc-1.jar:4.13-rc-1]
	at org.junit.runners.BlockJUnit4ClassRunner$1.evaluate(BlockJUnit4ClassRunner.java:100) [junit-4.13-rc-1.jar:4.13-rc-1]
	at org.junit.runners.ParentRunner.runLeaf(ParentRunner.java:365) [junit-4.13-rc-1.jar:4.13-rc-1]
	at org.junit.runners.BlockJUnit4ClassRunner.runChild(BlockJUnit4ClassRunner.java:103) [junit-4.13-rc-1.jar:4.13-rc-1]
	at org.junit.runners.BlockJUnit4ClassRunner.runChild(BlockJUnit4ClassRunner.java:63) [junit-4.13-rc-1.jar:4.13-rc-1]
	at org.junit.runners.ParentRunner$4.run(ParentRunner.java:330) [junit-4.13-rc-1.jar:4.13-rc-1]
	at org.junit.runners.ParentRunner$1.schedule(ParentRunner.java:78) [junit-4.13-rc-1.jar:4.13-rc-1]
	at org.junit.runners.ParentRunner.runChildren(ParentRunner.java:328) [junit-4.13-rc-1.jar:4.13-rc-1]
	at org.junit.runners.ParentRunner.access$100(ParentRunner.java:65) [junit-4.13-rc-1.jar:4.13-rc-1]
	at org.junit.runners.ParentRunner$2.evaluate(ParentRunner.java:292) [junit-4.13-rc-1.jar:4.13-rc-1]
	at org.junit.runners.ParentRunner$3.evaluate(ParentRunner.java:305) [junit-4.13-rc-1.jar:4.13-rc-1]
	at org.junit.runners.ParentRunner.run(ParentRunner.java:412) [junit-4.13-rc-1.jar:4.13-rc-1]
	at org.eclipse.jdt.internal.junit4.runner.JUnit4TestReference.run(JUnit4TestReference.java:89) [.cp/:?]
	at org.eclipse.jdt.internal.junit.runner.TestExecution.run(TestExecution.java:41) [.cp/:?]
	at org.eclipse.jdt.internal.junit.runner.RemoteTestRunner.runTests(RemoteTestRunner.java:541) [.cp/:?]
	at org.eclipse.jdt.internal.junit.runner.RemoteTestRunner.runTests(RemoteTestRunner.java:763) [.cp/:?]
	at org.eclipse.jdt.internal.junit.runner.RemoteTestRunner.run(RemoteTestRunner.java:463) [.cp/:?]
	at org.eclipse.jdt.internal.junit.runner.RemoteTestRunner.main(RemoteTestRunner.java:209) [.cp/:?]
22:41:19 ERROR DataValidator - Catching
java.lang.NullPointerException: null
	at main.java.by.epam.web.unit2.validator.DataValidator.makeValidData(DataValidator.java:36) [bin/:?]
	at test.java.by.epam.web.unit2.DataValidatorTest.makeValidDataTest(DataValidatorTest.java:19) [bin/:?]
	at sun.reflect.NativeMethodAccessorImpl.invoke0(Native Method) ~[?:1.8.0_221]
	at sun.reflect.NativeMethodAccessorImpl.invoke(Unknown Source) ~[?:1.8.0_221]
	at sun.reflect.DelegatingMethodAccessorImpl.invoke(Unknown Source) ~[?:1.8.0_221]
	at java.lang.reflect.Method.invoke(Unknown Source) ~[?:1.8.0_221]
	at org.junit.runners.model.FrameworkMethod$1.runReflectiveCall(FrameworkMethod.java:59) [junit-4.13-rc-1.jar:4.13-rc-1]
	at org.junit.internal.runners.model.ReflectiveCallable.run(ReflectiveCallable.java:12) [junit-4.13-rc-1.jar:4.13-rc-1]
	at org.junit.runners.model.FrameworkMethod.invokeExplosively(FrameworkMethod.java:56) [junit-4.13-rc-1.jar:4.13-rc-1]
	at org.junit.internal.runners.statements.InvokeMethod.evaluate(InvokeMethod.java:17) [junit-4.13-rc-1.jar:4.13-rc-1]
	at org.junit.runners.ParentRunner$3.evaluate(ParentRunner.java:305) [junit-4.13-rc-1.jar:4.13-rc-1]
	at org.junit.runners.BlockJUnit4ClassRunner$1.evaluate(BlockJUnit4ClassRunner.java:100) [junit-4.13-rc-1.jar:4.13-rc-1]
	at org.junit.runners.ParentRunner.runLeaf(ParentRunner.java:365) [junit-4.13-rc-1.jar:4.13-rc-1]
	at org.junit.runners.BlockJUnit4ClassRunner.runChild(BlockJUnit4ClassRunner.java:103) [junit-4.13-rc-1.jar:4.13-rc-1]
	at org.junit.runners.BlockJUnit4ClassRunner.runChild(BlockJUnit4ClassRunner.java:63) [junit-4.13-rc-1.jar:4.13-rc-1]
	at org.junit.runners.ParentRunner$4.run(ParentRunner.java:330) [junit-4.13-rc-1.jar:4.13-rc-1]
	at org.junit.runners.ParentRunner$1.schedule(ParentRunner.java:78) [junit-4.13-rc-1.jar:4.13-rc-1]
	at org.junit.runners.ParentRunner.runChildren(ParentRunner.java:328) [junit-4.13-rc-1.jar:4.13-rc-1]
	at org.junit.runners.ParentRunner.access$100(ParentRunner.java:65) [junit-4.13-rc-1.jar:4.13-rc-1]
	at org.junit.runners.ParentRunner$2.evaluate(ParentRunner.java:292) [junit-4.13-rc-1.jar:4.13-rc-1]
	at org.junit.runners.ParentRunner$3.evaluate(ParentRunner.java:305) [junit-4.13-rc-1.jar:4.13-rc-1]
	at org.junit.runners.ParentRunner.run(ParentRunner.java:412) [junit-4.13-rc-1.jar:4.13-rc-1]
	at org.eclipse.jdt.internal.junit4.runner.JUnit4TestReference.run(JUnit4TestReference.java:89) [.cp/:?]
	at org.eclipse.jdt.internal.junit.runner.TestExecution.run(TestExecution.java:41) [.cp/:?]
	at org.eclipse.jdt.internal.junit.runner.RemoteTestRunner.runTests(RemoteTestRunner.java:541) [.cp/:?]
	at org.eclipse.jdt.internal.junit.runner.RemoteTestRunner.runTests(RemoteTestRunner.java:763) [.cp/:?]
	at org.eclipse.jdt.internal.junit.runner.RemoteTestRunner.run(RemoteTestRunner.java:463) [.cp/:?]
	at org.eclipse.jdt.internal.junit.runner.RemoteTestRunner.main(RemoteTestRunner.java:209) [.cp/:?]
22:41:19 ERROR DataValidator - Catching
java.lang.NullPointerException: null
	at main.java.by.epam.web.unit2.validator.DataValidator.makeValidData(DataValidator.java:36) [bin/:?]
	at test.java.by.epam.web.unit2.DataValidatorTest.makeValidDataTest(DataValidatorTest.java:19) [bin/:?]
	at sun.reflect.NativeMethodAccessorImpl.invoke0(Native Method) ~[?:1.8.0_221]
	at sun.reflect.NativeMethodAccessorImpl.invoke(Unknown Source) ~[?:1.8.0_221]
	at sun.reflect.DelegatingMethodAccessorImpl.invoke(Unknown Source) ~[?:1.8.0_221]
	at java.lang.reflect.Method.invoke(Unknown Source) ~[?:1.8.0_221]
	at org.junit.runners.model.FrameworkMethod$1.runReflectiveCall(FrameworkMethod.java:59) [junit-4.13-rc-1.jar:4.13-rc-1]
	at org.junit.internal.runners.model.ReflectiveCallable.run(ReflectiveCallable.java:12) [junit-4.13-rc-1.jar:4.13-rc-1]
	at org.junit.runners.model.FrameworkMethod.invokeExplosively(FrameworkMethod.java:56) [junit-4.13-rc-1.jar:4.13-rc-1]
	at org.junit.internal.runners.statements.InvokeMethod.evaluate(InvokeMethod.java:17) [junit-4.13-rc-1.jar:4.13-rc-1]
	at org.junit.runners.ParentRunner$3.evaluate(ParentRunner.java:305) [junit-4.13-rc-1.jar:4.13-rc-1]
	at org.junit.runners.BlockJUnit4ClassRunner$1.evaluate(BlockJUnit4ClassRunner.java:100) [junit-4.13-rc-1.jar:4.13-rc-1]
	at org.junit.runners.ParentRunner.runLeaf(ParentRunner.java:365) [junit-4.13-rc-1.jar:4.13-rc-1]
	at org.junit.runners.BlockJUnit4ClassRunner.runChild(BlockJUnit4ClassRunner.java:103) [junit-4.13-rc-1.jar:4.13-rc-1]
	at org.junit.runners.BlockJUnit4ClassRunner.runChild(BlockJUnit4ClassRunner.java:63) [junit-4.13-rc-1.jar:4.13-rc-1]
	at org.junit.runners.ParentRunner$4.run(ParentRunner.java:330) [junit-4.13-rc-1.jar:4.13-rc-1]
	at org.junit.runners.ParentRunner$1.schedule(ParentRunner.java:78) [junit-4.13-rc-1.jar:4.13-rc-1]
	at org.junit.runners.ParentRunner.runChildren(ParentRunner.java:328) [junit-4.13-rc-1.jar:4.13-rc-1]
	at org.junit.runners.ParentRunner.access$100(ParentRunner.java:65) [junit-4.13-rc-1.jar:4.13-rc-1]
	at org.junit.runners.ParentRunner$2.evaluate(ParentRunner.java:292) [junit-4.13-rc-1.jar:4.13-rc-1]
	at org.junit.runners.ParentRunner$3.evaluate(ParentRunner.java:305) [junit-4.13-rc-1.jar:4.13-rc-1]
	at org.junit.runners.ParentRunner.run(ParentRunner.java:412) [junit-4.13-rc-1.jar:4.13-rc-1]
	at org.eclipse.jdt.internal.junit4.runner.JUnit4TestReference.run(JUnit4TestReference.java:89) [.cp/:?]
	at org.eclipse.jdt.internal.junit.runner.TestExecution.run(TestExecution.java:41) [.cp/:?]
	at org.eclipse.jdt.internal.junit.runner.RemoteTestRunner.runTests(RemoteTestRunner.java:541) [.cp/:?]
	at org.eclipse.jdt.internal.junit.runner.RemoteTestRunner.runTests(RemoteTestRunner.java:763) [.cp/:?]
	at org.eclipse.jdt.internal.junit.runner.RemoteTestRunner.run(RemoteTestRunner.java:463) [.cp/:?]
	at org.eclipse.jdt.internal.junit.runner.RemoteTestRunner.main(RemoteTestRunner.java:209) [.cp/:?]
22:41:19 ERROR DataValidator - Catching
java.lang.NullPointerException: null
	at main.java.by.epam.web.unit2.validator.DataValidator.makeValidData(DataValidator.java:36) [bin/:?]
	at test.java.by.epam.web.unit2.DataValidatorTest.makeValidDataTest(DataValidatorTest.java:19) [bin/:?]
	at sun.reflect.NativeMethodAccessorImpl.invoke0(Native Method) ~[?:1.8.0_221]
	at sun.reflect.NativeMethodAccessorImpl.invoke(Unknown Source) ~[?:1.8.0_221]
	at sun.reflect.DelegatingMethodAccessorImpl.invoke(Unknown Source) ~[?:1.8.0_221]
	at java.lang.reflect.Method.invoke(Unknown Source) ~[?:1.8.0_221]
	at org.junit.runners.model.FrameworkMethod$1.runReflectiveCall(FrameworkMethod.java:59) [junit-4.13-rc-1.jar:4.13-rc-1]
	at org.junit.internal.runners.model.ReflectiveCallable.run(ReflectiveCallable.java:12) [junit-4.13-rc-1.jar:4.13-rc-1]
	at org.junit.runners.model.FrameworkMethod.invokeExplosively(FrameworkMethod.java:56) [junit-4.13-rc-1.jar:4.13-rc-1]
	at org.junit.internal.runners.statements.InvokeMethod.evaluate(InvokeMethod.java:17) [junit-4.13-rc-1.jar:4.13-rc-1]
	at org.junit.runners.ParentRunner$3.evaluate(ParentRunner.java:305) [junit-4.13-rc-1.jar:4.13-rc-1]
	at org.junit.runners.BlockJUnit4ClassRunner$1.evaluate(BlockJUnit4ClassRunner.java:100) [junit-4.13-rc-1.jar:4.13-rc-1]
	at org.junit.runners.ParentRunner.runLeaf(ParentRunner.java:365) [junit-4.13-rc-1.jar:4.13-rc-1]
	at org.junit.runners.BlockJUnit4ClassRunner.runChild(BlockJUnit4ClassRunner.java:103) [junit-4.13-rc-1.jar:4.13-rc-1]
	at org.junit.runners.BlockJUnit4ClassRunner.runChild(BlockJUnit4ClassRunner.java:63) [junit-4.13-rc-1.jar:4.13-rc-1]
	at org.junit.runners.ParentRunner$4.run(ParentRunner.java:330) [junit-4.13-rc-1.jar:4.13-rc-1]
	at org.junit.runners.ParentRunner$1.schedule(ParentRunner.java:78) [junit-4.13-rc-1.jar:4.13-rc-1]
	at org.junit.runners.ParentRunner.runChildren(ParentRunner.java:328) [junit-4.13-rc-1.jar:4.13-rc-1]
	at org.junit.runners.ParentRunner.access$100(ParentRunner.java:65) [junit-4.13-rc-1.jar:4.13-rc-1]
	at org.junit.runners.ParentRunner$2.evaluate(ParentRunner.java:292) [junit-4.13-rc-1.jar:4.13-rc-1]
	at org.junit.runners.ParentRunner$3.evaluate(ParentRunner.java:305) [junit-4.13-rc-1.jar:4.13-rc-1]
	at org.junit.runners.ParentRunner.run(ParentRunner.java:412) [junit-4.13-rc-1.jar:4.13-rc-1]
	at org.eclipse.jdt.internal.junit4.runner.JUnit4TestReference.run(JUnit4TestReference.java:89) [.cp/:?]
	at org.eclipse.jdt.internal.junit.runner.TestExecution.run(TestExecution.java:41) [.cp/:?]
	at org.eclipse.jdt.internal.junit.runner.RemoteTestRunner.runTests(RemoteTestRunner.java:541) [.cp/:?]
	at org.eclipse.jdt.internal.junit.runner.RemoteTestRunner.runTests(RemoteTestRunner.java:763) [.cp/:?]
	at org.eclipse.jdt.internal.junit.runner.RemoteTestRunner.run(RemoteTestRunner.java:463) [.cp/:?]
	at org.eclipse.jdt.internal.junit.runner.RemoteTestRunner.main(RemoteTestRunner.java:209) [.cp/:?]
22:41:19 ERROR DataValidator - Catching
java.lang.NullPointerException: null
	at main.java.by.epam.web.unit2.validator.DataValidator.makeValidData(DataValidator.java:36) [bin/:?]
	at test.java.by.epam.web.unit2.DataValidatorTest.makeValidDataTest(DataValidatorTest.java:19) [bin/:?]
	at sun.reflect.NativeMethodAccessorImpl.invoke0(Native Method) ~[?:1.8.0_221]
	at sun.reflect.NativeMethodAccessorImpl.invoke(Unknown Source) ~[?:1.8.0_221]
	at sun.reflect.DelegatingMethodAccessorImpl.invoke(Unknown Source) ~[?:1.8.0_221]
	at java.lang.reflect.Method.invoke(Unknown Source) ~[?:1.8.0_221]
	at org.junit.runners.model.FrameworkMethod$1.runReflectiveCall(FrameworkMethod.java:59) [junit-4.13-rc-1.jar:4.13-rc-1]
	at org.junit.internal.runners.model.ReflectiveCallable.run(ReflectiveCallable.java:12) [junit-4.13-rc-1.jar:4.13-rc-1]
	at org.junit.runners.model.FrameworkMethod.invokeExplosively(FrameworkMethod.java:56) [junit-4.13-rc-1.jar:4.13-rc-1]
	at org.junit.internal.runners.statements.InvokeMethod.evaluate(InvokeMethod.java:17) [junit-4.13-rc-1.jar:4.13-rc-1]
	at org.junit.runners.ParentRunner$3.evaluate(ParentRunner.java:305) [junit-4.13-rc-1.jar:4.13-rc-1]
	at org.junit.runners.BlockJUnit4ClassRunner$1.evaluate(BlockJUnit4ClassRunner.java:100) [junit-4.13-rc-1.jar:4.13-rc-1]
	at org.junit.runners.ParentRunner.runLeaf(ParentRunner.java:365) [junit-4.13-rc-1.jar:4.13-rc-1]
	at org.junit.runners.BlockJUnit4ClassRunner.runChild(BlockJUnit4ClassRunner.java:103) [junit-4.13-rc-1.jar:4.13-rc-1]
	at org.junit.runners.BlockJUnit4ClassRunner.runChild(BlockJUnit4ClassRunner.java:63) [junit-4.13-rc-1.jar:4.13-rc-1]
	at org.junit.runners.ParentRunner$4.run(ParentRunner.java:330) [junit-4.13-rc-1.jar:4.13-rc-1]
	at org.junit.runners.ParentRunner$1.schedule(ParentRunner.java:78) [junit-4.13-rc-1.jar:4.13-rc-1]
	at org.junit.runners.ParentRunner.runChildren(ParentRunner.java:328) [junit-4.13-rc-1.jar:4.13-rc-1]
	at org.junit.runners.ParentRunner.access$100(ParentRunner.java:65) [junit-4.13-rc-1.jar:4.13-rc-1]
	at org.junit.runners.ParentRunner$2.evaluate(ParentRunner.java:292) [junit-4.13-rc-1.jar:4.13-rc-1]
	at org.junit.runners.ParentRunner$3.evaluate(ParentRunner.java:305) [junit-4.13-rc-1.jar:4.13-rc-1]
	at org.junit.runners.ParentRunner.run(ParentRunner.java:412) [junit-4.13-rc-1.jar:4.13-rc-1]
	at org.eclipse.jdt.internal.junit4.runner.JUnit4TestReference.run(JUnit4TestReference.java:89) [.cp/:?]
	at org.eclipse.jdt.internal.junit.runner.TestExecution.run(TestExecution.java:41) [.cp/:?]
	at org.eclipse.jdt.internal.junit.runner.RemoteTestRunner.runTests(RemoteTestRunner.java:541) [.cp/:?]
	at org.eclipse.jdt.internal.junit.runner.RemoteTestRunner.runTests(RemoteTestRunner.java:763) [.cp/:?]
	at org.eclipse.jdt.internal.junit.runner.RemoteTestRunner.run(RemoteTestRunner.java:463) [.cp/:?]
	at org.eclipse.jdt.internal.junit.runner.RemoteTestRunner.main(RemoteTestRunner.java:209) [.cp/:?]
22:41:33 ERROR DataValidator - Catching
java.lang.NullPointerException: null
	at main.java.by.epam.web.unit2.validator.DataValidator.makeValidData(DataValidator.java:36) [bin/:?]
	at test.java.by.epam.web.unit2.DataValidatorTest.makeValidDataTest(DataValidatorTest.java:19) [bin/:?]
	at sun.reflect.NativeMethodAccessorImpl.invoke0(Native Method) ~[?:1.8.0_221]
	at sun.reflect.NativeMethodAccessorImpl.invoke(Unknown Source) ~[?:1.8.0_221]
	at sun.reflect.DelegatingMethodAccessorImpl.invoke(Unknown Source) ~[?:1.8.0_221]
	at java.lang.reflect.Method.invoke(Unknown Source) ~[?:1.8.0_221]
	at org.junit.runners.model.FrameworkMethod$1.runReflectiveCall(FrameworkMethod.java:59) [junit-4.13-rc-1.jar:4.13-rc-1]
	at org.junit.internal.runners.model.ReflectiveCallable.run(ReflectiveCallable.java:12) [junit-4.13-rc-1.jar:4.13-rc-1]
	at org.junit.runners.model.FrameworkMethod.invokeExplosively(FrameworkMethod.java:56) [junit-4.13-rc-1.jar:4.13-rc-1]
	at org.junit.internal.runners.statements.InvokeMethod.evaluate(InvokeMethod.java:17) [junit-4.13-rc-1.jar:4.13-rc-1]
	at org.junit.runners.ParentRunner$3.evaluate(ParentRunner.java:305) [junit-4.13-rc-1.jar:4.13-rc-1]
	at org.junit.runners.BlockJUnit4ClassRunner$1.evaluate(BlockJUnit4ClassRunner.java:100) [junit-4.13-rc-1.jar:4.13-rc-1]
	at org.junit.runners.ParentRunner.runLeaf(ParentRunner.java:365) [junit-4.13-rc-1.jar:4.13-rc-1]
	at org.junit.runners.BlockJUnit4ClassRunner.runChild(BlockJUnit4ClassRunner.java:103) [junit-4.13-rc-1.jar:4.13-rc-1]
	at org.junit.runners.BlockJUnit4ClassRunner.runChild(BlockJUnit4ClassRunner.java:63) [junit-4.13-rc-1.jar:4.13-rc-1]
	at org.junit.runners.ParentRunner$4.run(ParentRunner.java:330) [junit-4.13-rc-1.jar:4.13-rc-1]
	at org.junit.runners.ParentRunner$1.schedule(ParentRunner.java:78) [junit-4.13-rc-1.jar:4.13-rc-1]
	at org.junit.runners.ParentRunner.runChildren(ParentRunner.java:328) [junit-4.13-rc-1.jar:4.13-rc-1]
	at org.junit.runners.ParentRunner.access$100(ParentRunner.java:65) [junit-4.13-rc-1.jar:4.13-rc-1]
	at org.junit.runners.ParentRunner$2.evaluate(ParentRunner.java:292) [junit-4.13-rc-1.jar:4.13-rc-1]
	at org.junit.runners.ParentRunner$3.evaluate(ParentRunner.java:305) [junit-4.13-rc-1.jar:4.13-rc-1]
	at org.junit.runners.ParentRunner.run(ParentRunner.java:412) [junit-4.13-rc-1.jar:4.13-rc-1]
	at org.eclipse.jdt.internal.junit4.runner.JUnit4TestReference.run(JUnit4TestReference.java:89) [.cp/:?]
	at org.eclipse.jdt.internal.junit.runner.TestExecution.run(TestExecution.java:41) [.cp/:?]
	at org.eclipse.jdt.internal.junit.runner.RemoteTestRunner.runTests(RemoteTestRunner.java:541) [.cp/:?]
	at org.eclipse.jdt.internal.junit.runner.RemoteTestRunner.runTests(RemoteTestRunner.java:763) [.cp/:?]
	at org.eclipse.jdt.internal.junit.runner.RemoteTestRunner.run(RemoteTestRunner.java:463) [.cp/:?]
	at org.eclipse.jdt.internal.junit.runner.RemoteTestRunner.main(RemoteTestRunner.java:209) [.cp/:?]
22:41:33 ERROR DataValidator - Catching
java.lang.NullPointerException: null
	at main.java.by.epam.web.unit2.validator.DataValidator.makeValidData(DataValidator.java:36) [bin/:?]
	at test.java.by.epam.web.unit2.DataValidatorTest.makeValidDataTest(DataValidatorTest.java:19) [bin/:?]
	at sun.reflect.NativeMethodAccessorImpl.invoke0(Native Method) ~[?:1.8.0_221]
	at sun.reflect.NativeMethodAccessorImpl.invoke(Unknown Source) ~[?:1.8.0_221]
	at sun.reflect.DelegatingMethodAccessorImpl.invoke(Unknown Source) ~[?:1.8.0_221]
	at java.lang.reflect.Method.invoke(Unknown Source) ~[?:1.8.0_221]
	at org.junit.runners.model.FrameworkMethod$1.runReflectiveCall(FrameworkMethod.java:59) [junit-4.13-rc-1.jar:4.13-rc-1]
	at org.junit.internal.runners.model.ReflectiveCallable.run(ReflectiveCallable.java:12) [junit-4.13-rc-1.jar:4.13-rc-1]
	at org.junit.runners.model.FrameworkMethod.invokeExplosively(FrameworkMethod.java:56) [junit-4.13-rc-1.jar:4.13-rc-1]
	at org.junit.internal.runners.statements.InvokeMethod.evaluate(InvokeMethod.java:17) [junit-4.13-rc-1.jar:4.13-rc-1]
	at org.junit.runners.ParentRunner$3.evaluate(ParentRunner.java:305) [junit-4.13-rc-1.jar:4.13-rc-1]
	at org.junit.runners.BlockJUnit4ClassRunner$1.evaluate(BlockJUnit4ClassRunner.java:100) [junit-4.13-rc-1.jar:4.13-rc-1]
	at org.junit.runners.ParentRunner.runLeaf(ParentRunner.java:365) [junit-4.13-rc-1.jar:4.13-rc-1]
	at org.junit.runners.BlockJUnit4ClassRunner.runChild(BlockJUnit4ClassRunner.java:103) [junit-4.13-rc-1.jar:4.13-rc-1]
	at org.junit.runners.BlockJUnit4ClassRunner.runChild(BlockJUnit4ClassRunner.java:63) [junit-4.13-rc-1.jar:4.13-rc-1]
	at org.junit.runners.ParentRunner$4.run(ParentRunner.java:330) [junit-4.13-rc-1.jar:4.13-rc-1]
	at org.junit.runners.ParentRunner$1.schedule(ParentRunner.java:78) [junit-4.13-rc-1.jar:4.13-rc-1]
	at org.junit.runners.ParentRunner.runChildren(ParentRunner.java:328) [junit-4.13-rc-1.jar:4.13-rc-1]
	at org.junit.runners.ParentRunner.access$100(ParentRunner.java:65) [junit-4.13-rc-1.jar:4.13-rc-1]
	at org.junit.runners.ParentRunner$2.evaluate(ParentRunner.java:292) [junit-4.13-rc-1.jar:4.13-rc-1]
	at org.junit.runners.ParentRunner$3.evaluate(ParentRunner.java:305) [junit-4.13-rc-1.jar:4.13-rc-1]
	at org.junit.runners.ParentRunner.run(ParentRunner.java:412) [junit-4.13-rc-1.jar:4.13-rc-1]
	at org.eclipse.jdt.internal.junit4.runner.JUnit4TestReference.run(JUnit4TestReference.java:89) [.cp/:?]
	at org.eclipse.jdt.internal.junit.runner.TestExecution.run(TestExecution.java:41) [.cp/:?]
	at org.eclipse.jdt.internal.junit.runner.RemoteTestRunner.runTests(RemoteTestRunner.java:541) [.cp/:?]
	at org.eclipse.jdt.internal.junit.runner.RemoteTestRunner.runTests(RemoteTestRunner.java:763) [.cp/:?]
	at org.eclipse.jdt.internal.junit.runner.RemoteTestRunner.run(RemoteTestRunner.java:463) [.cp/:?]
	at org.eclipse.jdt.internal.junit.runner.RemoteTestRunner.main(RemoteTestRunner.java:209) [.cp/:?]
22:41:33 ERROR DataValidator - Catching
java.lang.NullPointerException: null
	at main.java.by.epam.web.unit2.validator.DataValidator.makeValidData(DataValidator.java:36) [bin/:?]
	at test.java.by.epam.web.unit2.DataValidatorTest.makeValidDataTest(DataValidatorTest.java:19) [bin/:?]
	at sun.reflect.NativeMethodAccessorImpl.invoke0(Native Method) ~[?:1.8.0_221]
	at sun.reflect.NativeMethodAccessorImpl.invoke(Unknown Source) ~[?:1.8.0_221]
	at sun.reflect.DelegatingMethodAccessorImpl.invoke(Unknown Source) ~[?:1.8.0_221]
	at java.lang.reflect.Method.invoke(Unknown Source) ~[?:1.8.0_221]
	at org.junit.runners.model.FrameworkMethod$1.runReflectiveCall(FrameworkMethod.java:59) [junit-4.13-rc-1.jar:4.13-rc-1]
	at org.junit.internal.runners.model.ReflectiveCallable.run(ReflectiveCallable.java:12) [junit-4.13-rc-1.jar:4.13-rc-1]
	at org.junit.runners.model.FrameworkMethod.invokeExplosively(FrameworkMethod.java:56) [junit-4.13-rc-1.jar:4.13-rc-1]
	at org.junit.internal.runners.statements.InvokeMethod.evaluate(InvokeMethod.java:17) [junit-4.13-rc-1.jar:4.13-rc-1]
	at org.junit.runners.ParentRunner$3.evaluate(ParentRunner.java:305) [junit-4.13-rc-1.jar:4.13-rc-1]
	at org.junit.runners.BlockJUnit4ClassRunner$1.evaluate(BlockJUnit4ClassRunner.java:100) [junit-4.13-rc-1.jar:4.13-rc-1]
	at org.junit.runners.ParentRunner.runLeaf(ParentRunner.java:365) [junit-4.13-rc-1.jar:4.13-rc-1]
	at org.junit.runners.BlockJUnit4ClassRunner.runChild(BlockJUnit4ClassRunner.java:103) [junit-4.13-rc-1.jar:4.13-rc-1]
	at org.junit.runners.BlockJUnit4ClassRunner.runChild(BlockJUnit4ClassRunner.java:63) [junit-4.13-rc-1.jar:4.13-rc-1]
	at org.junit.runners.ParentRunner$4.run(ParentRunner.java:330) [junit-4.13-rc-1.jar:4.13-rc-1]
	at org.junit.runners.ParentRunner$1.schedule(ParentRunner.java:78) [junit-4.13-rc-1.jar:4.13-rc-1]
	at org.junit.runners.ParentRunner.runChildren(ParentRunner.java:328) [junit-4.13-rc-1.jar:4.13-rc-1]
	at org.junit.runners.ParentRunner.access$100(ParentRunner.java:65) [junit-4.13-rc-1.jar:4.13-rc-1]
	at org.junit.runners.ParentRunner$2.evaluate(ParentRunner.java:292) [junit-4.13-rc-1.jar:4.13-rc-1]
	at org.junit.runners.ParentRunner$3.evaluate(ParentRunner.java:305) [junit-4.13-rc-1.jar:4.13-rc-1]
	at org.junit.runners.ParentRunner.run(ParentRunner.java:412) [junit-4.13-rc-1.jar:4.13-rc-1]
	at org.eclipse.jdt.internal.junit4.runner.JUnit4TestReference.run(JUnit4TestReference.java:89) [.cp/:?]
	at org.eclipse.jdt.internal.junit.runner.TestExecution.run(TestExecution.java:41) [.cp/:?]
	at org.eclipse.jdt.internal.junit.runner.RemoteTestRunner.runTests(RemoteTestRunner.java:541) [.cp/:?]
	at org.eclipse.jdt.internal.junit.runner.RemoteTestRunner.runTests(RemoteTestRunner.java:763) [.cp/:?]
	at org.eclipse.jdt.internal.junit.runner.RemoteTestRunner.run(RemoteTestRunner.java:463) [.cp/:?]
	at org.eclipse.jdt.internal.junit.runner.RemoteTestRunner.main(RemoteTestRunner.java:209) [.cp/:?]
22:41:33 ERROR DataValidator - Catching
java.lang.NullPointerException: null
	at main.java.by.epam.web.unit2.validator.DataValidator.makeValidData(DataValidator.java:36) [bin/:?]
	at test.java.by.epam.web.unit2.DataValidatorTest.makeValidDataTest(DataValidatorTest.java:19) [bin/:?]
	at sun.reflect.NativeMethodAccessorImpl.invoke0(Native Method) ~[?:1.8.0_221]
	at sun.reflect.NativeMethodAccessorImpl.invoke(Unknown Source) ~[?:1.8.0_221]
	at sun.reflect.DelegatingMethodAccessorImpl.invoke(Unknown Source) ~[?:1.8.0_221]
	at java.lang.reflect.Method.invoke(Unknown Source) ~[?:1.8.0_221]
	at org.junit.runners.model.FrameworkMethod$1.runReflectiveCall(FrameworkMethod.java:59) [junit-4.13-rc-1.jar:4.13-rc-1]
	at org.junit.internal.runners.model.ReflectiveCallable.run(ReflectiveCallable.java:12) [junit-4.13-rc-1.jar:4.13-rc-1]
	at org.junit.runners.model.FrameworkMethod.invokeExplosively(FrameworkMethod.java:56) [junit-4.13-rc-1.jar:4.13-rc-1]
	at org.junit.internal.runners.statements.InvokeMethod.evaluate(InvokeMethod.java:17) [junit-4.13-rc-1.jar:4.13-rc-1]
	at org.junit.runners.ParentRunner$3.evaluate(ParentRunner.java:305) [junit-4.13-rc-1.jar:4.13-rc-1]
	at org.junit.runners.BlockJUnit4ClassRunner$1.evaluate(BlockJUnit4ClassRunner.java:100) [junit-4.13-rc-1.jar:4.13-rc-1]
	at org.junit.runners.ParentRunner.runLeaf(ParentRunner.java:365) [junit-4.13-rc-1.jar:4.13-rc-1]
	at org.junit.runners.BlockJUnit4ClassRunner.runChild(BlockJUnit4ClassRunner.java:103) [junit-4.13-rc-1.jar:4.13-rc-1]
	at org.junit.runners.BlockJUnit4ClassRunner.runChild(BlockJUnit4ClassRunner.java:63) [junit-4.13-rc-1.jar:4.13-rc-1]
	at org.junit.runners.ParentRunner$4.run(ParentRunner.java:330) [junit-4.13-rc-1.jar:4.13-rc-1]
	at org.junit.runners.ParentRunner$1.schedule(ParentRunner.java:78) [junit-4.13-rc-1.jar:4.13-rc-1]
	at org.junit.runners.ParentRunner.runChildren(ParentRunner.java:328) [junit-4.13-rc-1.jar:4.13-rc-1]
	at org.junit.runners.ParentRunner.access$100(ParentRunner.java:65) [junit-4.13-rc-1.jar:4.13-rc-1]
	at org.junit.runners.ParentRunner$2.evaluate(ParentRunner.java:292) [junit-4.13-rc-1.jar:4.13-rc-1]
	at org.junit.runners.ParentRunner$3.evaluate(ParentRunner.java:305) [junit-4.13-rc-1.jar:4.13-rc-1]
	at org.junit.runners.ParentRunner.run(ParentRunner.java:412) [junit-4.13-rc-1.jar:4.13-rc-1]
	at org.eclipse.jdt.internal.junit4.runner.JUnit4TestReference.run(JUnit4TestReference.java:89) [.cp/:?]
	at org.eclipse.jdt.internal.junit.runner.TestExecution.run(TestExecution.java:41) [.cp/:?]
	at org.eclipse.jdt.internal.junit.runner.RemoteTestRunner.runTests(RemoteTestRunner.java:541) [.cp/:?]
	at org.eclipse.jdt.internal.junit.runner.RemoteTestRunner.runTests(RemoteTestRunner.java:763) [.cp/:?]
	at org.eclipse.jdt.internal.junit.runner.RemoteTestRunner.run(RemoteTestRunner.java:463) [.cp/:?]
	at org.eclipse.jdt.internal.junit.runner.RemoteTestRunner.main(RemoteTestRunner.java:209) [.cp/:?]
22:41:33 ERROR DataValidator - Catching
java.lang.NullPointerException: null
	at main.java.by.epam.web.unit2.validator.DataValidator.makeValidData(DataValidator.java:36) [bin/:?]
	at test.java.by.epam.web.unit2.DataValidatorTest.makeValidDataTest(DataValidatorTest.java:19) [bin/:?]
	at sun.reflect.NativeMethodAccessorImpl.invoke0(Native Method) ~[?:1.8.0_221]
	at sun.reflect.NativeMethodAccessorImpl.invoke(Unknown Source) ~[?:1.8.0_221]
	at sun.reflect.DelegatingMethodAccessorImpl.invoke(Unknown Source) ~[?:1.8.0_221]
	at java.lang.reflect.Method.invoke(Unknown Source) ~[?:1.8.0_221]
	at org.junit.runners.model.FrameworkMethod$1.runReflectiveCall(FrameworkMethod.java:59) [junit-4.13-rc-1.jar:4.13-rc-1]
	at org.junit.internal.runners.model.ReflectiveCallable.run(ReflectiveCallable.java:12) [junit-4.13-rc-1.jar:4.13-rc-1]
	at org.junit.runners.model.FrameworkMethod.invokeExplosively(FrameworkMethod.java:56) [junit-4.13-rc-1.jar:4.13-rc-1]
	at org.junit.internal.runners.statements.InvokeMethod.evaluate(InvokeMethod.java:17) [junit-4.13-rc-1.jar:4.13-rc-1]
	at org.junit.runners.ParentRunner$3.evaluate(ParentRunner.java:305) [junit-4.13-rc-1.jar:4.13-rc-1]
	at org.junit.runners.BlockJUnit4ClassRunner$1.evaluate(BlockJUnit4ClassRunner.java:100) [junit-4.13-rc-1.jar:4.13-rc-1]
	at org.junit.runners.ParentRunner.runLeaf(ParentRunner.java:365) [junit-4.13-rc-1.jar:4.13-rc-1]
	at org.junit.runners.BlockJUnit4ClassRunner.runChild(BlockJUnit4ClassRunner.java:103) [junit-4.13-rc-1.jar:4.13-rc-1]
	at org.junit.runners.BlockJUnit4ClassRunner.runChild(BlockJUnit4ClassRunner.java:63) [junit-4.13-rc-1.jar:4.13-rc-1]
	at org.junit.runners.ParentRunner$4.run(ParentRunner.java:330) [junit-4.13-rc-1.jar:4.13-rc-1]
	at org.junit.runners.ParentRunner$1.schedule(ParentRunner.java:78) [junit-4.13-rc-1.jar:4.13-rc-1]
	at org.junit.runners.ParentRunner.runChildren(ParentRunner.java:328) [junit-4.13-rc-1.jar:4.13-rc-1]
	at org.junit.runners.ParentRunner.access$100(ParentRunner.java:65) [junit-4.13-rc-1.jar:4.13-rc-1]
	at org.junit.runners.ParentRunner$2.evaluate(ParentRunner.java:292) [junit-4.13-rc-1.jar:4.13-rc-1]
	at org.junit.runners.ParentRunner$3.evaluate(ParentRunner.java:305) [junit-4.13-rc-1.jar:4.13-rc-1]
	at org.junit.runners.ParentRunner.run(ParentRunner.java:412) [junit-4.13-rc-1.jar:4.13-rc-1]
	at org.eclipse.jdt.internal.junit4.runner.JUnit4TestReference.run(JUnit4TestReference.java:89) [.cp/:?]
	at org.eclipse.jdt.internal.junit.runner.TestExecution.run(TestExecution.java:41) [.cp/:?]
	at org.eclipse.jdt.internal.junit.runner.RemoteTestRunner.runTests(RemoteTestRunner.java:541) [.cp/:?]
	at org.eclipse.jdt.internal.junit.runner.RemoteTestRunner.runTests(RemoteTestRunner.java:763) [.cp/:?]
	at org.eclipse.jdt.internal.junit.runner.RemoteTestRunner.run(RemoteTestRunner.java:463) [.cp/:?]
	at org.eclipse.jdt.internal.junit.runner.RemoteTestRunner.main(RemoteTestRunner.java:209) [.cp/:?]
22:41:33 ERROR DataValidator - Catching
java.lang.NullPointerException: null
	at main.java.by.epam.web.unit2.validator.DataValidator.makeValidData(DataValidator.java:36) [bin/:?]
	at test.java.by.epam.web.unit2.DataValidatorTest.makeValidDataTest(DataValidatorTest.java:19) [bin/:?]
	at sun.reflect.NativeMethodAccessorImpl.invoke0(Native Method) ~[?:1.8.0_221]
	at sun.reflect.NativeMethodAccessorImpl.invoke(Unknown Source) ~[?:1.8.0_221]
	at sun.reflect.DelegatingMethodAccessorImpl.invoke(Unknown Source) ~[?:1.8.0_221]
	at java.lang.reflect.Method.invoke(Unknown Source) ~[?:1.8.0_221]
	at org.junit.runners.model.FrameworkMethod$1.runReflectiveCall(FrameworkMethod.java:59) [junit-4.13-rc-1.jar:4.13-rc-1]
	at org.junit.internal.runners.model.ReflectiveCallable.run(ReflectiveCallable.java:12) [junit-4.13-rc-1.jar:4.13-rc-1]
	at org.junit.runners.model.FrameworkMethod.invokeExplosively(FrameworkMethod.java:56) [junit-4.13-rc-1.jar:4.13-rc-1]
	at org.junit.internal.runners.statements.InvokeMethod.evaluate(InvokeMethod.java:17) [junit-4.13-rc-1.jar:4.13-rc-1]
	at org.junit.runners.ParentRunner$3.evaluate(ParentRunner.java:305) [junit-4.13-rc-1.jar:4.13-rc-1]
	at org.junit.runners.BlockJUnit4ClassRunner$1.evaluate(BlockJUnit4ClassRunner.java:100) [junit-4.13-rc-1.jar:4.13-rc-1]
	at org.junit.runners.ParentRunner.runLeaf(ParentRunner.java:365) [junit-4.13-rc-1.jar:4.13-rc-1]
	at org.junit.runners.BlockJUnit4ClassRunner.runChild(BlockJUnit4ClassRunner.java:103) [junit-4.13-rc-1.jar:4.13-rc-1]
	at org.junit.runners.BlockJUnit4ClassRunner.runChild(BlockJUnit4ClassRunner.java:63) [junit-4.13-rc-1.jar:4.13-rc-1]
	at org.junit.runners.ParentRunner$4.run(ParentRunner.java:330) [junit-4.13-rc-1.jar:4.13-rc-1]
	at org.junit.runners.ParentRunner$1.schedule(ParentRunner.java:78) [junit-4.13-rc-1.jar:4.13-rc-1]
	at org.junit.runners.ParentRunner.runChildren(ParentRunner.java:328) [junit-4.13-rc-1.jar:4.13-rc-1]
	at org.junit.runners.ParentRunner.access$100(ParentRunner.java:65) [junit-4.13-rc-1.jar:4.13-rc-1]
	at org.junit.runners.ParentRunner$2.evaluate(ParentRunner.java:292) [junit-4.13-rc-1.jar:4.13-rc-1]
	at org.junit.runners.ParentRunner$3.evaluate(ParentRunner.java:305) [junit-4.13-rc-1.jar:4.13-rc-1]
	at org.junit.runners.ParentRunner.run(ParentRunner.java:412) [junit-4.13-rc-1.jar:4.13-rc-1]
	at org.eclipse.jdt.internal.junit4.runner.JUnit4TestReference.run(JUnit4TestReference.java:89) [.cp/:?]
	at org.eclipse.jdt.internal.junit.runner.TestExecution.run(TestExecution.java:41) [.cp/:?]
	at org.eclipse.jdt.internal.junit.runner.RemoteTestRunner.runTests(RemoteTestRunner.java:541) [.cp/:?]
	at org.eclipse.jdt.internal.junit.runner.RemoteTestRunner.runTests(RemoteTestRunner.java:763) [.cp/:?]
	at org.eclipse.jdt.internal.junit.runner.RemoteTestRunner.run(RemoteTestRunner.java:463) [.cp/:?]
	at org.eclipse.jdt.internal.junit.runner.RemoteTestRunner.main(RemoteTestRunner.java:209) [.cp/:?]
22:41:33 ERROR DataValidator - Catching
java.lang.NullPointerException: null
	at main.java.by.epam.web.unit2.validator.DataValidator.makeValidData(DataValidator.java:36) [bin/:?]
	at test.java.by.epam.web.unit2.DataValidatorTest.makeValidDataTest(DataValidatorTest.java:19) [bin/:?]
	at sun.reflect.NativeMethodAccessorImpl.invoke0(Native Method) ~[?:1.8.0_221]
	at sun.reflect.NativeMethodAccessorImpl.invoke(Unknown Source) ~[?:1.8.0_221]
	at sun.reflect.DelegatingMethodAccessorImpl.invoke(Unknown Source) ~[?:1.8.0_221]
	at java.lang.reflect.Method.invoke(Unknown Source) ~[?:1.8.0_221]
	at org.junit.runners.model.FrameworkMethod$1.runReflectiveCall(FrameworkMethod.java:59) [junit-4.13-rc-1.jar:4.13-rc-1]
	at org.junit.internal.runners.model.ReflectiveCallable.run(ReflectiveCallable.java:12) [junit-4.13-rc-1.jar:4.13-rc-1]
	at org.junit.runners.model.FrameworkMethod.invokeExplosively(FrameworkMethod.java:56) [junit-4.13-rc-1.jar:4.13-rc-1]
	at org.junit.internal.runners.statements.InvokeMethod.evaluate(InvokeMethod.java:17) [junit-4.13-rc-1.jar:4.13-rc-1]
	at org.junit.runners.ParentRunner$3.evaluate(ParentRunner.java:305) [junit-4.13-rc-1.jar:4.13-rc-1]
	at org.junit.runners.BlockJUnit4ClassRunner$1.evaluate(BlockJUnit4ClassRunner.java:100) [junit-4.13-rc-1.jar:4.13-rc-1]
	at org.junit.runners.ParentRunner.runLeaf(ParentRunner.java:365) [junit-4.13-rc-1.jar:4.13-rc-1]
	at org.junit.runners.BlockJUnit4ClassRunner.runChild(BlockJUnit4ClassRunner.java:103) [junit-4.13-rc-1.jar:4.13-rc-1]
	at org.junit.runners.BlockJUnit4ClassRunner.runChild(BlockJUnit4ClassRunner.java:63) [junit-4.13-rc-1.jar:4.13-rc-1]
	at org.junit.runners.ParentRunner$4.run(ParentRunner.java:330) [junit-4.13-rc-1.jar:4.13-rc-1]
	at org.junit.runners.ParentRunner$1.schedule(ParentRunner.java:78) [junit-4.13-rc-1.jar:4.13-rc-1]
	at org.junit.runners.ParentRunner.runChildren(ParentRunner.java:328) [junit-4.13-rc-1.jar:4.13-rc-1]
	at org.junit.runners.ParentRunner.access$100(ParentRunner.java:65) [junit-4.13-rc-1.jar:4.13-rc-1]
	at org.junit.runners.ParentRunner$2.evaluate(ParentRunner.java:292) [junit-4.13-rc-1.jar:4.13-rc-1]
	at org.junit.runners.ParentRunner$3.evaluate(ParentRunner.java:305) [junit-4.13-rc-1.jar:4.13-rc-1]
	at org.junit.runners.ParentRunner.run(ParentRunner.java:412) [junit-4.13-rc-1.jar:4.13-rc-1]
	at org.eclipse.jdt.internal.junit4.runner.JUnit4TestReference.run(JUnit4TestReference.java:89) [.cp/:?]
	at org.eclipse.jdt.internal.junit.runner.TestExecution.run(TestExecution.java:41) [.cp/:?]
	at org.eclipse.jdt.internal.junit.runner.RemoteTestRunner.runTests(RemoteTestRunner.java:541) [.cp/:?]
	at org.eclipse.jdt.internal.junit.runner.RemoteTestRunner.runTests(RemoteTestRunner.java:763) [.cp/:?]
	at org.eclipse.jdt.internal.junit.runner.RemoteTestRunner.run(RemoteTestRunner.java:463) [.cp/:?]
	at org.eclipse.jdt.internal.junit.runner.RemoteTestRunner.main(RemoteTestRunner.java:209) [.cp/:?]
22:41:33 ERROR DataValidator - Catching
java.lang.NullPointerException: null
	at main.java.by.epam.web.unit2.validator.DataValidator.makeValidData(DataValidator.java:36) [bin/:?]
	at test.java.by.epam.web.unit2.DataValidatorTest.makeValidDataTest(DataValidatorTest.java:19) [bin/:?]
	at sun.reflect.NativeMethodAccessorImpl.invoke0(Native Method) ~[?:1.8.0_221]
	at sun.reflect.NativeMethodAccessorImpl.invoke(Unknown Source) ~[?:1.8.0_221]
	at sun.reflect.DelegatingMethodAccessorImpl.invoke(Unknown Source) ~[?:1.8.0_221]
	at java.lang.reflect.Method.invoke(Unknown Source) ~[?:1.8.0_221]
	at org.junit.runners.model.FrameworkMethod$1.runReflectiveCall(FrameworkMethod.java:59) [junit-4.13-rc-1.jar:4.13-rc-1]
	at org.junit.internal.runners.model.ReflectiveCallable.run(ReflectiveCallable.java:12) [junit-4.13-rc-1.jar:4.13-rc-1]
	at org.junit.runners.model.FrameworkMethod.invokeExplosively(FrameworkMethod.java:56) [junit-4.13-rc-1.jar:4.13-rc-1]
	at org.junit.internal.runners.statements.InvokeMethod.evaluate(InvokeMethod.java:17) [junit-4.13-rc-1.jar:4.13-rc-1]
	at org.junit.runners.ParentRunner$3.evaluate(ParentRunner.java:305) [junit-4.13-rc-1.jar:4.13-rc-1]
	at org.junit.runners.BlockJUnit4ClassRunner$1.evaluate(BlockJUnit4ClassRunner.java:100) [junit-4.13-rc-1.jar:4.13-rc-1]
	at org.junit.runners.ParentRunner.runLeaf(ParentRunner.java:365) [junit-4.13-rc-1.jar:4.13-rc-1]
	at org.junit.runners.BlockJUnit4ClassRunner.runChild(BlockJUnit4ClassRunner.java:103) [junit-4.13-rc-1.jar:4.13-rc-1]
	at org.junit.runners.BlockJUnit4ClassRunner.runChild(BlockJUnit4ClassRunner.java:63) [junit-4.13-rc-1.jar:4.13-rc-1]
	at org.junit.runners.ParentRunner$4.run(ParentRunner.java:330) [junit-4.13-rc-1.jar:4.13-rc-1]
	at org.junit.runners.ParentRunner$1.schedule(ParentRunner.java:78) [junit-4.13-rc-1.jar:4.13-rc-1]
	at org.junit.runners.ParentRunner.runChildren(ParentRunner.java:328) [junit-4.13-rc-1.jar:4.13-rc-1]
	at org.junit.runners.ParentRunner.access$100(ParentRunner.java:65) [junit-4.13-rc-1.jar:4.13-rc-1]
	at org.junit.runners.ParentRunner$2.evaluate(ParentRunner.java:292) [junit-4.13-rc-1.jar:4.13-rc-1]
	at org.junit.runners.ParentRunner$3.evaluate(ParentRunner.java:305) [junit-4.13-rc-1.jar:4.13-rc-1]
	at org.junit.runners.ParentRunner.run(ParentRunner.java:412) [junit-4.13-rc-1.jar:4.13-rc-1]
	at org.eclipse.jdt.internal.junit4.runner.JUnit4TestReference.run(JUnit4TestReference.java:89) [.cp/:?]
	at org.eclipse.jdt.internal.junit.runner.TestExecution.run(TestExecution.java:41) [.cp/:?]
	at org.eclipse.jdt.internal.junit.runner.RemoteTestRunner.runTests(RemoteTestRunner.java:541) [.cp/:?]
	at org.eclipse.jdt.internal.junit.runner.RemoteTestRunner.runTests(RemoteTestRunner.java:763) [.cp/:?]
	at org.eclipse.jdt.internal.junit.runner.RemoteTestRunner.run(RemoteTestRunner.java:463) [.cp/:?]
	at org.eclipse.jdt.internal.junit.runner.RemoteTestRunner.main(RemoteTestRunner.java:209) [.cp/:?]
22:41:33 ERROR DataValidator - Catching
java.lang.NullPointerException: null
	at main.java.by.epam.web.unit2.validator.DataValidator.makeValidData(DataValidator.java:36) [bin/:?]
	at test.java.by.epam.web.unit2.DataValidatorTest.makeValidDataTest(DataValidatorTest.java:19) [bin/:?]
	at sun.reflect.NativeMethodAccessorImpl.invoke0(Native Method) ~[?:1.8.0_221]
	at sun.reflect.NativeMethodAccessorImpl.invoke(Unknown Source) ~[?:1.8.0_221]
	at sun.reflect.DelegatingMethodAccessorImpl.invoke(Unknown Source) ~[?:1.8.0_221]
	at java.lang.reflect.Method.invoke(Unknown Source) ~[?:1.8.0_221]
	at org.junit.runners.model.FrameworkMethod$1.runReflectiveCall(FrameworkMethod.java:59) [junit-4.13-rc-1.jar:4.13-rc-1]
	at org.junit.internal.runners.model.ReflectiveCallable.run(ReflectiveCallable.java:12) [junit-4.13-rc-1.jar:4.13-rc-1]
	at org.junit.runners.model.FrameworkMethod.invokeExplosively(FrameworkMethod.java:56) [junit-4.13-rc-1.jar:4.13-rc-1]
	at org.junit.internal.runners.statements.InvokeMethod.evaluate(InvokeMethod.java:17) [junit-4.13-rc-1.jar:4.13-rc-1]
	at org.junit.runners.ParentRunner$3.evaluate(ParentRunner.java:305) [junit-4.13-rc-1.jar:4.13-rc-1]
	at org.junit.runners.BlockJUnit4ClassRunner$1.evaluate(BlockJUnit4ClassRunner.java:100) [junit-4.13-rc-1.jar:4.13-rc-1]
	at org.junit.runners.ParentRunner.runLeaf(ParentRunner.java:365) [junit-4.13-rc-1.jar:4.13-rc-1]
	at org.junit.runners.BlockJUnit4ClassRunner.runChild(BlockJUnit4ClassRunner.java:103) [junit-4.13-rc-1.jar:4.13-rc-1]
	at org.junit.runners.BlockJUnit4ClassRunner.runChild(BlockJUnit4ClassRunner.java:63) [junit-4.13-rc-1.jar:4.13-rc-1]
	at org.junit.runners.ParentRunner$4.run(ParentRunner.java:330) [junit-4.13-rc-1.jar:4.13-rc-1]
	at org.junit.runners.ParentRunner$1.schedule(ParentRunner.java:78) [junit-4.13-rc-1.jar:4.13-rc-1]
	at org.junit.runners.ParentRunner.runChildren(ParentRunner.java:328) [junit-4.13-rc-1.jar:4.13-rc-1]
	at org.junit.runners.ParentRunner.access$100(ParentRunner.java:65) [junit-4.13-rc-1.jar:4.13-rc-1]
	at org.junit.runners.ParentRunner$2.evaluate(ParentRunner.java:292) [junit-4.13-rc-1.jar:4.13-rc-1]
	at org.junit.runners.ParentRunner$3.evaluate(ParentRunner.java:305) [junit-4.13-rc-1.jar:4.13-rc-1]
	at org.junit.runners.ParentRunner.run(ParentRunner.java:412) [junit-4.13-rc-1.jar:4.13-rc-1]
	at org.eclipse.jdt.internal.junit4.runner.JUnit4TestReference.run(JUnit4TestReference.java:89) [.cp/:?]
	at org.eclipse.jdt.internal.junit.runner.TestExecution.run(TestExecution.java:41) [.cp/:?]
	at org.eclipse.jdt.internal.junit.runner.RemoteTestRunner.runTests(RemoteTestRunner.java:541) [.cp/:?]
	at org.eclipse.jdt.internal.junit.runner.RemoteTestRunner.runTests(RemoteTestRunner.java:763) [.cp/:?]
	at org.eclipse.jdt.internal.junit.runner.RemoteTestRunner.run(RemoteTestRunner.java:463) [.cp/:?]
	at org.eclipse.jdt.internal.junit.runner.RemoteTestRunner.main(RemoteTestRunner.java:209) [.cp/:?]
22:41:33 ERROR DataValidator - Catching
java.lang.NullPointerException: null
	at main.java.by.epam.web.unit2.validator.DataValidator.makeValidData(DataValidator.java:36) [bin/:?]
	at test.java.by.epam.web.unit2.DataValidatorTest.makeValidDataTest(DataValidatorTest.java:19) [bin/:?]
	at sun.reflect.NativeMethodAccessorImpl.invoke0(Native Method) ~[?:1.8.0_221]
	at sun.reflect.NativeMethodAccessorImpl.invoke(Unknown Source) ~[?:1.8.0_221]
	at sun.reflect.DelegatingMethodAccessorImpl.invoke(Unknown Source) ~[?:1.8.0_221]
	at java.lang.reflect.Method.invoke(Unknown Source) ~[?:1.8.0_221]
	at org.junit.runners.model.FrameworkMethod$1.runReflectiveCall(FrameworkMethod.java:59) [junit-4.13-rc-1.jar:4.13-rc-1]
	at org.junit.internal.runners.model.ReflectiveCallable.run(ReflectiveCallable.java:12) [junit-4.13-rc-1.jar:4.13-rc-1]
	at org.junit.runners.model.FrameworkMethod.invokeExplosively(FrameworkMethod.java:56) [junit-4.13-rc-1.jar:4.13-rc-1]
	at org.junit.internal.runners.statements.InvokeMethod.evaluate(InvokeMethod.java:17) [junit-4.13-rc-1.jar:4.13-rc-1]
	at org.junit.runners.ParentRunner$3.evaluate(ParentRunner.java:305) [junit-4.13-rc-1.jar:4.13-rc-1]
	at org.junit.runners.BlockJUnit4ClassRunner$1.evaluate(BlockJUnit4ClassRunner.java:100) [junit-4.13-rc-1.jar:4.13-rc-1]
	at org.junit.runners.ParentRunner.runLeaf(ParentRunner.java:365) [junit-4.13-rc-1.jar:4.13-rc-1]
	at org.junit.runners.BlockJUnit4ClassRunner.runChild(BlockJUnit4ClassRunner.java:103) [junit-4.13-rc-1.jar:4.13-rc-1]
	at org.junit.runners.BlockJUnit4ClassRunner.runChild(BlockJUnit4ClassRunner.java:63) [junit-4.13-rc-1.jar:4.13-rc-1]
	at org.junit.runners.ParentRunner$4.run(ParentRunner.java:330) [junit-4.13-rc-1.jar:4.13-rc-1]
	at org.junit.runners.ParentRunner$1.schedule(ParentRunner.java:78) [junit-4.13-rc-1.jar:4.13-rc-1]
	at org.junit.runners.ParentRunner.runChildren(ParentRunner.java:328) [junit-4.13-rc-1.jar:4.13-rc-1]
	at org.junit.runners.ParentRunner.access$100(ParentRunner.java:65) [junit-4.13-rc-1.jar:4.13-rc-1]
	at org.junit.runners.ParentRunner$2.evaluate(ParentRunner.java:292) [junit-4.13-rc-1.jar:4.13-rc-1]
	at org.junit.runners.ParentRunner$3.evaluate(ParentRunner.java:305) [junit-4.13-rc-1.jar:4.13-rc-1]
	at org.junit.runners.ParentRunner.run(ParentRunner.java:412) [junit-4.13-rc-1.jar:4.13-rc-1]
	at org.eclipse.jdt.internal.junit4.runner.JUnit4TestReference.run(JUnit4TestReference.java:89) [.cp/:?]
	at org.eclipse.jdt.internal.junit.runner.TestExecution.run(TestExecution.java:41) [.cp/:?]
	at org.eclipse.jdt.internal.junit.runner.RemoteTestRunner.runTests(RemoteTestRunner.java:541) [.cp/:?]
	at org.eclipse.jdt.internal.junit.runner.RemoteTestRunner.runTests(RemoteTestRunner.java:763) [.cp/:?]
	at org.eclipse.jdt.internal.junit.runner.RemoteTestRunner.run(RemoteTestRunner.java:463) [.cp/:?]
	at org.eclipse.jdt.internal.junit.runner.RemoteTestRunner.main(RemoteTestRunner.java:209) [.cp/:?]
22:41:33 ERROR DataValidator - Catching
java.lang.NullPointerException: null
	at main.java.by.epam.web.unit2.validator.DataValidator.makeValidData(DataValidator.java:36) [bin/:?]
	at test.java.by.epam.web.unit2.DataValidatorTest.makeValidDataTest(DataValidatorTest.java:19) [bin/:?]
	at sun.reflect.NativeMethodAccessorImpl.invoke0(Native Method) ~[?:1.8.0_221]
	at sun.reflect.NativeMethodAccessorImpl.invoke(Unknown Source) ~[?:1.8.0_221]
	at sun.reflect.DelegatingMethodAccessorImpl.invoke(Unknown Source) ~[?:1.8.0_221]
	at java.lang.reflect.Method.invoke(Unknown Source) ~[?:1.8.0_221]
	at org.junit.runners.model.FrameworkMethod$1.runReflectiveCall(FrameworkMethod.java:59) [junit-4.13-rc-1.jar:4.13-rc-1]
	at org.junit.internal.runners.model.ReflectiveCallable.run(ReflectiveCallable.java:12) [junit-4.13-rc-1.jar:4.13-rc-1]
	at org.junit.runners.model.FrameworkMethod.invokeExplosively(FrameworkMethod.java:56) [junit-4.13-rc-1.jar:4.13-rc-1]
	at org.junit.internal.runners.statements.InvokeMethod.evaluate(InvokeMethod.java:17) [junit-4.13-rc-1.jar:4.13-rc-1]
	at org.junit.runners.ParentRunner$3.evaluate(ParentRunner.java:305) [junit-4.13-rc-1.jar:4.13-rc-1]
	at org.junit.runners.BlockJUnit4ClassRunner$1.evaluate(BlockJUnit4ClassRunner.java:100) [junit-4.13-rc-1.jar:4.13-rc-1]
	at org.junit.runners.ParentRunner.runLeaf(ParentRunner.java:365) [junit-4.13-rc-1.jar:4.13-rc-1]
	at org.junit.runners.BlockJUnit4ClassRunner.runChild(BlockJUnit4ClassRunner.java:103) [junit-4.13-rc-1.jar:4.13-rc-1]
	at org.junit.runners.BlockJUnit4ClassRunner.runChild(BlockJUnit4ClassRunner.java:63) [junit-4.13-rc-1.jar:4.13-rc-1]
	at org.junit.runners.ParentRunner$4.run(ParentRunner.java:330) [junit-4.13-rc-1.jar:4.13-rc-1]
	at org.junit.runners.ParentRunner$1.schedule(ParentRunner.java:78) [junit-4.13-rc-1.jar:4.13-rc-1]
	at org.junit.runners.ParentRunner.runChildren(ParentRunner.java:328) [junit-4.13-rc-1.jar:4.13-rc-1]
	at org.junit.runners.ParentRunner.access$100(ParentRunner.java:65) [junit-4.13-rc-1.jar:4.13-rc-1]
	at org.junit.runners.ParentRunner$2.evaluate(ParentRunner.java:292) [junit-4.13-rc-1.jar:4.13-rc-1]
	at org.junit.runners.ParentRunner$3.evaluate(ParentRunner.java:305) [junit-4.13-rc-1.jar:4.13-rc-1]
	at org.junit.runners.ParentRunner.run(ParentRunner.java:412) [junit-4.13-rc-1.jar:4.13-rc-1]
	at org.eclipse.jdt.internal.junit4.runner.JUnit4TestReference.run(JUnit4TestReference.java:89) [.cp/:?]
	at org.eclipse.jdt.internal.junit.runner.TestExecution.run(TestExecution.java:41) [.cp/:?]
	at org.eclipse.jdt.internal.junit.runner.RemoteTestRunner.runTests(RemoteTestRunner.java:541) [.cp/:?]
	at org.eclipse.jdt.internal.junit.runner.RemoteTestRunner.runTests(RemoteTestRunner.java:763) [.cp/:?]
	at org.eclipse.jdt.internal.junit.runner.RemoteTestRunner.run(RemoteTestRunner.java:463) [.cp/:?]
	at org.eclipse.jdt.internal.junit.runner.RemoteTestRunner.main(RemoteTestRunner.java:209) [.cp/:?]
23:13:36 INFO  CubeServiceImpl - The cube exists
23:13:36 INFO  CubeServiceImpl - The cube exists
23:14:18 INFO  CubeServiceImpl - The cube exists
23:14:18 INFO  CubeServiceImpl - The cube exists
23:14:18 INFO  CubeServiceImpl - The cube exists
23:16:30 INFO  CubeServiceImpl - The cube exists
23:16:30 INFO  CubeServiceImpl - The cube exists
23:16:30 INFO  CubeServiceImpl - The cube exists
23:16:30 INFO  CubeServiceImpl - The cube exists
23:16:30 INFO  CubeServiceImpl - The cube exists
23:16:53 INFO  CubeServiceImpl - The cube exists
23:16:53 INFO  CubeServiceImpl - The cube exists
23:16:53 INFO  CubeServiceImpl - The cube exists
23:16:53 INFO  CubeServiceImpl - The cube exists
23:16:53 INFO  CubeServiceImpl - The cube exists
23:19:15 INFO  CubeServiceImpl - The cube exists
23:19:15 INFO  CubeServiceImpl - The cube exists
23:19:15 INFO  CubeServiceImpl - The cube exists
23:19:15 INFO  CubeServiceImpl - The cube exists
23:19:15 INFO  CubeServiceImpl - The cube exists
23:19:42 INFO  CubeServiceImpl - The cube exists
23:19:42 INFO  CubeServiceImpl - The cube exists
23:19:42 INFO  CubeServiceImpl - The cube exists
23:19:42 INFO  CubeServiceImpl - The cube exists
23:19:42 INFO  CubeServiceImpl - The cube exists
23:27:40 INFO  CubeServiceImpl - The cube exists
23:27:40 INFO  CubeServiceImpl - The cube exists
23:27:40 INFO  CubeServiceImpl - The cube exists
23:27:40 INFO  CubeServiceImpl - The cube exists
23:27:40 INFO  CubeServiceImpl - The cube exists
23:27:40 INFO  CubeServiceImpl -  Base of the cube belongs to the plane ZOY
23:27:56 INFO  CubeServiceImpl - The cube exists
23:27:56 INFO  CubeServiceImpl - The cube exists
23:27:56 INFO  CubeServiceImpl - The cube exists
23:27:56 INFO  CubeServiceImpl - The cube exists
23:27:56 INFO  CubeServiceImpl - The cube exists
23:27:56 INFO  CubeServiceImpl -  Base of the cube belongs to the plane ZOY
23:38:00 ERROR DataValidator - Catching
java.lang.NullPointerException: null
	at main.java.by.epam.web.unit2.validator.DataValidator.makeValidData(DataValidator.java:36) [bin/:?]
	at test.java.by.epam.web.unit2.DataValidatorTest.makeValidDataTest(DataValidatorTest.java:19) [bin/:?]
	at sun.reflect.NativeMethodAccessorImpl.invoke0(Native Method) ~[?:1.8.0_221]
	at sun.reflect.NativeMethodAccessorImpl.invoke(Unknown Source) ~[?:1.8.0_221]
	at sun.reflect.DelegatingMethodAccessorImpl.invoke(Unknown Source) ~[?:1.8.0_221]
	at java.lang.reflect.Method.invoke(Unknown Source) ~[?:1.8.0_221]
	at org.junit.runners.model.FrameworkMethod$1.runReflectiveCall(FrameworkMethod.java:59) [junit-4.13-rc-1.jar:4.13-rc-1]
	at org.junit.internal.runners.model.ReflectiveCallable.run(ReflectiveCallable.java:12) [junit-4.13-rc-1.jar:4.13-rc-1]
	at org.junit.runners.model.FrameworkMethod.invokeExplosively(FrameworkMethod.java:56) [junit-4.13-rc-1.jar:4.13-rc-1]
	at org.junit.internal.runners.statements.InvokeMethod.evaluate(InvokeMethod.java:17) [junit-4.13-rc-1.jar:4.13-rc-1]
	at org.junit.runners.ParentRunner$3.evaluate(ParentRunner.java:305) [junit-4.13-rc-1.jar:4.13-rc-1]
	at org.junit.runners.BlockJUnit4ClassRunner$1.evaluate(BlockJUnit4ClassRunner.java:100) [junit-4.13-rc-1.jar:4.13-rc-1]
	at org.junit.runners.ParentRunner.runLeaf(ParentRunner.java:365) [junit-4.13-rc-1.jar:4.13-rc-1]
	at org.junit.runners.BlockJUnit4ClassRunner.runChild(BlockJUnit4ClassRunner.java:103) [junit-4.13-rc-1.jar:4.13-rc-1]
	at org.junit.runners.BlockJUnit4ClassRunner.runChild(BlockJUnit4ClassRunner.java:63) [junit-4.13-rc-1.jar:4.13-rc-1]
	at org.junit.runners.ParentRunner$4.run(ParentRunner.java:330) [junit-4.13-rc-1.jar:4.13-rc-1]
	at org.junit.runners.ParentRunner$1.schedule(ParentRunner.java:78) [junit-4.13-rc-1.jar:4.13-rc-1]
	at org.junit.runners.ParentRunner.runChildren(ParentRunner.java:328) [junit-4.13-rc-1.jar:4.13-rc-1]
	at org.junit.runners.ParentRunner.access$100(ParentRunner.java:65) [junit-4.13-rc-1.jar:4.13-rc-1]
	at org.junit.runners.ParentRunner$2.evaluate(ParentRunner.java:292) [junit-4.13-rc-1.jar:4.13-rc-1]
	at org.junit.runners.ParentRunner$3.evaluate(ParentRunner.java:305) [junit-4.13-rc-1.jar:4.13-rc-1]
	at org.junit.runners.ParentRunner.run(ParentRunner.java:412) [junit-4.13-rc-1.jar:4.13-rc-1]
	at org.eclipse.jdt.internal.junit4.runner.JUnit4TestReference.run(JUnit4TestReference.java:89) [.cp/:?]
	at org.eclipse.jdt.internal.junit.runner.TestExecution.run(TestExecution.java:41) [.cp/:?]
	at org.eclipse.jdt.internal.junit.runner.RemoteTestRunner.runTests(RemoteTestRunner.java:541) [.cp/:?]
	at org.eclipse.jdt.internal.junit.runner.RemoteTestRunner.runTests(RemoteTestRunner.java:763) [.cp/:?]
	at org.eclipse.jdt.internal.junit.runner.RemoteTestRunner.run(RemoteTestRunner.java:463) [.cp/:?]
	at org.eclipse.jdt.internal.junit.runner.RemoteTestRunner.main(RemoteTestRunner.java:209) [.cp/:?]
23:38:00 ERROR DataValidator - Catching
java.lang.NullPointerException: null
	at main.java.by.epam.web.unit2.validator.DataValidator.makeValidData(DataValidator.java:36) [bin/:?]
	at test.java.by.epam.web.unit2.DataValidatorTest.makeValidDataTest(DataValidatorTest.java:19) [bin/:?]
	at sun.reflect.NativeMethodAccessorImpl.invoke0(Native Method) ~[?:1.8.0_221]
	at sun.reflect.NativeMethodAccessorImpl.invoke(Unknown Source) ~[?:1.8.0_221]
	at sun.reflect.DelegatingMethodAccessorImpl.invoke(Unknown Source) ~[?:1.8.0_221]
	at java.lang.reflect.Method.invoke(Unknown Source) ~[?:1.8.0_221]
	at org.junit.runners.model.FrameworkMethod$1.runReflectiveCall(FrameworkMethod.java:59) [junit-4.13-rc-1.jar:4.13-rc-1]
	at org.junit.internal.runners.model.ReflectiveCallable.run(ReflectiveCallable.java:12) [junit-4.13-rc-1.jar:4.13-rc-1]
	at org.junit.runners.model.FrameworkMethod.invokeExplosively(FrameworkMethod.java:56) [junit-4.13-rc-1.jar:4.13-rc-1]
	at org.junit.internal.runners.statements.InvokeMethod.evaluate(InvokeMethod.java:17) [junit-4.13-rc-1.jar:4.13-rc-1]
	at org.junit.runners.ParentRunner$3.evaluate(ParentRunner.java:305) [junit-4.13-rc-1.jar:4.13-rc-1]
	at org.junit.runners.BlockJUnit4ClassRunner$1.evaluate(BlockJUnit4ClassRunner.java:100) [junit-4.13-rc-1.jar:4.13-rc-1]
	at org.junit.runners.ParentRunner.runLeaf(ParentRunner.java:365) [junit-4.13-rc-1.jar:4.13-rc-1]
	at org.junit.runners.BlockJUnit4ClassRunner.runChild(BlockJUnit4ClassRunner.java:103) [junit-4.13-rc-1.jar:4.13-rc-1]
	at org.junit.runners.BlockJUnit4ClassRunner.runChild(BlockJUnit4ClassRunner.java:63) [junit-4.13-rc-1.jar:4.13-rc-1]
	at org.junit.runners.ParentRunner$4.run(ParentRunner.java:330) [junit-4.13-rc-1.jar:4.13-rc-1]
	at org.junit.runners.ParentRunner$1.schedule(ParentRunner.java:78) [junit-4.13-rc-1.jar:4.13-rc-1]
	at org.junit.runners.ParentRunner.runChildren(ParentRunner.java:328) [junit-4.13-rc-1.jar:4.13-rc-1]
	at org.junit.runners.ParentRunner.access$100(ParentRunner.java:65) [junit-4.13-rc-1.jar:4.13-rc-1]
	at org.junit.runners.ParentRunner$2.evaluate(ParentRunner.java:292) [junit-4.13-rc-1.jar:4.13-rc-1]
	at org.junit.runners.ParentRunner$3.evaluate(ParentRunner.java:305) [junit-4.13-rc-1.jar:4.13-rc-1]
	at org.junit.runners.ParentRunner.run(ParentRunner.java:412) [junit-4.13-rc-1.jar:4.13-rc-1]
	at org.eclipse.jdt.internal.junit4.runner.JUnit4TestReference.run(JUnit4TestReference.java:89) [.cp/:?]
	at org.eclipse.jdt.internal.junit.runner.TestExecution.run(TestExecution.java:41) [.cp/:?]
	at org.eclipse.jdt.internal.junit.runner.RemoteTestRunner.runTests(RemoteTestRunner.java:541) [.cp/:?]
	at org.eclipse.jdt.internal.junit.runner.RemoteTestRunner.runTests(RemoteTestRunner.java:763) [.cp/:?]
	at org.eclipse.jdt.internal.junit.runner.RemoteTestRunner.run(RemoteTestRunner.java:463) [.cp/:?]
	at org.eclipse.jdt.internal.junit.runner.RemoteTestRunner.main(RemoteTestRunner.java:209) [.cp/:?]
23:38:00 ERROR DataValidator - Catching
java.lang.NullPointerException: null
	at main.java.by.epam.web.unit2.validator.DataValidator.makeValidData(DataValidator.java:36) [bin/:?]
	at test.java.by.epam.web.unit2.DataValidatorTest.makeValidDataTest(DataValidatorTest.java:19) [bin/:?]
	at sun.reflect.NativeMethodAccessorImpl.invoke0(Native Method) ~[?:1.8.0_221]
	at sun.reflect.NativeMethodAccessorImpl.invoke(Unknown Source) ~[?:1.8.0_221]
	at sun.reflect.DelegatingMethodAccessorImpl.invoke(Unknown Source) ~[?:1.8.0_221]
	at java.lang.reflect.Method.invoke(Unknown Source) ~[?:1.8.0_221]
	at org.junit.runners.model.FrameworkMethod$1.runReflectiveCall(FrameworkMethod.java:59) [junit-4.13-rc-1.jar:4.13-rc-1]
	at org.junit.internal.runners.model.ReflectiveCallable.run(ReflectiveCallable.java:12) [junit-4.13-rc-1.jar:4.13-rc-1]
	at org.junit.runners.model.FrameworkMethod.invokeExplosively(FrameworkMethod.java:56) [junit-4.13-rc-1.jar:4.13-rc-1]
	at org.junit.internal.runners.statements.InvokeMethod.evaluate(InvokeMethod.java:17) [junit-4.13-rc-1.jar:4.13-rc-1]
	at org.junit.runners.ParentRunner$3.evaluate(ParentRunner.java:305) [junit-4.13-rc-1.jar:4.13-rc-1]
	at org.junit.runners.BlockJUnit4ClassRunner$1.evaluate(BlockJUnit4ClassRunner.java:100) [junit-4.13-rc-1.jar:4.13-rc-1]
	at org.junit.runners.ParentRunner.runLeaf(ParentRunner.java:365) [junit-4.13-rc-1.jar:4.13-rc-1]
	at org.junit.runners.BlockJUnit4ClassRunner.runChild(BlockJUnit4ClassRunner.java:103) [junit-4.13-rc-1.jar:4.13-rc-1]
	at org.junit.runners.BlockJUnit4ClassRunner.runChild(BlockJUnit4ClassRunner.java:63) [junit-4.13-rc-1.jar:4.13-rc-1]
	at org.junit.runners.ParentRunner$4.run(ParentRunner.java:330) [junit-4.13-rc-1.jar:4.13-rc-1]
	at org.junit.runners.ParentRunner$1.schedule(ParentRunner.java:78) [junit-4.13-rc-1.jar:4.13-rc-1]
	at org.junit.runners.ParentRunner.runChildren(ParentRunner.java:328) [junit-4.13-rc-1.jar:4.13-rc-1]
	at org.junit.runners.ParentRunner.access$100(ParentRunner.java:65) [junit-4.13-rc-1.jar:4.13-rc-1]
	at org.junit.runners.ParentRunner$2.evaluate(ParentRunner.java:292) [junit-4.13-rc-1.jar:4.13-rc-1]
	at org.junit.runners.ParentRunner$3.evaluate(ParentRunner.java:305) [junit-4.13-rc-1.jar:4.13-rc-1]
	at org.junit.runners.ParentRunner.run(ParentRunner.java:412) [junit-4.13-rc-1.jar:4.13-rc-1]
	at org.eclipse.jdt.internal.junit4.runner.JUnit4TestReference.run(JUnit4TestReference.java:89) [.cp/:?]
	at org.eclipse.jdt.internal.junit.runner.TestExecution.run(TestExecution.java:41) [.cp/:?]
	at org.eclipse.jdt.internal.junit.runner.RemoteTestRunner.runTests(RemoteTestRunner.java:541) [.cp/:?]
	at org.eclipse.jdt.internal.junit.runner.RemoteTestRunner.runTests(RemoteTestRunner.java:763) [.cp/:?]
	at org.eclipse.jdt.internal.junit.runner.RemoteTestRunner.run(RemoteTestRunner.java:463) [.cp/:?]
	at org.eclipse.jdt.internal.junit.runner.RemoteTestRunner.main(RemoteTestRunner.java:209) [.cp/:?]
23:38:00 ERROR DataValidator - Catching
java.lang.NullPointerException: null
	at main.java.by.epam.web.unit2.validator.DataValidator.makeValidData(DataValidator.java:36) [bin/:?]
	at test.java.by.epam.web.unit2.DataValidatorTest.makeValidDataTest(DataValidatorTest.java:19) [bin/:?]
	at sun.reflect.NativeMethodAccessorImpl.invoke0(Native Method) ~[?:1.8.0_221]
	at sun.reflect.NativeMethodAccessorImpl.invoke(Unknown Source) ~[?:1.8.0_221]
	at sun.reflect.DelegatingMethodAccessorImpl.invoke(Unknown Source) ~[?:1.8.0_221]
	at java.lang.reflect.Method.invoke(Unknown Source) ~[?:1.8.0_221]
	at org.junit.runners.model.FrameworkMethod$1.runReflectiveCall(FrameworkMethod.java:59) [junit-4.13-rc-1.jar:4.13-rc-1]
	at org.junit.internal.runners.model.ReflectiveCallable.run(ReflectiveCallable.java:12) [junit-4.13-rc-1.jar:4.13-rc-1]
	at org.junit.runners.model.FrameworkMethod.invokeExplosively(FrameworkMethod.java:56) [junit-4.13-rc-1.jar:4.13-rc-1]
	at org.junit.internal.runners.statements.InvokeMethod.evaluate(InvokeMethod.java:17) [junit-4.13-rc-1.jar:4.13-rc-1]
	at org.junit.runners.ParentRunner$3.evaluate(ParentRunner.java:305) [junit-4.13-rc-1.jar:4.13-rc-1]
	at org.junit.runners.BlockJUnit4ClassRunner$1.evaluate(BlockJUnit4ClassRunner.java:100) [junit-4.13-rc-1.jar:4.13-rc-1]
	at org.junit.runners.ParentRunner.runLeaf(ParentRunner.java:365) [junit-4.13-rc-1.jar:4.13-rc-1]
	at org.junit.runners.BlockJUnit4ClassRunner.runChild(BlockJUnit4ClassRunner.java:103) [junit-4.13-rc-1.jar:4.13-rc-1]
	at org.junit.runners.BlockJUnit4ClassRunner.runChild(BlockJUnit4ClassRunner.java:63) [junit-4.13-rc-1.jar:4.13-rc-1]
	at org.junit.runners.ParentRunner$4.run(ParentRunner.java:330) [junit-4.13-rc-1.jar:4.13-rc-1]
	at org.junit.runners.ParentRunner$1.schedule(ParentRunner.java:78) [junit-4.13-rc-1.jar:4.13-rc-1]
	at org.junit.runners.ParentRunner.runChildren(ParentRunner.java:328) [junit-4.13-rc-1.jar:4.13-rc-1]
	at org.junit.runners.ParentRunner.access$100(ParentRunner.java:65) [junit-4.13-rc-1.jar:4.13-rc-1]
	at org.junit.runners.ParentRunner$2.evaluate(ParentRunner.java:292) [junit-4.13-rc-1.jar:4.13-rc-1]
	at org.junit.runners.ParentRunner$3.evaluate(ParentRunner.java:305) [junit-4.13-rc-1.jar:4.13-rc-1]
	at org.junit.runners.ParentRunner.run(ParentRunner.java:412) [junit-4.13-rc-1.jar:4.13-rc-1]
	at org.eclipse.jdt.internal.junit4.runner.JUnit4TestReference.run(JUnit4TestReference.java:89) [.cp/:?]
	at org.eclipse.jdt.internal.junit.runner.TestExecution.run(TestExecution.java:41) [.cp/:?]
	at org.eclipse.jdt.internal.junit.runner.RemoteTestRunner.runTests(RemoteTestRunner.java:541) [.cp/:?]
	at org.eclipse.jdt.internal.junit.runner.RemoteTestRunner.runTests(RemoteTestRunner.java:763) [.cp/:?]
	at org.eclipse.jdt.internal.junit.runner.RemoteTestRunner.run(RemoteTestRunner.java:463) [.cp/:?]
	at org.eclipse.jdt.internal.junit.runner.RemoteTestRunner.main(RemoteTestRunner.java:209) [.cp/:?]
23:38:00 ERROR DataValidator - Catching
java.lang.NullPointerException: null
	at main.java.by.epam.web.unit2.validator.DataValidator.makeValidData(DataValidator.java:36) [bin/:?]
	at test.java.by.epam.web.unit2.DataValidatorTest.makeValidDataTest(DataValidatorTest.java:19) [bin/:?]
	at sun.reflect.NativeMethodAccessorImpl.invoke0(Native Method) ~[?:1.8.0_221]
	at sun.reflect.NativeMethodAccessorImpl.invoke(Unknown Source) ~[?:1.8.0_221]
	at sun.reflect.DelegatingMethodAccessorImpl.invoke(Unknown Source) ~[?:1.8.0_221]
	at java.lang.reflect.Method.invoke(Unknown Source) ~[?:1.8.0_221]
	at org.junit.runners.model.FrameworkMethod$1.runReflectiveCall(FrameworkMethod.java:59) [junit-4.13-rc-1.jar:4.13-rc-1]
	at org.junit.internal.runners.model.ReflectiveCallable.run(ReflectiveCallable.java:12) [junit-4.13-rc-1.jar:4.13-rc-1]
	at org.junit.runners.model.FrameworkMethod.invokeExplosively(FrameworkMethod.java:56) [junit-4.13-rc-1.jar:4.13-rc-1]
	at org.junit.internal.runners.statements.InvokeMethod.evaluate(InvokeMethod.java:17) [junit-4.13-rc-1.jar:4.13-rc-1]
	at org.junit.runners.ParentRunner$3.evaluate(ParentRunner.java:305) [junit-4.13-rc-1.jar:4.13-rc-1]
	at org.junit.runners.BlockJUnit4ClassRunner$1.evaluate(BlockJUnit4ClassRunner.java:100) [junit-4.13-rc-1.jar:4.13-rc-1]
	at org.junit.runners.ParentRunner.runLeaf(ParentRunner.java:365) [junit-4.13-rc-1.jar:4.13-rc-1]
	at org.junit.runners.BlockJUnit4ClassRunner.runChild(BlockJUnit4ClassRunner.java:103) [junit-4.13-rc-1.jar:4.13-rc-1]
	at org.junit.runners.BlockJUnit4ClassRunner.runChild(BlockJUnit4ClassRunner.java:63) [junit-4.13-rc-1.jar:4.13-rc-1]
	at org.junit.runners.ParentRunner$4.run(ParentRunner.java:330) [junit-4.13-rc-1.jar:4.13-rc-1]
	at org.junit.runners.ParentRunner$1.schedule(ParentRunner.java:78) [junit-4.13-rc-1.jar:4.13-rc-1]
	at org.junit.runners.ParentRunner.runChildren(ParentRunner.java:328) [junit-4.13-rc-1.jar:4.13-rc-1]
	at org.junit.runners.ParentRunner.access$100(ParentRunner.java:65) [junit-4.13-rc-1.jar:4.13-rc-1]
	at org.junit.runners.ParentRunner$2.evaluate(ParentRunner.java:292) [junit-4.13-rc-1.jar:4.13-rc-1]
	at org.junit.runners.ParentRunner$3.evaluate(ParentRunner.java:305) [junit-4.13-rc-1.jar:4.13-rc-1]
	at org.junit.runners.ParentRunner.run(ParentRunner.java:412) [junit-4.13-rc-1.jar:4.13-rc-1]
	at org.eclipse.jdt.internal.junit4.runner.JUnit4TestReference.run(JUnit4TestReference.java:89) [.cp/:?]
	at org.eclipse.jdt.internal.junit.runner.TestExecution.run(TestExecution.java:41) [.cp/:?]
	at org.eclipse.jdt.internal.junit.runner.RemoteTestRunner.runTests(RemoteTestRunner.java:541) [.cp/:?]
	at org.eclipse.jdt.internal.junit.runner.RemoteTestRunner.runTests(RemoteTestRunner.java:763) [.cp/:?]
	at org.eclipse.jdt.internal.junit.runner.RemoteTestRunner.run(RemoteTestRunner.java:463) [.cp/:?]
	at org.eclipse.jdt.internal.junit.runner.RemoteTestRunner.main(RemoteTestRunner.java:209) [.cp/:?]
23:38:00 ERROR DataValidator - Catching
java.lang.NullPointerException: null
	at main.java.by.epam.web.unit2.validator.DataValidator.makeValidData(DataValidator.java:36) [bin/:?]
	at test.java.by.epam.web.unit2.DataValidatorTest.makeValidDataTest(DataValidatorTest.java:19) [bin/:?]
	at sun.reflect.NativeMethodAccessorImpl.invoke0(Native Method) ~[?:1.8.0_221]
	at sun.reflect.NativeMethodAccessorImpl.invoke(Unknown Source) ~[?:1.8.0_221]
	at sun.reflect.DelegatingMethodAccessorImpl.invoke(Unknown Source) ~[?:1.8.0_221]
	at java.lang.reflect.Method.invoke(Unknown Source) ~[?:1.8.0_221]
	at org.junit.runners.model.FrameworkMethod$1.runReflectiveCall(FrameworkMethod.java:59) [junit-4.13-rc-1.jar:4.13-rc-1]
	at org.junit.internal.runners.model.ReflectiveCallable.run(ReflectiveCallable.java:12) [junit-4.13-rc-1.jar:4.13-rc-1]
	at org.junit.runners.model.FrameworkMethod.invokeExplosively(FrameworkMethod.java:56) [junit-4.13-rc-1.jar:4.13-rc-1]
	at org.junit.internal.runners.statements.InvokeMethod.evaluate(InvokeMethod.java:17) [junit-4.13-rc-1.jar:4.13-rc-1]
	at org.junit.runners.ParentRunner$3.evaluate(ParentRunner.java:305) [junit-4.13-rc-1.jar:4.13-rc-1]
	at org.junit.runners.BlockJUnit4ClassRunner$1.evaluate(BlockJUnit4ClassRunner.java:100) [junit-4.13-rc-1.jar:4.13-rc-1]
	at org.junit.runners.ParentRunner.runLeaf(ParentRunner.java:365) [junit-4.13-rc-1.jar:4.13-rc-1]
	at org.junit.runners.BlockJUnit4ClassRunner.runChild(BlockJUnit4ClassRunner.java:103) [junit-4.13-rc-1.jar:4.13-rc-1]
	at org.junit.runners.BlockJUnit4ClassRunner.runChild(BlockJUnit4ClassRunner.java:63) [junit-4.13-rc-1.jar:4.13-rc-1]
	at org.junit.runners.ParentRunner$4.run(ParentRunner.java:330) [junit-4.13-rc-1.jar:4.13-rc-1]
	at org.junit.runners.ParentRunner$1.schedule(ParentRunner.java:78) [junit-4.13-rc-1.jar:4.13-rc-1]
	at org.junit.runners.ParentRunner.runChildren(ParentRunner.java:328) [junit-4.13-rc-1.jar:4.13-rc-1]
	at org.junit.runners.ParentRunner.access$100(ParentRunner.java:65) [junit-4.13-rc-1.jar:4.13-rc-1]
	at org.junit.runners.ParentRunner$2.evaluate(ParentRunner.java:292) [junit-4.13-rc-1.jar:4.13-rc-1]
	at org.junit.runners.ParentRunner$3.evaluate(ParentRunner.java:305) [junit-4.13-rc-1.jar:4.13-rc-1]
	at org.junit.runners.ParentRunner.run(ParentRunner.java:412) [junit-4.13-rc-1.jar:4.13-rc-1]
	at org.eclipse.jdt.internal.junit4.runner.JUnit4TestReference.run(JUnit4TestReference.java:89) [.cp/:?]
	at org.eclipse.jdt.internal.junit.runner.TestExecution.run(TestExecution.java:41) [.cp/:?]
	at org.eclipse.jdt.internal.junit.runner.RemoteTestRunner.runTests(RemoteTestRunner.java:541) [.cp/:?]
	at org.eclipse.jdt.internal.junit.runner.RemoteTestRunner.runTests(RemoteTestRunner.java:763) [.cp/:?]
	at org.eclipse.jdt.internal.junit.runner.RemoteTestRunner.run(RemoteTestRunner.java:463) [.cp/:?]
	at org.eclipse.jdt.internal.junit.runner.RemoteTestRunner.main(RemoteTestRunner.java:209) [.cp/:?]
23:38:00 ERROR DataValidator - Catching
java.lang.NullPointerException: null
	at main.java.by.epam.web.unit2.validator.DataValidator.makeValidData(DataValidator.java:36) [bin/:?]
	at test.java.by.epam.web.unit2.DataValidatorTest.makeValidDataTest(DataValidatorTest.java:19) [bin/:?]
	at sun.reflect.NativeMethodAccessorImpl.invoke0(Native Method) ~[?:1.8.0_221]
	at sun.reflect.NativeMethodAccessorImpl.invoke(Unknown Source) ~[?:1.8.0_221]
	at sun.reflect.DelegatingMethodAccessorImpl.invoke(Unknown Source) ~[?:1.8.0_221]
	at java.lang.reflect.Method.invoke(Unknown Source) ~[?:1.8.0_221]
	at org.junit.runners.model.FrameworkMethod$1.runReflectiveCall(FrameworkMethod.java:59) [junit-4.13-rc-1.jar:4.13-rc-1]
	at org.junit.internal.runners.model.ReflectiveCallable.run(ReflectiveCallable.java:12) [junit-4.13-rc-1.jar:4.13-rc-1]
	at org.junit.runners.model.FrameworkMethod.invokeExplosively(FrameworkMethod.java:56) [junit-4.13-rc-1.jar:4.13-rc-1]
	at org.junit.internal.runners.statements.InvokeMethod.evaluate(InvokeMethod.java:17) [junit-4.13-rc-1.jar:4.13-rc-1]
	at org.junit.runners.ParentRunner$3.evaluate(ParentRunner.java:305) [junit-4.13-rc-1.jar:4.13-rc-1]
	at org.junit.runners.BlockJUnit4ClassRunner$1.evaluate(BlockJUnit4ClassRunner.java:100) [junit-4.13-rc-1.jar:4.13-rc-1]
	at org.junit.runners.ParentRunner.runLeaf(ParentRunner.java:365) [junit-4.13-rc-1.jar:4.13-rc-1]
	at org.junit.runners.BlockJUnit4ClassRunner.runChild(BlockJUnit4ClassRunner.java:103) [junit-4.13-rc-1.jar:4.13-rc-1]
	at org.junit.runners.BlockJUnit4ClassRunner.runChild(BlockJUnit4ClassRunner.java:63) [junit-4.13-rc-1.jar:4.13-rc-1]
	at org.junit.runners.ParentRunner$4.run(ParentRunner.java:330) [junit-4.13-rc-1.jar:4.13-rc-1]
	at org.junit.runners.ParentRunner$1.schedule(ParentRunner.java:78) [junit-4.13-rc-1.jar:4.13-rc-1]
	at org.junit.runners.ParentRunner.runChildren(ParentRunner.java:328) [junit-4.13-rc-1.jar:4.13-rc-1]
	at org.junit.runners.ParentRunner.access$100(ParentRunner.java:65) [junit-4.13-rc-1.jar:4.13-rc-1]
	at org.junit.runners.ParentRunner$2.evaluate(ParentRunner.java:292) [junit-4.13-rc-1.jar:4.13-rc-1]
	at org.junit.runners.ParentRunner$3.evaluate(ParentRunner.java:305) [junit-4.13-rc-1.jar:4.13-rc-1]
	at org.junit.runners.ParentRunner.run(ParentRunner.java:412) [junit-4.13-rc-1.jar:4.13-rc-1]
	at org.eclipse.jdt.internal.junit4.runner.JUnit4TestReference.run(JUnit4TestReference.java:89) [.cp/:?]
	at org.eclipse.jdt.internal.junit.runner.TestExecution.run(TestExecution.java:41) [.cp/:?]
	at org.eclipse.jdt.internal.junit.runner.RemoteTestRunner.runTests(RemoteTestRunner.java:541) [.cp/:?]
	at org.eclipse.jdt.internal.junit.runner.RemoteTestRunner.runTests(RemoteTestRunner.java:763) [.cp/:?]
	at org.eclipse.jdt.internal.junit.runner.RemoteTestRunner.run(RemoteTestRunner.java:463) [.cp/:?]
	at org.eclipse.jdt.internal.junit.runner.RemoteTestRunner.main(RemoteTestRunner.java:209) [.cp/:?]
23:38:00 ERROR DataValidator - Catching
java.lang.NullPointerException: null
	at main.java.by.epam.web.unit2.validator.DataValidator.makeValidData(DataValidator.java:36) [bin/:?]
	at test.java.by.epam.web.unit2.DataValidatorTest.makeValidDataTest(DataValidatorTest.java:19) [bin/:?]
	at sun.reflect.NativeMethodAccessorImpl.invoke0(Native Method) ~[?:1.8.0_221]
	at sun.reflect.NativeMethodAccessorImpl.invoke(Unknown Source) ~[?:1.8.0_221]
	at sun.reflect.DelegatingMethodAccessorImpl.invoke(Unknown Source) ~[?:1.8.0_221]
	at java.lang.reflect.Method.invoke(Unknown Source) ~[?:1.8.0_221]
	at org.junit.runners.model.FrameworkMethod$1.runReflectiveCall(FrameworkMethod.java:59) [junit-4.13-rc-1.jar:4.13-rc-1]
	at org.junit.internal.runners.model.ReflectiveCallable.run(ReflectiveCallable.java:12) [junit-4.13-rc-1.jar:4.13-rc-1]
	at org.junit.runners.model.FrameworkMethod.invokeExplosively(FrameworkMethod.java:56) [junit-4.13-rc-1.jar:4.13-rc-1]
	at org.junit.internal.runners.statements.InvokeMethod.evaluate(InvokeMethod.java:17) [junit-4.13-rc-1.jar:4.13-rc-1]
	at org.junit.runners.ParentRunner$3.evaluate(ParentRunner.java:305) [junit-4.13-rc-1.jar:4.13-rc-1]
	at org.junit.runners.BlockJUnit4ClassRunner$1.evaluate(BlockJUnit4ClassRunner.java:100) [junit-4.13-rc-1.jar:4.13-rc-1]
	at org.junit.runners.ParentRunner.runLeaf(ParentRunner.java:365) [junit-4.13-rc-1.jar:4.13-rc-1]
	at org.junit.runners.BlockJUnit4ClassRunner.runChild(BlockJUnit4ClassRunner.java:103) [junit-4.13-rc-1.jar:4.13-rc-1]
	at org.junit.runners.BlockJUnit4ClassRunner.runChild(BlockJUnit4ClassRunner.java:63) [junit-4.13-rc-1.jar:4.13-rc-1]
	at org.junit.runners.ParentRunner$4.run(ParentRunner.java:330) [junit-4.13-rc-1.jar:4.13-rc-1]
	at org.junit.runners.ParentRunner$1.schedule(ParentRunner.java:78) [junit-4.13-rc-1.jar:4.13-rc-1]
	at org.junit.runners.ParentRunner.runChildren(ParentRunner.java:328) [junit-4.13-rc-1.jar:4.13-rc-1]
	at org.junit.runners.ParentRunner.access$100(ParentRunner.java:65) [junit-4.13-rc-1.jar:4.13-rc-1]
	at org.junit.runners.ParentRunner$2.evaluate(ParentRunner.java:292) [junit-4.13-rc-1.jar:4.13-rc-1]
	at org.junit.runners.ParentRunner$3.evaluate(ParentRunner.java:305) [junit-4.13-rc-1.jar:4.13-rc-1]
	at org.junit.runners.ParentRunner.run(ParentRunner.java:412) [junit-4.13-rc-1.jar:4.13-rc-1]
	at org.eclipse.jdt.internal.junit4.runner.JUnit4TestReference.run(JUnit4TestReference.java:89) [.cp/:?]
	at org.eclipse.jdt.internal.junit.runner.TestExecution.run(TestExecution.java:41) [.cp/:?]
	at org.eclipse.jdt.internal.junit.runner.RemoteTestRunner.runTests(RemoteTestRunner.java:541) [.cp/:?]
	at org.eclipse.jdt.internal.junit.runner.RemoteTestRunner.runTests(RemoteTestRunner.java:763) [.cp/:?]
	at org.eclipse.jdt.internal.junit.runner.RemoteTestRunner.run(RemoteTestRunner.java:463) [.cp/:?]
	at org.eclipse.jdt.internal.junit.runner.RemoteTestRunner.main(RemoteTestRunner.java:209) [.cp/:?]
23:38:00 ERROR DataValidator - Catching
java.lang.NullPointerException: null
	at main.java.by.epam.web.unit2.validator.DataValidator.makeValidData(DataValidator.java:36) [bin/:?]
	at test.java.by.epam.web.unit2.DataValidatorTest.makeValidDataTest(DataValidatorTest.java:19) [bin/:?]
	at sun.reflect.NativeMethodAccessorImpl.invoke0(Native Method) ~[?:1.8.0_221]
	at sun.reflect.NativeMethodAccessorImpl.invoke(Unknown Source) ~[?:1.8.0_221]
	at sun.reflect.DelegatingMethodAccessorImpl.invoke(Unknown Source) ~[?:1.8.0_221]
	at java.lang.reflect.Method.invoke(Unknown Source) ~[?:1.8.0_221]
	at org.junit.runners.model.FrameworkMethod$1.runReflectiveCall(FrameworkMethod.java:59) [junit-4.13-rc-1.jar:4.13-rc-1]
	at org.junit.internal.runners.model.ReflectiveCallable.run(ReflectiveCallable.java:12) [junit-4.13-rc-1.jar:4.13-rc-1]
	at org.junit.runners.model.FrameworkMethod.invokeExplosively(FrameworkMethod.java:56) [junit-4.13-rc-1.jar:4.13-rc-1]
	at org.junit.internal.runners.statements.InvokeMethod.evaluate(InvokeMethod.java:17) [junit-4.13-rc-1.jar:4.13-rc-1]
	at org.junit.runners.ParentRunner$3.evaluate(ParentRunner.java:305) [junit-4.13-rc-1.jar:4.13-rc-1]
	at org.junit.runners.BlockJUnit4ClassRunner$1.evaluate(BlockJUnit4ClassRunner.java:100) [junit-4.13-rc-1.jar:4.13-rc-1]
	at org.junit.runners.ParentRunner.runLeaf(ParentRunner.java:365) [junit-4.13-rc-1.jar:4.13-rc-1]
	at org.junit.runners.BlockJUnit4ClassRunner.runChild(BlockJUnit4ClassRunner.java:103) [junit-4.13-rc-1.jar:4.13-rc-1]
	at org.junit.runners.BlockJUnit4ClassRunner.runChild(BlockJUnit4ClassRunner.java:63) [junit-4.13-rc-1.jar:4.13-rc-1]
	at org.junit.runners.ParentRunner$4.run(ParentRunner.java:330) [junit-4.13-rc-1.jar:4.13-rc-1]
	at org.junit.runners.ParentRunner$1.schedule(ParentRunner.java:78) [junit-4.13-rc-1.jar:4.13-rc-1]
	at org.junit.runners.ParentRunner.runChildren(ParentRunner.java:328) [junit-4.13-rc-1.jar:4.13-rc-1]
	at org.junit.runners.ParentRunner.access$100(ParentRunner.java:65) [junit-4.13-rc-1.jar:4.13-rc-1]
	at org.junit.runners.ParentRunner$2.evaluate(ParentRunner.java:292) [junit-4.13-rc-1.jar:4.13-rc-1]
	at org.junit.runners.ParentRunner$3.evaluate(ParentRunner.java:305) [junit-4.13-rc-1.jar:4.13-rc-1]
	at org.junit.runners.ParentRunner.run(ParentRunner.java:412) [junit-4.13-rc-1.jar:4.13-rc-1]
	at org.eclipse.jdt.internal.junit4.runner.JUnit4TestReference.run(JUnit4TestReference.java:89) [.cp/:?]
	at org.eclipse.jdt.internal.junit.runner.TestExecution.run(TestExecution.java:41) [.cp/:?]
	at org.eclipse.jdt.internal.junit.runner.RemoteTestRunner.runTests(RemoteTestRunner.java:541) [.cp/:?]
	at org.eclipse.jdt.internal.junit.runner.RemoteTestRunner.runTests(RemoteTestRunner.java:763) [.cp/:?]
	at org.eclipse.jdt.internal.junit.runner.RemoteTestRunner.run(RemoteTestRunner.java:463) [.cp/:?]
	at org.eclipse.jdt.internal.junit.runner.RemoteTestRunner.main(RemoteTestRunner.java:209) [.cp/:?]
23:38:00 ERROR DataValidator - Catching
java.lang.NullPointerException: null
	at main.java.by.epam.web.unit2.validator.DataValidator.makeValidData(DataValidator.java:36) [bin/:?]
	at test.java.by.epam.web.unit2.DataValidatorTest.makeValidDataTest(DataValidatorTest.java:19) [bin/:?]
	at sun.reflect.NativeMethodAccessorImpl.invoke0(Native Method) ~[?:1.8.0_221]
	at sun.reflect.NativeMethodAccessorImpl.invoke(Unknown Source) ~[?:1.8.0_221]
	at sun.reflect.DelegatingMethodAccessorImpl.invoke(Unknown Source) ~[?:1.8.0_221]
	at java.lang.reflect.Method.invoke(Unknown Source) ~[?:1.8.0_221]
	at org.junit.runners.model.FrameworkMethod$1.runReflectiveCall(FrameworkMethod.java:59) [junit-4.13-rc-1.jar:4.13-rc-1]
	at org.junit.internal.runners.model.ReflectiveCallable.run(ReflectiveCallable.java:12) [junit-4.13-rc-1.jar:4.13-rc-1]
	at org.junit.runners.model.FrameworkMethod.invokeExplosively(FrameworkMethod.java:56) [junit-4.13-rc-1.jar:4.13-rc-1]
	at org.junit.internal.runners.statements.InvokeMethod.evaluate(InvokeMethod.java:17) [junit-4.13-rc-1.jar:4.13-rc-1]
	at org.junit.runners.ParentRunner$3.evaluate(ParentRunner.java:305) [junit-4.13-rc-1.jar:4.13-rc-1]
	at org.junit.runners.BlockJUnit4ClassRunner$1.evaluate(BlockJUnit4ClassRunner.java:100) [junit-4.13-rc-1.jar:4.13-rc-1]
	at org.junit.runners.ParentRunner.runLeaf(ParentRunner.java:365) [junit-4.13-rc-1.jar:4.13-rc-1]
	at org.junit.runners.BlockJUnit4ClassRunner.runChild(BlockJUnit4ClassRunner.java:103) [junit-4.13-rc-1.jar:4.13-rc-1]
	at org.junit.runners.BlockJUnit4ClassRunner.runChild(BlockJUnit4ClassRunner.java:63) [junit-4.13-rc-1.jar:4.13-rc-1]
	at org.junit.runners.ParentRunner$4.run(ParentRunner.java:330) [junit-4.13-rc-1.jar:4.13-rc-1]
	at org.junit.runners.ParentRunner$1.schedule(ParentRunner.java:78) [junit-4.13-rc-1.jar:4.13-rc-1]
	at org.junit.runners.ParentRunner.runChildren(ParentRunner.java:328) [junit-4.13-rc-1.jar:4.13-rc-1]
	at org.junit.runners.ParentRunner.access$100(ParentRunner.java:65) [junit-4.13-rc-1.jar:4.13-rc-1]
	at org.junit.runners.ParentRunner$2.evaluate(ParentRunner.java:292) [junit-4.13-rc-1.jar:4.13-rc-1]
	at org.junit.runners.ParentRunner$3.evaluate(ParentRunner.java:305) [junit-4.13-rc-1.jar:4.13-rc-1]
	at org.junit.runners.ParentRunner.run(ParentRunner.java:412) [junit-4.13-rc-1.jar:4.13-rc-1]
	at org.eclipse.jdt.internal.junit4.runner.JUnit4TestReference.run(JUnit4TestReference.java:89) [.cp/:?]
	at org.eclipse.jdt.internal.junit.runner.TestExecution.run(TestExecution.java:41) [.cp/:?]
	at org.eclipse.jdt.internal.junit.runner.RemoteTestRunner.runTests(RemoteTestRunner.java:541) [.cp/:?]
	at org.eclipse.jdt.internal.junit.runner.RemoteTestRunner.runTests(RemoteTestRunner.java:763) [.cp/:?]
	at org.eclipse.jdt.internal.junit.runner.RemoteTestRunner.run(RemoteTestRunner.java:463) [.cp/:?]
	at org.eclipse.jdt.internal.junit.runner.RemoteTestRunner.main(RemoteTestRunner.java:209) [.cp/:?]
23:38:00 ERROR DataValidator - Catching
java.lang.NullPointerException: null
	at main.java.by.epam.web.unit2.validator.DataValidator.makeValidData(DataValidator.java:36) [bin/:?]
	at test.java.by.epam.web.unit2.DataValidatorTest.makeValidDataTest(DataValidatorTest.java:19) [bin/:?]
	at sun.reflect.NativeMethodAccessorImpl.invoke0(Native Method) ~[?:1.8.0_221]
	at sun.reflect.NativeMethodAccessorImpl.invoke(Unknown Source) ~[?:1.8.0_221]
	at sun.reflect.DelegatingMethodAccessorImpl.invoke(Unknown Source) ~[?:1.8.0_221]
	at java.lang.reflect.Method.invoke(Unknown Source) ~[?:1.8.0_221]
	at org.junit.runners.model.FrameworkMethod$1.runReflectiveCall(FrameworkMethod.java:59) [junit-4.13-rc-1.jar:4.13-rc-1]
	at org.junit.internal.runners.model.ReflectiveCallable.run(ReflectiveCallable.java:12) [junit-4.13-rc-1.jar:4.13-rc-1]
	at org.junit.runners.model.FrameworkMethod.invokeExplosively(FrameworkMethod.java:56) [junit-4.13-rc-1.jar:4.13-rc-1]
	at org.junit.internal.runners.statements.InvokeMethod.evaluate(InvokeMethod.java:17) [junit-4.13-rc-1.jar:4.13-rc-1]
	at org.junit.runners.ParentRunner$3.evaluate(ParentRunner.java:305) [junit-4.13-rc-1.jar:4.13-rc-1]
	at org.junit.runners.BlockJUnit4ClassRunner$1.evaluate(BlockJUnit4ClassRunner.java:100) [junit-4.13-rc-1.jar:4.13-rc-1]
	at org.junit.runners.ParentRunner.runLeaf(ParentRunner.java:365) [junit-4.13-rc-1.jar:4.13-rc-1]
	at org.junit.runners.BlockJUnit4ClassRunner.runChild(BlockJUnit4ClassRunner.java:103) [junit-4.13-rc-1.jar:4.13-rc-1]
	at org.junit.runners.BlockJUnit4ClassRunner.runChild(BlockJUnit4ClassRunner.java:63) [junit-4.13-rc-1.jar:4.13-rc-1]
	at org.junit.runners.ParentRunner$4.run(ParentRunner.java:330) [junit-4.13-rc-1.jar:4.13-rc-1]
	at org.junit.runners.ParentRunner$1.schedule(ParentRunner.java:78) [junit-4.13-rc-1.jar:4.13-rc-1]
	at org.junit.runners.ParentRunner.runChildren(ParentRunner.java:328) [junit-4.13-rc-1.jar:4.13-rc-1]
	at org.junit.runners.ParentRunner.access$100(ParentRunner.java:65) [junit-4.13-rc-1.jar:4.13-rc-1]
	at org.junit.runners.ParentRunner$2.evaluate(ParentRunner.java:292) [junit-4.13-rc-1.jar:4.13-rc-1]
	at org.junit.runners.ParentRunner$3.evaluate(ParentRunner.java:305) [junit-4.13-rc-1.jar:4.13-rc-1]
	at org.junit.runners.ParentRunner.run(ParentRunner.java:412) [junit-4.13-rc-1.jar:4.13-rc-1]
	at org.eclipse.jdt.internal.junit4.runner.JUnit4TestReference.run(JUnit4TestReference.java:89) [.cp/:?]
	at org.eclipse.jdt.internal.junit.runner.TestExecution.run(TestExecution.java:41) [.cp/:?]
	at org.eclipse.jdt.internal.junit.runner.RemoteTestRunner.runTests(RemoteTestRunner.java:541) [.cp/:?]
	at org.eclipse.jdt.internal.junit.runner.RemoteTestRunner.runTests(RemoteTestRunner.java:763) [.cp/:?]
	at org.eclipse.jdt.internal.junit.runner.RemoteTestRunner.run(RemoteTestRunner.java:463) [.cp/:?]
	at org.eclipse.jdt.internal.junit.runner.RemoteTestRunner.main(RemoteTestRunner.java:209) [.cp/:?]
23:38:00 ERROR DataValidator - Catching
java.lang.NullPointerException: null
	at main.java.by.epam.web.unit2.validator.DataValidator.makeValidData(DataValidator.java:36) [bin/:?]
	at test.java.by.epam.web.unit2.DataValidatorTest.makeValidDataTest2(DataValidatorTest.java:26) [bin/:?]
	at sun.reflect.NativeMethodAccessorImpl.invoke0(Native Method) ~[?:1.8.0_221]
	at sun.reflect.NativeMethodAccessorImpl.invoke(Unknown Source) ~[?:1.8.0_221]
	at sun.reflect.DelegatingMethodAccessorImpl.invoke(Unknown Source) ~[?:1.8.0_221]
	at java.lang.reflect.Method.invoke(Unknown Source) ~[?:1.8.0_221]
	at org.junit.runners.model.FrameworkMethod$1.runReflectiveCall(FrameworkMethod.java:59) [junit-4.13-rc-1.jar:4.13-rc-1]
	at org.junit.internal.runners.model.ReflectiveCallable.run(ReflectiveCallable.java:12) [junit-4.13-rc-1.jar:4.13-rc-1]
	at org.junit.runners.model.FrameworkMethod.invokeExplosively(FrameworkMethod.java:56) [junit-4.13-rc-1.jar:4.13-rc-1]
	at org.junit.internal.runners.statements.InvokeMethod.evaluate(InvokeMethod.java:17) [junit-4.13-rc-1.jar:4.13-rc-1]
	at org.junit.runners.ParentRunner$3.evaluate(ParentRunner.java:305) [junit-4.13-rc-1.jar:4.13-rc-1]
	at org.junit.runners.BlockJUnit4ClassRunner$1.evaluate(BlockJUnit4ClassRunner.java:100) [junit-4.13-rc-1.jar:4.13-rc-1]
	at org.junit.runners.ParentRunner.runLeaf(ParentRunner.java:365) [junit-4.13-rc-1.jar:4.13-rc-1]
	at org.junit.runners.BlockJUnit4ClassRunner.runChild(BlockJUnit4ClassRunner.java:103) [junit-4.13-rc-1.jar:4.13-rc-1]
	at org.junit.runners.BlockJUnit4ClassRunner.runChild(BlockJUnit4ClassRunner.java:63) [junit-4.13-rc-1.jar:4.13-rc-1]
	at org.junit.runners.ParentRunner$4.run(ParentRunner.java:330) [junit-4.13-rc-1.jar:4.13-rc-1]
	at org.junit.runners.ParentRunner$1.schedule(ParentRunner.java:78) [junit-4.13-rc-1.jar:4.13-rc-1]
	at org.junit.runners.ParentRunner.runChildren(ParentRunner.java:328) [junit-4.13-rc-1.jar:4.13-rc-1]
	at org.junit.runners.ParentRunner.access$100(ParentRunner.java:65) [junit-4.13-rc-1.jar:4.13-rc-1]
	at org.junit.runners.ParentRunner$2.evaluate(ParentRunner.java:292) [junit-4.13-rc-1.jar:4.13-rc-1]
	at org.junit.runners.ParentRunner$3.evaluate(ParentRunner.java:305) [junit-4.13-rc-1.jar:4.13-rc-1]
	at org.junit.runners.ParentRunner.run(ParentRunner.java:412) [junit-4.13-rc-1.jar:4.13-rc-1]
	at org.eclipse.jdt.internal.junit4.runner.JUnit4TestReference.run(JUnit4TestReference.java:89) [.cp/:?]
	at org.eclipse.jdt.internal.junit.runner.TestExecution.run(TestExecution.java:41) [.cp/:?]
	at org.eclipse.jdt.internal.junit.runner.RemoteTestRunner.runTests(RemoteTestRunner.java:541) [.cp/:?]
	at org.eclipse.jdt.internal.junit.runner.RemoteTestRunner.runTests(RemoteTestRunner.java:763) [.cp/:?]
	at org.eclipse.jdt.internal.junit.runner.RemoteTestRunner.run(RemoteTestRunner.java:463) [.cp/:?]
	at org.eclipse.jdt.internal.junit.runner.RemoteTestRunner.main(RemoteTestRunner.java:209) [.cp/:?]
23:38:00 ERROR DataValidator - Catching
java.lang.NullPointerException: null
	at main.java.by.epam.web.unit2.validator.DataValidator.makeValidData(DataValidator.java:36) [bin/:?]
	at test.java.by.epam.web.unit2.DataValidatorTest.makeValidDataTest2(DataValidatorTest.java:26) [bin/:?]
	at sun.reflect.NativeMethodAccessorImpl.invoke0(Native Method) ~[?:1.8.0_221]
	at sun.reflect.NativeMethodAccessorImpl.invoke(Unknown Source) ~[?:1.8.0_221]
	at sun.reflect.DelegatingMethodAccessorImpl.invoke(Unknown Source) ~[?:1.8.0_221]
	at java.lang.reflect.Method.invoke(Unknown Source) ~[?:1.8.0_221]
	at org.junit.runners.model.FrameworkMethod$1.runReflectiveCall(FrameworkMethod.java:59) [junit-4.13-rc-1.jar:4.13-rc-1]
	at org.junit.internal.runners.model.ReflectiveCallable.run(ReflectiveCallable.java:12) [junit-4.13-rc-1.jar:4.13-rc-1]
	at org.junit.runners.model.FrameworkMethod.invokeExplosively(FrameworkMethod.java:56) [junit-4.13-rc-1.jar:4.13-rc-1]
	at org.junit.internal.runners.statements.InvokeMethod.evaluate(InvokeMethod.java:17) [junit-4.13-rc-1.jar:4.13-rc-1]
	at org.junit.runners.ParentRunner$3.evaluate(ParentRunner.java:305) [junit-4.13-rc-1.jar:4.13-rc-1]
	at org.junit.runners.BlockJUnit4ClassRunner$1.evaluate(BlockJUnit4ClassRunner.java:100) [junit-4.13-rc-1.jar:4.13-rc-1]
	at org.junit.runners.ParentRunner.runLeaf(ParentRunner.java:365) [junit-4.13-rc-1.jar:4.13-rc-1]
	at org.junit.runners.BlockJUnit4ClassRunner.runChild(BlockJUnit4ClassRunner.java:103) [junit-4.13-rc-1.jar:4.13-rc-1]
	at org.junit.runners.BlockJUnit4ClassRunner.runChild(BlockJUnit4ClassRunner.java:63) [junit-4.13-rc-1.jar:4.13-rc-1]
	at org.junit.runners.ParentRunner$4.run(ParentRunner.java:330) [junit-4.13-rc-1.jar:4.13-rc-1]
	at org.junit.runners.ParentRunner$1.schedule(ParentRunner.java:78) [junit-4.13-rc-1.jar:4.13-rc-1]
	at org.junit.runners.ParentRunner.runChildren(ParentRunner.java:328) [junit-4.13-rc-1.jar:4.13-rc-1]
	at org.junit.runners.ParentRunner.access$100(ParentRunner.java:65) [junit-4.13-rc-1.jar:4.13-rc-1]
	at org.junit.runners.ParentRunner$2.evaluate(ParentRunner.java:292) [junit-4.13-rc-1.jar:4.13-rc-1]
	at org.junit.runners.ParentRunner$3.evaluate(ParentRunner.java:305) [junit-4.13-rc-1.jar:4.13-rc-1]
	at org.junit.runners.ParentRunner.run(ParentRunner.java:412) [junit-4.13-rc-1.jar:4.13-rc-1]
	at org.eclipse.jdt.internal.junit4.runner.JUnit4TestReference.run(JUnit4TestReference.java:89) [.cp/:?]
	at org.eclipse.jdt.internal.junit.runner.TestExecution.run(TestExecution.java:41) [.cp/:?]
	at org.eclipse.jdt.internal.junit.runner.RemoteTestRunner.runTests(RemoteTestRunner.java:541) [.cp/:?]
	at org.eclipse.jdt.internal.junit.runner.RemoteTestRunner.runTests(RemoteTestRunner.java:763) [.cp/:?]
	at org.eclipse.jdt.internal.junit.runner.RemoteTestRunner.run(RemoteTestRunner.java:463) [.cp/:?]
	at org.eclipse.jdt.internal.junit.runner.RemoteTestRunner.main(RemoteTestRunner.java:209) [.cp/:?]
23:38:00 ERROR DataValidator - Catching
java.lang.NullPointerException: null
	at main.java.by.epam.web.unit2.validator.DataValidator.makeValidData(DataValidator.java:36) [bin/:?]
	at test.java.by.epam.web.unit2.DataValidatorTest.makeValidDataTest2(DataValidatorTest.java:26) [bin/:?]
	at sun.reflect.NativeMethodAccessorImpl.invoke0(Native Method) ~[?:1.8.0_221]
	at sun.reflect.NativeMethodAccessorImpl.invoke(Unknown Source) ~[?:1.8.0_221]
	at sun.reflect.DelegatingMethodAccessorImpl.invoke(Unknown Source) ~[?:1.8.0_221]
	at java.lang.reflect.Method.invoke(Unknown Source) ~[?:1.8.0_221]
	at org.junit.runners.model.FrameworkMethod$1.runReflectiveCall(FrameworkMethod.java:59) [junit-4.13-rc-1.jar:4.13-rc-1]
	at org.junit.internal.runners.model.ReflectiveCallable.run(ReflectiveCallable.java:12) [junit-4.13-rc-1.jar:4.13-rc-1]
	at org.junit.runners.model.FrameworkMethod.invokeExplosively(FrameworkMethod.java:56) [junit-4.13-rc-1.jar:4.13-rc-1]
	at org.junit.internal.runners.statements.InvokeMethod.evaluate(InvokeMethod.java:17) [junit-4.13-rc-1.jar:4.13-rc-1]
	at org.junit.runners.ParentRunner$3.evaluate(ParentRunner.java:305) [junit-4.13-rc-1.jar:4.13-rc-1]
	at org.junit.runners.BlockJUnit4ClassRunner$1.evaluate(BlockJUnit4ClassRunner.java:100) [junit-4.13-rc-1.jar:4.13-rc-1]
	at org.junit.runners.ParentRunner.runLeaf(ParentRunner.java:365) [junit-4.13-rc-1.jar:4.13-rc-1]
	at org.junit.runners.BlockJUnit4ClassRunner.runChild(BlockJUnit4ClassRunner.java:103) [junit-4.13-rc-1.jar:4.13-rc-1]
	at org.junit.runners.BlockJUnit4ClassRunner.runChild(BlockJUnit4ClassRunner.java:63) [junit-4.13-rc-1.jar:4.13-rc-1]
	at org.junit.runners.ParentRunner$4.run(ParentRunner.java:330) [junit-4.13-rc-1.jar:4.13-rc-1]
	at org.junit.runners.ParentRunner$1.schedule(ParentRunner.java:78) [junit-4.13-rc-1.jar:4.13-rc-1]
	at org.junit.runners.ParentRunner.runChildren(ParentRunner.java:328) [junit-4.13-rc-1.jar:4.13-rc-1]
	at org.junit.runners.ParentRunner.access$100(ParentRunner.java:65) [junit-4.13-rc-1.jar:4.13-rc-1]
	at org.junit.runners.ParentRunner$2.evaluate(ParentRunner.java:292) [junit-4.13-rc-1.jar:4.13-rc-1]
	at org.junit.runners.ParentRunner$3.evaluate(ParentRunner.java:305) [junit-4.13-rc-1.jar:4.13-rc-1]
	at org.junit.runners.ParentRunner.run(ParentRunner.java:412) [junit-4.13-rc-1.jar:4.13-rc-1]
	at org.eclipse.jdt.internal.junit4.runner.JUnit4TestReference.run(JUnit4TestReference.java:89) [.cp/:?]
	at org.eclipse.jdt.internal.junit.runner.TestExecution.run(TestExecution.java:41) [.cp/:?]
	at org.eclipse.jdt.internal.junit.runner.RemoteTestRunner.runTests(RemoteTestRunner.java:541) [.cp/:?]
	at org.eclipse.jdt.internal.junit.runner.RemoteTestRunner.runTests(RemoteTestRunner.java:763) [.cp/:?]
	at org.eclipse.jdt.internal.junit.runner.RemoteTestRunner.run(RemoteTestRunner.java:463) [.cp/:?]
	at org.eclipse.jdt.internal.junit.runner.RemoteTestRunner.main(RemoteTestRunner.java:209) [.cp/:?]
23:38:00 ERROR DataValidator - Catching
java.lang.NullPointerException: null
	at main.java.by.epam.web.unit2.validator.DataValidator.makeValidData(DataValidator.java:36) [bin/:?]
	at test.java.by.epam.web.unit2.DataValidatorTest.makeValidDataTest2(DataValidatorTest.java:26) [bin/:?]
	at sun.reflect.NativeMethodAccessorImpl.invoke0(Native Method) ~[?:1.8.0_221]
	at sun.reflect.NativeMethodAccessorImpl.invoke(Unknown Source) ~[?:1.8.0_221]
	at sun.reflect.DelegatingMethodAccessorImpl.invoke(Unknown Source) ~[?:1.8.0_221]
	at java.lang.reflect.Method.invoke(Unknown Source) ~[?:1.8.0_221]
	at org.junit.runners.model.FrameworkMethod$1.runReflectiveCall(FrameworkMethod.java:59) [junit-4.13-rc-1.jar:4.13-rc-1]
	at org.junit.internal.runners.model.ReflectiveCallable.run(ReflectiveCallable.java:12) [junit-4.13-rc-1.jar:4.13-rc-1]
	at org.junit.runners.model.FrameworkMethod.invokeExplosively(FrameworkMethod.java:56) [junit-4.13-rc-1.jar:4.13-rc-1]
	at org.junit.internal.runners.statements.InvokeMethod.evaluate(InvokeMethod.java:17) [junit-4.13-rc-1.jar:4.13-rc-1]
	at org.junit.runners.ParentRunner$3.evaluate(ParentRunner.java:305) [junit-4.13-rc-1.jar:4.13-rc-1]
	at org.junit.runners.BlockJUnit4ClassRunner$1.evaluate(BlockJUnit4ClassRunner.java:100) [junit-4.13-rc-1.jar:4.13-rc-1]
	at org.junit.runners.ParentRunner.runLeaf(ParentRunner.java:365) [junit-4.13-rc-1.jar:4.13-rc-1]
	at org.junit.runners.BlockJUnit4ClassRunner.runChild(BlockJUnit4ClassRunner.java:103) [junit-4.13-rc-1.jar:4.13-rc-1]
	at org.junit.runners.BlockJUnit4ClassRunner.runChild(BlockJUnit4ClassRunner.java:63) [junit-4.13-rc-1.jar:4.13-rc-1]
	at org.junit.runners.ParentRunner$4.run(ParentRunner.java:330) [junit-4.13-rc-1.jar:4.13-rc-1]
	at org.junit.runners.ParentRunner$1.schedule(ParentRunner.java:78) [junit-4.13-rc-1.jar:4.13-rc-1]
	at org.junit.runners.ParentRunner.runChildren(ParentRunner.java:328) [junit-4.13-rc-1.jar:4.13-rc-1]
	at org.junit.runners.ParentRunner.access$100(ParentRunner.java:65) [junit-4.13-rc-1.jar:4.13-rc-1]
	at org.junit.runners.ParentRunner$2.evaluate(ParentRunner.java:292) [junit-4.13-rc-1.jar:4.13-rc-1]
	at org.junit.runners.ParentRunner$3.evaluate(ParentRunner.java:305) [junit-4.13-rc-1.jar:4.13-rc-1]
	at org.junit.runners.ParentRunner.run(ParentRunner.java:412) [junit-4.13-rc-1.jar:4.13-rc-1]
	at org.eclipse.jdt.internal.junit4.runner.JUnit4TestReference.run(JUnit4TestReference.java:89) [.cp/:?]
	at org.eclipse.jdt.internal.junit.runner.TestExecution.run(TestExecution.java:41) [.cp/:?]
	at org.eclipse.jdt.internal.junit.runner.RemoteTestRunner.runTests(RemoteTestRunner.java:541) [.cp/:?]
	at org.eclipse.jdt.internal.junit.runner.RemoteTestRunner.runTests(RemoteTestRunner.java:763) [.cp/:?]
	at org.eclipse.jdt.internal.junit.runner.RemoteTestRunner.run(RemoteTestRunner.java:463) [.cp/:?]
	at org.eclipse.jdt.internal.junit.runner.RemoteTestRunner.main(RemoteTestRunner.java:209) [.cp/:?]
23:38:00 ERROR DataValidator - Catching
java.lang.NullPointerException: null
	at main.java.by.epam.web.unit2.validator.DataValidator.makeValidData(DataValidator.java:36) [bin/:?]
	at test.java.by.epam.web.unit2.DataValidatorTest.makeValidDataTest2(DataValidatorTest.java:26) [bin/:?]
	at sun.reflect.NativeMethodAccessorImpl.invoke0(Native Method) ~[?:1.8.0_221]
	at sun.reflect.NativeMethodAccessorImpl.invoke(Unknown Source) ~[?:1.8.0_221]
	at sun.reflect.DelegatingMethodAccessorImpl.invoke(Unknown Source) ~[?:1.8.0_221]
	at java.lang.reflect.Method.invoke(Unknown Source) ~[?:1.8.0_221]
	at org.junit.runners.model.FrameworkMethod$1.runReflectiveCall(FrameworkMethod.java:59) [junit-4.13-rc-1.jar:4.13-rc-1]
	at org.junit.internal.runners.model.ReflectiveCallable.run(ReflectiveCallable.java:12) [junit-4.13-rc-1.jar:4.13-rc-1]
	at org.junit.runners.model.FrameworkMethod.invokeExplosively(FrameworkMethod.java:56) [junit-4.13-rc-1.jar:4.13-rc-1]
	at org.junit.internal.runners.statements.InvokeMethod.evaluate(InvokeMethod.java:17) [junit-4.13-rc-1.jar:4.13-rc-1]
	at org.junit.runners.ParentRunner$3.evaluate(ParentRunner.java:305) [junit-4.13-rc-1.jar:4.13-rc-1]
	at org.junit.runners.BlockJUnit4ClassRunner$1.evaluate(BlockJUnit4ClassRunner.java:100) [junit-4.13-rc-1.jar:4.13-rc-1]
	at org.junit.runners.ParentRunner.runLeaf(ParentRunner.java:365) [junit-4.13-rc-1.jar:4.13-rc-1]
	at org.junit.runners.BlockJUnit4ClassRunner.runChild(BlockJUnit4ClassRunner.java:103) [junit-4.13-rc-1.jar:4.13-rc-1]
	at org.junit.runners.BlockJUnit4ClassRunner.runChild(BlockJUnit4ClassRunner.java:63) [junit-4.13-rc-1.jar:4.13-rc-1]
	at org.junit.runners.ParentRunner$4.run(ParentRunner.java:330) [junit-4.13-rc-1.jar:4.13-rc-1]
	at org.junit.runners.ParentRunner$1.schedule(ParentRunner.java:78) [junit-4.13-rc-1.jar:4.13-rc-1]
	at org.junit.runners.ParentRunner.runChildren(ParentRunner.java:328) [junit-4.13-rc-1.jar:4.13-rc-1]
	at org.junit.runners.ParentRunner.access$100(ParentRunner.java:65) [junit-4.13-rc-1.jar:4.13-rc-1]
	at org.junit.runners.ParentRunner$2.evaluate(ParentRunner.java:292) [junit-4.13-rc-1.jar:4.13-rc-1]
	at org.junit.runners.ParentRunner$3.evaluate(ParentRunner.java:305) [junit-4.13-rc-1.jar:4.13-rc-1]
	at org.junit.runners.ParentRunner.run(ParentRunner.java:412) [junit-4.13-rc-1.jar:4.13-rc-1]
	at org.eclipse.jdt.internal.junit4.runner.JUnit4TestReference.run(JUnit4TestReference.java:89) [.cp/:?]
	at org.eclipse.jdt.internal.junit.runner.TestExecution.run(TestExecution.java:41) [.cp/:?]
	at org.eclipse.jdt.internal.junit.runner.RemoteTestRunner.runTests(RemoteTestRunner.java:541) [.cp/:?]
	at org.eclipse.jdt.internal.junit.runner.RemoteTestRunner.runTests(RemoteTestRunner.java:763) [.cp/:?]
	at org.eclipse.jdt.internal.junit.runner.RemoteTestRunner.run(RemoteTestRunner.java:463) [.cp/:?]
	at org.eclipse.jdt.internal.junit.runner.RemoteTestRunner.main(RemoteTestRunner.java:209) [.cp/:?]
23:38:00 ERROR DataValidator - Catching
java.lang.NullPointerException: null
	at main.java.by.epam.web.unit2.validator.DataValidator.makeValidData(DataValidator.java:36) [bin/:?]
	at test.java.by.epam.web.unit2.DataValidatorTest.makeValidDataTest2(DataValidatorTest.java:26) [bin/:?]
	at sun.reflect.NativeMethodAccessorImpl.invoke0(Native Method) ~[?:1.8.0_221]
	at sun.reflect.NativeMethodAccessorImpl.invoke(Unknown Source) ~[?:1.8.0_221]
	at sun.reflect.DelegatingMethodAccessorImpl.invoke(Unknown Source) ~[?:1.8.0_221]
	at java.lang.reflect.Method.invoke(Unknown Source) ~[?:1.8.0_221]
	at org.junit.runners.model.FrameworkMethod$1.runReflectiveCall(FrameworkMethod.java:59) [junit-4.13-rc-1.jar:4.13-rc-1]
	at org.junit.internal.runners.model.ReflectiveCallable.run(ReflectiveCallable.java:12) [junit-4.13-rc-1.jar:4.13-rc-1]
	at org.junit.runners.model.FrameworkMethod.invokeExplosively(FrameworkMethod.java:56) [junit-4.13-rc-1.jar:4.13-rc-1]
	at org.junit.internal.runners.statements.InvokeMethod.evaluate(InvokeMethod.java:17) [junit-4.13-rc-1.jar:4.13-rc-1]
	at org.junit.runners.ParentRunner$3.evaluate(ParentRunner.java:305) [junit-4.13-rc-1.jar:4.13-rc-1]
	at org.junit.runners.BlockJUnit4ClassRunner$1.evaluate(BlockJUnit4ClassRunner.java:100) [junit-4.13-rc-1.jar:4.13-rc-1]
	at org.junit.runners.ParentRunner.runLeaf(ParentRunner.java:365) [junit-4.13-rc-1.jar:4.13-rc-1]
	at org.junit.runners.BlockJUnit4ClassRunner.runChild(BlockJUnit4ClassRunner.java:103) [junit-4.13-rc-1.jar:4.13-rc-1]
	at org.junit.runners.BlockJUnit4ClassRunner.runChild(BlockJUnit4ClassRunner.java:63) [junit-4.13-rc-1.jar:4.13-rc-1]
	at org.junit.runners.ParentRunner$4.run(ParentRunner.java:330) [junit-4.13-rc-1.jar:4.13-rc-1]
	at org.junit.runners.ParentRunner$1.schedule(ParentRunner.java:78) [junit-4.13-rc-1.jar:4.13-rc-1]
	at org.junit.runners.ParentRunner.runChildren(ParentRunner.java:328) [junit-4.13-rc-1.jar:4.13-rc-1]
	at org.junit.runners.ParentRunner.access$100(ParentRunner.java:65) [junit-4.13-rc-1.jar:4.13-rc-1]
	at org.junit.runners.ParentRunner$2.evaluate(ParentRunner.java:292) [junit-4.13-rc-1.jar:4.13-rc-1]
	at org.junit.runners.ParentRunner$3.evaluate(ParentRunner.java:305) [junit-4.13-rc-1.jar:4.13-rc-1]
	at org.junit.runners.ParentRunner.run(ParentRunner.java:412) [junit-4.13-rc-1.jar:4.13-rc-1]
	at org.eclipse.jdt.internal.junit4.runner.JUnit4TestReference.run(JUnit4TestReference.java:89) [.cp/:?]
	at org.eclipse.jdt.internal.junit.runner.TestExecution.run(TestExecution.java:41) [.cp/:?]
	at org.eclipse.jdt.internal.junit.runner.RemoteTestRunner.runTests(RemoteTestRunner.java:541) [.cp/:?]
	at org.eclipse.jdt.internal.junit.runner.RemoteTestRunner.runTests(RemoteTestRunner.java:763) [.cp/:?]
	at org.eclipse.jdt.internal.junit.runner.RemoteTestRunner.run(RemoteTestRunner.java:463) [.cp/:?]
	at org.eclipse.jdt.internal.junit.runner.RemoteTestRunner.main(RemoteTestRunner.java:209) [.cp/:?]
23:38:00 ERROR DataValidator - Catching
java.lang.NullPointerException: null
	at main.java.by.epam.web.unit2.validator.DataValidator.makeValidData(DataValidator.java:36) [bin/:?]
	at test.java.by.epam.web.unit2.DataValidatorTest.makeValidDataTest2(DataValidatorTest.java:26) [bin/:?]
	at sun.reflect.NativeMethodAccessorImpl.invoke0(Native Method) ~[?:1.8.0_221]
	at sun.reflect.NativeMethodAccessorImpl.invoke(Unknown Source) ~[?:1.8.0_221]
	at sun.reflect.DelegatingMethodAccessorImpl.invoke(Unknown Source) ~[?:1.8.0_221]
	at java.lang.reflect.Method.invoke(Unknown Source) ~[?:1.8.0_221]
	at org.junit.runners.model.FrameworkMethod$1.runReflectiveCall(FrameworkMethod.java:59) [junit-4.13-rc-1.jar:4.13-rc-1]
	at org.junit.internal.runners.model.ReflectiveCallable.run(ReflectiveCallable.java:12) [junit-4.13-rc-1.jar:4.13-rc-1]
	at org.junit.runners.model.FrameworkMethod.invokeExplosively(FrameworkMethod.java:56) [junit-4.13-rc-1.jar:4.13-rc-1]
	at org.junit.internal.runners.statements.InvokeMethod.evaluate(InvokeMethod.java:17) [junit-4.13-rc-1.jar:4.13-rc-1]
	at org.junit.runners.ParentRunner$3.evaluate(ParentRunner.java:305) [junit-4.13-rc-1.jar:4.13-rc-1]
	at org.junit.runners.BlockJUnit4ClassRunner$1.evaluate(BlockJUnit4ClassRunner.java:100) [junit-4.13-rc-1.jar:4.13-rc-1]
	at org.junit.runners.ParentRunner.runLeaf(ParentRunner.java:365) [junit-4.13-rc-1.jar:4.13-rc-1]
	at org.junit.runners.BlockJUnit4ClassRunner.runChild(BlockJUnit4ClassRunner.java:103) [junit-4.13-rc-1.jar:4.13-rc-1]
	at org.junit.runners.BlockJUnit4ClassRunner.runChild(BlockJUnit4ClassRunner.java:63) [junit-4.13-rc-1.jar:4.13-rc-1]
	at org.junit.runners.ParentRunner$4.run(ParentRunner.java:330) [junit-4.13-rc-1.jar:4.13-rc-1]
	at org.junit.runners.ParentRunner$1.schedule(ParentRunner.java:78) [junit-4.13-rc-1.jar:4.13-rc-1]
	at org.junit.runners.ParentRunner.runChildren(ParentRunner.java:328) [junit-4.13-rc-1.jar:4.13-rc-1]
	at org.junit.runners.ParentRunner.access$100(ParentRunner.java:65) [junit-4.13-rc-1.jar:4.13-rc-1]
	at org.junit.runners.ParentRunner$2.evaluate(ParentRunner.java:292) [junit-4.13-rc-1.jar:4.13-rc-1]
	at org.junit.runners.ParentRunner$3.evaluate(ParentRunner.java:305) [junit-4.13-rc-1.jar:4.13-rc-1]
	at org.junit.runners.ParentRunner.run(ParentRunner.java:412) [junit-4.13-rc-1.jar:4.13-rc-1]
	at org.eclipse.jdt.internal.junit4.runner.JUnit4TestReference.run(JUnit4TestReference.java:89) [.cp/:?]
	at org.eclipse.jdt.internal.junit.runner.TestExecution.run(TestExecution.java:41) [.cp/:?]
	at org.eclipse.jdt.internal.junit.runner.RemoteTestRunner.runTests(RemoteTestRunner.java:541) [.cp/:?]
	at org.eclipse.jdt.internal.junit.runner.RemoteTestRunner.runTests(RemoteTestRunner.java:763) [.cp/:?]
	at org.eclipse.jdt.internal.junit.runner.RemoteTestRunner.run(RemoteTestRunner.java:463) [.cp/:?]
	at org.eclipse.jdt.internal.junit.runner.RemoteTestRunner.main(RemoteTestRunner.java:209) [.cp/:?]
23:38:00 ERROR DataValidator - Catching
java.lang.NullPointerException: null
	at main.java.by.epam.web.unit2.validator.DataValidator.makeValidData(DataValidator.java:36) [bin/:?]
	at test.java.by.epam.web.unit2.DataValidatorTest.makeValidDataTest2(DataValidatorTest.java:26) [bin/:?]
	at sun.reflect.NativeMethodAccessorImpl.invoke0(Native Method) ~[?:1.8.0_221]
	at sun.reflect.NativeMethodAccessorImpl.invoke(Unknown Source) ~[?:1.8.0_221]
	at sun.reflect.DelegatingMethodAccessorImpl.invoke(Unknown Source) ~[?:1.8.0_221]
	at java.lang.reflect.Method.invoke(Unknown Source) ~[?:1.8.0_221]
	at org.junit.runners.model.FrameworkMethod$1.runReflectiveCall(FrameworkMethod.java:59) [junit-4.13-rc-1.jar:4.13-rc-1]
	at org.junit.internal.runners.model.ReflectiveCallable.run(ReflectiveCallable.java:12) [junit-4.13-rc-1.jar:4.13-rc-1]
	at org.junit.runners.model.FrameworkMethod.invokeExplosively(FrameworkMethod.java:56) [junit-4.13-rc-1.jar:4.13-rc-1]
	at org.junit.internal.runners.statements.InvokeMethod.evaluate(InvokeMethod.java:17) [junit-4.13-rc-1.jar:4.13-rc-1]
	at org.junit.runners.ParentRunner$3.evaluate(ParentRunner.java:305) [junit-4.13-rc-1.jar:4.13-rc-1]
	at org.junit.runners.BlockJUnit4ClassRunner$1.evaluate(BlockJUnit4ClassRunner.java:100) [junit-4.13-rc-1.jar:4.13-rc-1]
	at org.junit.runners.ParentRunner.runLeaf(ParentRunner.java:365) [junit-4.13-rc-1.jar:4.13-rc-1]
	at org.junit.runners.BlockJUnit4ClassRunner.runChild(BlockJUnit4ClassRunner.java:103) [junit-4.13-rc-1.jar:4.13-rc-1]
	at org.junit.runners.BlockJUnit4ClassRunner.runChild(BlockJUnit4ClassRunner.java:63) [junit-4.13-rc-1.jar:4.13-rc-1]
	at org.junit.runners.ParentRunner$4.run(ParentRunner.java:330) [junit-4.13-rc-1.jar:4.13-rc-1]
	at org.junit.runners.ParentRunner$1.schedule(ParentRunner.java:78) [junit-4.13-rc-1.jar:4.13-rc-1]
	at org.junit.runners.ParentRunner.runChildren(ParentRunner.java:328) [junit-4.13-rc-1.jar:4.13-rc-1]
	at org.junit.runners.ParentRunner.access$100(ParentRunner.java:65) [junit-4.13-rc-1.jar:4.13-rc-1]
	at org.junit.runners.ParentRunner$2.evaluate(ParentRunner.java:292) [junit-4.13-rc-1.jar:4.13-rc-1]
	at org.junit.runners.ParentRunner$3.evaluate(ParentRunner.java:305) [junit-4.13-rc-1.jar:4.13-rc-1]
	at org.junit.runners.ParentRunner.run(ParentRunner.java:412) [junit-4.13-rc-1.jar:4.13-rc-1]
	at org.eclipse.jdt.internal.junit4.runner.JUnit4TestReference.run(JUnit4TestReference.java:89) [.cp/:?]
	at org.eclipse.jdt.internal.junit.runner.TestExecution.run(TestExecution.java:41) [.cp/:?]
	at org.eclipse.jdt.internal.junit.runner.RemoteTestRunner.runTests(RemoteTestRunner.java:541) [.cp/:?]
	at org.eclipse.jdt.internal.junit.runner.RemoteTestRunner.runTests(RemoteTestRunner.java:763) [.cp/:?]
	at org.eclipse.jdt.internal.junit.runner.RemoteTestRunner.run(RemoteTestRunner.java:463) [.cp/:?]
	at org.eclipse.jdt.internal.junit.runner.RemoteTestRunner.main(RemoteTestRunner.java:209) [.cp/:?]
23:38:00 ERROR DataValidator - Catching
java.lang.NullPointerException: null
	at main.java.by.epam.web.unit2.validator.DataValidator.makeValidData(DataValidator.java:36) [bin/:?]
	at test.java.by.epam.web.unit2.DataValidatorTest.makeValidDataTest2(DataValidatorTest.java:26) [bin/:?]
	at sun.reflect.NativeMethodAccessorImpl.invoke0(Native Method) ~[?:1.8.0_221]
	at sun.reflect.NativeMethodAccessorImpl.invoke(Unknown Source) ~[?:1.8.0_221]
	at sun.reflect.DelegatingMethodAccessorImpl.invoke(Unknown Source) ~[?:1.8.0_221]
	at java.lang.reflect.Method.invoke(Unknown Source) ~[?:1.8.0_221]
	at org.junit.runners.model.FrameworkMethod$1.runReflectiveCall(FrameworkMethod.java:59) [junit-4.13-rc-1.jar:4.13-rc-1]
	at org.junit.internal.runners.model.ReflectiveCallable.run(ReflectiveCallable.java:12) [junit-4.13-rc-1.jar:4.13-rc-1]
	at org.junit.runners.model.FrameworkMethod.invokeExplosively(FrameworkMethod.java:56) [junit-4.13-rc-1.jar:4.13-rc-1]
	at org.junit.internal.runners.statements.InvokeMethod.evaluate(InvokeMethod.java:17) [junit-4.13-rc-1.jar:4.13-rc-1]
	at org.junit.runners.ParentRunner$3.evaluate(ParentRunner.java:305) [junit-4.13-rc-1.jar:4.13-rc-1]
	at org.junit.runners.BlockJUnit4ClassRunner$1.evaluate(BlockJUnit4ClassRunner.java:100) [junit-4.13-rc-1.jar:4.13-rc-1]
	at org.junit.runners.ParentRunner.runLeaf(ParentRunner.java:365) [junit-4.13-rc-1.jar:4.13-rc-1]
	at org.junit.runners.BlockJUnit4ClassRunner.runChild(BlockJUnit4ClassRunner.java:103) [junit-4.13-rc-1.jar:4.13-rc-1]
	at org.junit.runners.BlockJUnit4ClassRunner.runChild(BlockJUnit4ClassRunner.java:63) [junit-4.13-rc-1.jar:4.13-rc-1]
	at org.junit.runners.ParentRunner$4.run(ParentRunner.java:330) [junit-4.13-rc-1.jar:4.13-rc-1]
	at org.junit.runners.ParentRunner$1.schedule(ParentRunner.java:78) [junit-4.13-rc-1.jar:4.13-rc-1]
	at org.junit.runners.ParentRunner.runChildren(ParentRunner.java:328) [junit-4.13-rc-1.jar:4.13-rc-1]
	at org.junit.runners.ParentRunner.access$100(ParentRunner.java:65) [junit-4.13-rc-1.jar:4.13-rc-1]
	at org.junit.runners.ParentRunner$2.evaluate(ParentRunner.java:292) [junit-4.13-rc-1.jar:4.13-rc-1]
	at org.junit.runners.ParentRunner$3.evaluate(ParentRunner.java:305) [junit-4.13-rc-1.jar:4.13-rc-1]
	at org.junit.runners.ParentRunner.run(ParentRunner.java:412) [junit-4.13-rc-1.jar:4.13-rc-1]
	at org.eclipse.jdt.internal.junit4.runner.JUnit4TestReference.run(JUnit4TestReference.java:89) [.cp/:?]
	at org.eclipse.jdt.internal.junit.runner.TestExecution.run(TestExecution.java:41) [.cp/:?]
	at org.eclipse.jdt.internal.junit.runner.RemoteTestRunner.runTests(RemoteTestRunner.java:541) [.cp/:?]
	at org.eclipse.jdt.internal.junit.runner.RemoteTestRunner.runTests(RemoteTestRunner.java:763) [.cp/:?]
	at org.eclipse.jdt.internal.junit.runner.RemoteTestRunner.run(RemoteTestRunner.java:463) [.cp/:?]
	at org.eclipse.jdt.internal.junit.runner.RemoteTestRunner.main(RemoteTestRunner.java:209) [.cp/:?]
23:38:00 ERROR DataValidator - Catching
java.lang.NullPointerException: null
	at main.java.by.epam.web.unit2.validator.DataValidator.makeValidData(DataValidator.java:36) [bin/:?]
	at test.java.by.epam.web.unit2.DataValidatorTest.makeValidDataTest2(DataValidatorTest.java:26) [bin/:?]
	at sun.reflect.NativeMethodAccessorImpl.invoke0(Native Method) ~[?:1.8.0_221]
	at sun.reflect.NativeMethodAccessorImpl.invoke(Unknown Source) ~[?:1.8.0_221]
	at sun.reflect.DelegatingMethodAccessorImpl.invoke(Unknown Source) ~[?:1.8.0_221]
	at java.lang.reflect.Method.invoke(Unknown Source) ~[?:1.8.0_221]
	at org.junit.runners.model.FrameworkMethod$1.runReflectiveCall(FrameworkMethod.java:59) [junit-4.13-rc-1.jar:4.13-rc-1]
	at org.junit.internal.runners.model.ReflectiveCallable.run(ReflectiveCallable.java:12) [junit-4.13-rc-1.jar:4.13-rc-1]
	at org.junit.runners.model.FrameworkMethod.invokeExplosively(FrameworkMethod.java:56) [junit-4.13-rc-1.jar:4.13-rc-1]
	at org.junit.internal.runners.statements.InvokeMethod.evaluate(InvokeMethod.java:17) [junit-4.13-rc-1.jar:4.13-rc-1]
	at org.junit.runners.ParentRunner$3.evaluate(ParentRunner.java:305) [junit-4.13-rc-1.jar:4.13-rc-1]
	at org.junit.runners.BlockJUnit4ClassRunner$1.evaluate(BlockJUnit4ClassRunner.java:100) [junit-4.13-rc-1.jar:4.13-rc-1]
	at org.junit.runners.ParentRunner.runLeaf(ParentRunner.java:365) [junit-4.13-rc-1.jar:4.13-rc-1]
	at org.junit.runners.BlockJUnit4ClassRunner.runChild(BlockJUnit4ClassRunner.java:103) [junit-4.13-rc-1.jar:4.13-rc-1]
	at org.junit.runners.BlockJUnit4ClassRunner.runChild(BlockJUnit4ClassRunner.java:63) [junit-4.13-rc-1.jar:4.13-rc-1]
	at org.junit.runners.ParentRunner$4.run(ParentRunner.java:330) [junit-4.13-rc-1.jar:4.13-rc-1]
	at org.junit.runners.ParentRunner$1.schedule(ParentRunner.java:78) [junit-4.13-rc-1.jar:4.13-rc-1]
	at org.junit.runners.ParentRunner.runChildren(ParentRunner.java:328) [junit-4.13-rc-1.jar:4.13-rc-1]
	at org.junit.runners.ParentRunner.access$100(ParentRunner.java:65) [junit-4.13-rc-1.jar:4.13-rc-1]
	at org.junit.runners.ParentRunner$2.evaluate(ParentRunner.java:292) [junit-4.13-rc-1.jar:4.13-rc-1]
	at org.junit.runners.ParentRunner$3.evaluate(ParentRunner.java:305) [junit-4.13-rc-1.jar:4.13-rc-1]
	at org.junit.runners.ParentRunner.run(ParentRunner.java:412) [junit-4.13-rc-1.jar:4.13-rc-1]
	at org.eclipse.jdt.internal.junit4.runner.JUnit4TestReference.run(JUnit4TestReference.java:89) [.cp/:?]
	at org.eclipse.jdt.internal.junit.runner.TestExecution.run(TestExecution.java:41) [.cp/:?]
	at org.eclipse.jdt.internal.junit.runner.RemoteTestRunner.runTests(RemoteTestRunner.java:541) [.cp/:?]
	at org.eclipse.jdt.internal.junit.runner.RemoteTestRunner.runTests(RemoteTestRunner.java:763) [.cp/:?]
	at org.eclipse.jdt.internal.junit.runner.RemoteTestRunner.run(RemoteTestRunner.java:463) [.cp/:?]
	at org.eclipse.jdt.internal.junit.runner.RemoteTestRunner.main(RemoteTestRunner.java:209) [.cp/:?]
23:38:00 ERROR DataValidator - Catching
java.lang.NullPointerException: null
	at main.java.by.epam.web.unit2.validator.DataValidator.makeValidData(DataValidator.java:36) [bin/:?]
	at test.java.by.epam.web.unit2.DataValidatorTest.makeValidDataTest2(DataValidatorTest.java:26) [bin/:?]
	at sun.reflect.NativeMethodAccessorImpl.invoke0(Native Method) ~[?:1.8.0_221]
	at sun.reflect.NativeMethodAccessorImpl.invoke(Unknown Source) ~[?:1.8.0_221]
	at sun.reflect.DelegatingMethodAccessorImpl.invoke(Unknown Source) ~[?:1.8.0_221]
	at java.lang.reflect.Method.invoke(Unknown Source) ~[?:1.8.0_221]
	at org.junit.runners.model.FrameworkMethod$1.runReflectiveCall(FrameworkMethod.java:59) [junit-4.13-rc-1.jar:4.13-rc-1]
	at org.junit.internal.runners.model.ReflectiveCallable.run(ReflectiveCallable.java:12) [junit-4.13-rc-1.jar:4.13-rc-1]
	at org.junit.runners.model.FrameworkMethod.invokeExplosively(FrameworkMethod.java:56) [junit-4.13-rc-1.jar:4.13-rc-1]
	at org.junit.internal.runners.statements.InvokeMethod.evaluate(InvokeMethod.java:17) [junit-4.13-rc-1.jar:4.13-rc-1]
	at org.junit.runners.ParentRunner$3.evaluate(ParentRunner.java:305) [junit-4.13-rc-1.jar:4.13-rc-1]
	at org.junit.runners.BlockJUnit4ClassRunner$1.evaluate(BlockJUnit4ClassRunner.java:100) [junit-4.13-rc-1.jar:4.13-rc-1]
	at org.junit.runners.ParentRunner.runLeaf(ParentRunner.java:365) [junit-4.13-rc-1.jar:4.13-rc-1]
	at org.junit.runners.BlockJUnit4ClassRunner.runChild(BlockJUnit4ClassRunner.java:103) [junit-4.13-rc-1.jar:4.13-rc-1]
	at org.junit.runners.BlockJUnit4ClassRunner.runChild(BlockJUnit4ClassRunner.java:63) [junit-4.13-rc-1.jar:4.13-rc-1]
	at org.junit.runners.ParentRunner$4.run(ParentRunner.java:330) [junit-4.13-rc-1.jar:4.13-rc-1]
	at org.junit.runners.ParentRunner$1.schedule(ParentRunner.java:78) [junit-4.13-rc-1.jar:4.13-rc-1]
	at org.junit.runners.ParentRunner.runChildren(ParentRunner.java:328) [junit-4.13-rc-1.jar:4.13-rc-1]
	at org.junit.runners.ParentRunner.access$100(ParentRunner.java:65) [junit-4.13-rc-1.jar:4.13-rc-1]
	at org.junit.runners.ParentRunner$2.evaluate(ParentRunner.java:292) [junit-4.13-rc-1.jar:4.13-rc-1]
	at org.junit.runners.ParentRunner$3.evaluate(ParentRunner.java:305) [junit-4.13-rc-1.jar:4.13-rc-1]
	at org.junit.runners.ParentRunner.run(ParentRunner.java:412) [junit-4.13-rc-1.jar:4.13-rc-1]
	at org.eclipse.jdt.internal.junit4.runner.JUnit4TestReference.run(JUnit4TestReference.java:89) [.cp/:?]
	at org.eclipse.jdt.internal.junit.runner.TestExecution.run(TestExecution.java:41) [.cp/:?]
	at org.eclipse.jdt.internal.junit.runner.RemoteTestRunner.runTests(RemoteTestRunner.java:541) [.cp/:?]
	at org.eclipse.jdt.internal.junit.runner.RemoteTestRunner.runTests(RemoteTestRunner.java:763) [.cp/:?]
	at org.eclipse.jdt.internal.junit.runner.RemoteTestRunner.run(RemoteTestRunner.java:463) [.cp/:?]
	at org.eclipse.jdt.internal.junit.runner.RemoteTestRunner.main(RemoteTestRunner.java:209) [.cp/:?]
23:38:42 ERROR DataValidator - Catching
java.lang.NullPointerException: null
	at main.java.by.epam.web.unit2.validator.DataValidator.makeValidData(DataValidator.java:36) [bin/:?]
	at test.java.by.epam.web.unit2.DataValidatorTest.makeValidDataTest(DataValidatorTest.java:19) [bin/:?]
	at sun.reflect.NativeMethodAccessorImpl.invoke0(Native Method) ~[?:1.8.0_221]
	at sun.reflect.NativeMethodAccessorImpl.invoke(Unknown Source) ~[?:1.8.0_221]
	at sun.reflect.DelegatingMethodAccessorImpl.invoke(Unknown Source) ~[?:1.8.0_221]
	at java.lang.reflect.Method.invoke(Unknown Source) ~[?:1.8.0_221]
	at org.junit.runners.model.FrameworkMethod$1.runReflectiveCall(FrameworkMethod.java:59) [junit-4.13-rc-1.jar:4.13-rc-1]
	at org.junit.internal.runners.model.ReflectiveCallable.run(ReflectiveCallable.java:12) [junit-4.13-rc-1.jar:4.13-rc-1]
	at org.junit.runners.model.FrameworkMethod.invokeExplosively(FrameworkMethod.java:56) [junit-4.13-rc-1.jar:4.13-rc-1]
	at org.junit.internal.runners.statements.InvokeMethod.evaluate(InvokeMethod.java:17) [junit-4.13-rc-1.jar:4.13-rc-1]
	at org.junit.runners.ParentRunner$3.evaluate(ParentRunner.java:305) [junit-4.13-rc-1.jar:4.13-rc-1]
	at org.junit.runners.BlockJUnit4ClassRunner$1.evaluate(BlockJUnit4ClassRunner.java:100) [junit-4.13-rc-1.jar:4.13-rc-1]
	at org.junit.runners.ParentRunner.runLeaf(ParentRunner.java:365) [junit-4.13-rc-1.jar:4.13-rc-1]
	at org.junit.runners.BlockJUnit4ClassRunner.runChild(BlockJUnit4ClassRunner.java:103) [junit-4.13-rc-1.jar:4.13-rc-1]
	at org.junit.runners.BlockJUnit4ClassRunner.runChild(BlockJUnit4ClassRunner.java:63) [junit-4.13-rc-1.jar:4.13-rc-1]
	at org.junit.runners.ParentRunner$4.run(ParentRunner.java:330) [junit-4.13-rc-1.jar:4.13-rc-1]
	at org.junit.runners.ParentRunner$1.schedule(ParentRunner.java:78) [junit-4.13-rc-1.jar:4.13-rc-1]
	at org.junit.runners.ParentRunner.runChildren(ParentRunner.java:328) [junit-4.13-rc-1.jar:4.13-rc-1]
	at org.junit.runners.ParentRunner.access$100(ParentRunner.java:65) [junit-4.13-rc-1.jar:4.13-rc-1]
	at org.junit.runners.ParentRunner$2.evaluate(ParentRunner.java:292) [junit-4.13-rc-1.jar:4.13-rc-1]
	at org.junit.runners.ParentRunner$3.evaluate(ParentRunner.java:305) [junit-4.13-rc-1.jar:4.13-rc-1]
	at org.junit.runners.ParentRunner.run(ParentRunner.java:412) [junit-4.13-rc-1.jar:4.13-rc-1]
	at org.eclipse.jdt.internal.junit4.runner.JUnit4TestReference.run(JUnit4TestReference.java:89) [.cp/:?]
	at org.eclipse.jdt.internal.junit.runner.TestExecution.run(TestExecution.java:41) [.cp/:?]
	at org.eclipse.jdt.internal.junit.runner.RemoteTestRunner.runTests(RemoteTestRunner.java:541) [.cp/:?]
	at org.eclipse.jdt.internal.junit.runner.RemoteTestRunner.runTests(RemoteTestRunner.java:763) [.cp/:?]
	at org.eclipse.jdt.internal.junit.runner.RemoteTestRunner.run(RemoteTestRunner.java:463) [.cp/:?]
	at org.eclipse.jdt.internal.junit.runner.RemoteTestRunner.main(RemoteTestRunner.java:209) [.cp/:?]
23:38:42 ERROR DataValidator - Catching
java.lang.NullPointerException: null
	at main.java.by.epam.web.unit2.validator.DataValidator.makeValidData(DataValidator.java:36) [bin/:?]
	at test.java.by.epam.web.unit2.DataValidatorTest.makeValidDataTest(DataValidatorTest.java:19) [bin/:?]
	at sun.reflect.NativeMethodAccessorImpl.invoke0(Native Method) ~[?:1.8.0_221]
	at sun.reflect.NativeMethodAccessorImpl.invoke(Unknown Source) ~[?:1.8.0_221]
	at sun.reflect.DelegatingMethodAccessorImpl.invoke(Unknown Source) ~[?:1.8.0_221]
	at java.lang.reflect.Method.invoke(Unknown Source) ~[?:1.8.0_221]
	at org.junit.runners.model.FrameworkMethod$1.runReflectiveCall(FrameworkMethod.java:59) [junit-4.13-rc-1.jar:4.13-rc-1]
	at org.junit.internal.runners.model.ReflectiveCallable.run(ReflectiveCallable.java:12) [junit-4.13-rc-1.jar:4.13-rc-1]
	at org.junit.runners.model.FrameworkMethod.invokeExplosively(FrameworkMethod.java:56) [junit-4.13-rc-1.jar:4.13-rc-1]
	at org.junit.internal.runners.statements.InvokeMethod.evaluate(InvokeMethod.java:17) [junit-4.13-rc-1.jar:4.13-rc-1]
	at org.junit.runners.ParentRunner$3.evaluate(ParentRunner.java:305) [junit-4.13-rc-1.jar:4.13-rc-1]
	at org.junit.runners.BlockJUnit4ClassRunner$1.evaluate(BlockJUnit4ClassRunner.java:100) [junit-4.13-rc-1.jar:4.13-rc-1]
	at org.junit.runners.ParentRunner.runLeaf(ParentRunner.java:365) [junit-4.13-rc-1.jar:4.13-rc-1]
	at org.junit.runners.BlockJUnit4ClassRunner.runChild(BlockJUnit4ClassRunner.java:103) [junit-4.13-rc-1.jar:4.13-rc-1]
	at org.junit.runners.BlockJUnit4ClassRunner.runChild(BlockJUnit4ClassRunner.java:63) [junit-4.13-rc-1.jar:4.13-rc-1]
	at org.junit.runners.ParentRunner$4.run(ParentRunner.java:330) [junit-4.13-rc-1.jar:4.13-rc-1]
	at org.junit.runners.ParentRunner$1.schedule(ParentRunner.java:78) [junit-4.13-rc-1.jar:4.13-rc-1]
	at org.junit.runners.ParentRunner.runChildren(ParentRunner.java:328) [junit-4.13-rc-1.jar:4.13-rc-1]
	at org.junit.runners.ParentRunner.access$100(ParentRunner.java:65) [junit-4.13-rc-1.jar:4.13-rc-1]
	at org.junit.runners.ParentRunner$2.evaluate(ParentRunner.java:292) [junit-4.13-rc-1.jar:4.13-rc-1]
	at org.junit.runners.ParentRunner$3.evaluate(ParentRunner.java:305) [junit-4.13-rc-1.jar:4.13-rc-1]
	at org.junit.runners.ParentRunner.run(ParentRunner.java:412) [junit-4.13-rc-1.jar:4.13-rc-1]
	at org.eclipse.jdt.internal.junit4.runner.JUnit4TestReference.run(JUnit4TestReference.java:89) [.cp/:?]
	at org.eclipse.jdt.internal.junit.runner.TestExecution.run(TestExecution.java:41) [.cp/:?]
	at org.eclipse.jdt.internal.junit.runner.RemoteTestRunner.runTests(RemoteTestRunner.java:541) [.cp/:?]
	at org.eclipse.jdt.internal.junit.runner.RemoteTestRunner.runTests(RemoteTestRunner.java:763) [.cp/:?]
	at org.eclipse.jdt.internal.junit.runner.RemoteTestRunner.run(RemoteTestRunner.java:463) [.cp/:?]
	at org.eclipse.jdt.internal.junit.runner.RemoteTestRunner.main(RemoteTestRunner.java:209) [.cp/:?]
23:38:42 ERROR DataValidator - Catching
java.lang.NullPointerException: null
	at main.java.by.epam.web.unit2.validator.DataValidator.makeValidData(DataValidator.java:36) [bin/:?]
	at test.java.by.epam.web.unit2.DataValidatorTest.makeValidDataTest(DataValidatorTest.java:19) [bin/:?]
	at sun.reflect.NativeMethodAccessorImpl.invoke0(Native Method) ~[?:1.8.0_221]
	at sun.reflect.NativeMethodAccessorImpl.invoke(Unknown Source) ~[?:1.8.0_221]
	at sun.reflect.DelegatingMethodAccessorImpl.invoke(Unknown Source) ~[?:1.8.0_221]
	at java.lang.reflect.Method.invoke(Unknown Source) ~[?:1.8.0_221]
	at org.junit.runners.model.FrameworkMethod$1.runReflectiveCall(FrameworkMethod.java:59) [junit-4.13-rc-1.jar:4.13-rc-1]
	at org.junit.internal.runners.model.ReflectiveCallable.run(ReflectiveCallable.java:12) [junit-4.13-rc-1.jar:4.13-rc-1]
	at org.junit.runners.model.FrameworkMethod.invokeExplosively(FrameworkMethod.java:56) [junit-4.13-rc-1.jar:4.13-rc-1]
	at org.junit.internal.runners.statements.InvokeMethod.evaluate(InvokeMethod.java:17) [junit-4.13-rc-1.jar:4.13-rc-1]
	at org.junit.runners.ParentRunner$3.evaluate(ParentRunner.java:305) [junit-4.13-rc-1.jar:4.13-rc-1]
	at org.junit.runners.BlockJUnit4ClassRunner$1.evaluate(BlockJUnit4ClassRunner.java:100) [junit-4.13-rc-1.jar:4.13-rc-1]
	at org.junit.runners.ParentRunner.runLeaf(ParentRunner.java:365) [junit-4.13-rc-1.jar:4.13-rc-1]
	at org.junit.runners.BlockJUnit4ClassRunner.runChild(BlockJUnit4ClassRunner.java:103) [junit-4.13-rc-1.jar:4.13-rc-1]
	at org.junit.runners.BlockJUnit4ClassRunner.runChild(BlockJUnit4ClassRunner.java:63) [junit-4.13-rc-1.jar:4.13-rc-1]
	at org.junit.runners.ParentRunner$4.run(ParentRunner.java:330) [junit-4.13-rc-1.jar:4.13-rc-1]
	at org.junit.runners.ParentRunner$1.schedule(ParentRunner.java:78) [junit-4.13-rc-1.jar:4.13-rc-1]
	at org.junit.runners.ParentRunner.runChildren(ParentRunner.java:328) [junit-4.13-rc-1.jar:4.13-rc-1]
	at org.junit.runners.ParentRunner.access$100(ParentRunner.java:65) [junit-4.13-rc-1.jar:4.13-rc-1]
	at org.junit.runners.ParentRunner$2.evaluate(ParentRunner.java:292) [junit-4.13-rc-1.jar:4.13-rc-1]
	at org.junit.runners.ParentRunner$3.evaluate(ParentRunner.java:305) [junit-4.13-rc-1.jar:4.13-rc-1]
	at org.junit.runners.ParentRunner.run(ParentRunner.java:412) [junit-4.13-rc-1.jar:4.13-rc-1]
	at org.eclipse.jdt.internal.junit4.runner.JUnit4TestReference.run(JUnit4TestReference.java:89) [.cp/:?]
	at org.eclipse.jdt.internal.junit.runner.TestExecution.run(TestExecution.java:41) [.cp/:?]
	at org.eclipse.jdt.internal.junit.runner.RemoteTestRunner.runTests(RemoteTestRunner.java:541) [.cp/:?]
	at org.eclipse.jdt.internal.junit.runner.RemoteTestRunner.runTests(RemoteTestRunner.java:763) [.cp/:?]
	at org.eclipse.jdt.internal.junit.runner.RemoteTestRunner.run(RemoteTestRunner.java:463) [.cp/:?]
	at org.eclipse.jdt.internal.junit.runner.RemoteTestRunner.main(RemoteTestRunner.java:209) [.cp/:?]
23:38:42 ERROR DataValidator - Catching
java.lang.NullPointerException: null
	at main.java.by.epam.web.unit2.validator.DataValidator.makeValidData(DataValidator.java:36) [bin/:?]
	at test.java.by.epam.web.unit2.DataValidatorTest.makeValidDataTest(DataValidatorTest.java:19) [bin/:?]
	at sun.reflect.NativeMethodAccessorImpl.invoke0(Native Method) ~[?:1.8.0_221]
	at sun.reflect.NativeMethodAccessorImpl.invoke(Unknown Source) ~[?:1.8.0_221]
	at sun.reflect.DelegatingMethodAccessorImpl.invoke(Unknown Source) ~[?:1.8.0_221]
	at java.lang.reflect.Method.invoke(Unknown Source) ~[?:1.8.0_221]
	at org.junit.runners.model.FrameworkMethod$1.runReflectiveCall(FrameworkMethod.java:59) [junit-4.13-rc-1.jar:4.13-rc-1]
	at org.junit.internal.runners.model.ReflectiveCallable.run(ReflectiveCallable.java:12) [junit-4.13-rc-1.jar:4.13-rc-1]
	at org.junit.runners.model.FrameworkMethod.invokeExplosively(FrameworkMethod.java:56) [junit-4.13-rc-1.jar:4.13-rc-1]
	at org.junit.internal.runners.statements.InvokeMethod.evaluate(InvokeMethod.java:17) [junit-4.13-rc-1.jar:4.13-rc-1]
	at org.junit.runners.ParentRunner$3.evaluate(ParentRunner.java:305) [junit-4.13-rc-1.jar:4.13-rc-1]
	at org.junit.runners.BlockJUnit4ClassRunner$1.evaluate(BlockJUnit4ClassRunner.java:100) [junit-4.13-rc-1.jar:4.13-rc-1]
	at org.junit.runners.ParentRunner.runLeaf(ParentRunner.java:365) [junit-4.13-rc-1.jar:4.13-rc-1]
	at org.junit.runners.BlockJUnit4ClassRunner.runChild(BlockJUnit4ClassRunner.java:103) [junit-4.13-rc-1.jar:4.13-rc-1]
	at org.junit.runners.BlockJUnit4ClassRunner.runChild(BlockJUnit4ClassRunner.java:63) [junit-4.13-rc-1.jar:4.13-rc-1]
	at org.junit.runners.ParentRunner$4.run(ParentRunner.java:330) [junit-4.13-rc-1.jar:4.13-rc-1]
	at org.junit.runners.ParentRunner$1.schedule(ParentRunner.java:78) [junit-4.13-rc-1.jar:4.13-rc-1]
	at org.junit.runners.ParentRunner.runChildren(ParentRunner.java:328) [junit-4.13-rc-1.jar:4.13-rc-1]
	at org.junit.runners.ParentRunner.access$100(ParentRunner.java:65) [junit-4.13-rc-1.jar:4.13-rc-1]
	at org.junit.runners.ParentRunner$2.evaluate(ParentRunner.java:292) [junit-4.13-rc-1.jar:4.13-rc-1]
	at org.junit.runners.ParentRunner$3.evaluate(ParentRunner.java:305) [junit-4.13-rc-1.jar:4.13-rc-1]
	at org.junit.runners.ParentRunner.run(ParentRunner.java:412) [junit-4.13-rc-1.jar:4.13-rc-1]
	at org.eclipse.jdt.internal.junit4.runner.JUnit4TestReference.run(JUnit4TestReference.java:89) [.cp/:?]
	at org.eclipse.jdt.internal.junit.runner.TestExecution.run(TestExecution.java:41) [.cp/:?]
	at org.eclipse.jdt.internal.junit.runner.RemoteTestRunner.runTests(RemoteTestRunner.java:541) [.cp/:?]
	at org.eclipse.jdt.internal.junit.runner.RemoteTestRunner.runTests(RemoteTestRunner.java:763) [.cp/:?]
	at org.eclipse.jdt.internal.junit.runner.RemoteTestRunner.run(RemoteTestRunner.java:463) [.cp/:?]
	at org.eclipse.jdt.internal.junit.runner.RemoteTestRunner.main(RemoteTestRunner.java:209) [.cp/:?]
23:38:42 ERROR DataValidator - Catching
java.lang.NullPointerException: null
	at main.java.by.epam.web.unit2.validator.DataValidator.makeValidData(DataValidator.java:36) [bin/:?]
	at test.java.by.epam.web.unit2.DataValidatorTest.makeValidDataTest(DataValidatorTest.java:19) [bin/:?]
	at sun.reflect.NativeMethodAccessorImpl.invoke0(Native Method) ~[?:1.8.0_221]
	at sun.reflect.NativeMethodAccessorImpl.invoke(Unknown Source) ~[?:1.8.0_221]
	at sun.reflect.DelegatingMethodAccessorImpl.invoke(Unknown Source) ~[?:1.8.0_221]
	at java.lang.reflect.Method.invoke(Unknown Source) ~[?:1.8.0_221]
	at org.junit.runners.model.FrameworkMethod$1.runReflectiveCall(FrameworkMethod.java:59) [junit-4.13-rc-1.jar:4.13-rc-1]
	at org.junit.internal.runners.model.ReflectiveCallable.run(ReflectiveCallable.java:12) [junit-4.13-rc-1.jar:4.13-rc-1]
	at org.junit.runners.model.FrameworkMethod.invokeExplosively(FrameworkMethod.java:56) [junit-4.13-rc-1.jar:4.13-rc-1]
	at org.junit.internal.runners.statements.InvokeMethod.evaluate(InvokeMethod.java:17) [junit-4.13-rc-1.jar:4.13-rc-1]
	at org.junit.runners.ParentRunner$3.evaluate(ParentRunner.java:305) [junit-4.13-rc-1.jar:4.13-rc-1]
	at org.junit.runners.BlockJUnit4ClassRunner$1.evaluate(BlockJUnit4ClassRunner.java:100) [junit-4.13-rc-1.jar:4.13-rc-1]
	at org.junit.runners.ParentRunner.runLeaf(ParentRunner.java:365) [junit-4.13-rc-1.jar:4.13-rc-1]
	at org.junit.runners.BlockJUnit4ClassRunner.runChild(BlockJUnit4ClassRunner.java:103) [junit-4.13-rc-1.jar:4.13-rc-1]
	at org.junit.runners.BlockJUnit4ClassRunner.runChild(BlockJUnit4ClassRunner.java:63) [junit-4.13-rc-1.jar:4.13-rc-1]
	at org.junit.runners.ParentRunner$4.run(ParentRunner.java:330) [junit-4.13-rc-1.jar:4.13-rc-1]
	at org.junit.runners.ParentRunner$1.schedule(ParentRunner.java:78) [junit-4.13-rc-1.jar:4.13-rc-1]
	at org.junit.runners.ParentRunner.runChildren(ParentRunner.java:328) [junit-4.13-rc-1.jar:4.13-rc-1]
	at org.junit.runners.ParentRunner.access$100(ParentRunner.java:65) [junit-4.13-rc-1.jar:4.13-rc-1]
	at org.junit.runners.ParentRunner$2.evaluate(ParentRunner.java:292) [junit-4.13-rc-1.jar:4.13-rc-1]
	at org.junit.runners.ParentRunner$3.evaluate(ParentRunner.java:305) [junit-4.13-rc-1.jar:4.13-rc-1]
	at org.junit.runners.ParentRunner.run(ParentRunner.java:412) [junit-4.13-rc-1.jar:4.13-rc-1]
	at org.eclipse.jdt.internal.junit4.runner.JUnit4TestReference.run(JUnit4TestReference.java:89) [.cp/:?]
	at org.eclipse.jdt.internal.junit.runner.TestExecution.run(TestExecution.java:41) [.cp/:?]
	at org.eclipse.jdt.internal.junit.runner.RemoteTestRunner.runTests(RemoteTestRunner.java:541) [.cp/:?]
	at org.eclipse.jdt.internal.junit.runner.RemoteTestRunner.runTests(RemoteTestRunner.java:763) [.cp/:?]
	at org.eclipse.jdt.internal.junit.runner.RemoteTestRunner.run(RemoteTestRunner.java:463) [.cp/:?]
	at org.eclipse.jdt.internal.junit.runner.RemoteTestRunner.main(RemoteTestRunner.java:209) [.cp/:?]
23:38:42 ERROR DataValidator - Catching
java.lang.NullPointerException: null
	at main.java.by.epam.web.unit2.validator.DataValidator.makeValidData(DataValidator.java:36) [bin/:?]
	at test.java.by.epam.web.unit2.DataValidatorTest.makeValidDataTest(DataValidatorTest.java:19) [bin/:?]
	at sun.reflect.NativeMethodAccessorImpl.invoke0(Native Method) ~[?:1.8.0_221]
	at sun.reflect.NativeMethodAccessorImpl.invoke(Unknown Source) ~[?:1.8.0_221]
	at sun.reflect.DelegatingMethodAccessorImpl.invoke(Unknown Source) ~[?:1.8.0_221]
	at java.lang.reflect.Method.invoke(Unknown Source) ~[?:1.8.0_221]
	at org.junit.runners.model.FrameworkMethod$1.runReflectiveCall(FrameworkMethod.java:59) [junit-4.13-rc-1.jar:4.13-rc-1]
	at org.junit.internal.runners.model.ReflectiveCallable.run(ReflectiveCallable.java:12) [junit-4.13-rc-1.jar:4.13-rc-1]
	at org.junit.runners.model.FrameworkMethod.invokeExplosively(FrameworkMethod.java:56) [junit-4.13-rc-1.jar:4.13-rc-1]
	at org.junit.internal.runners.statements.InvokeMethod.evaluate(InvokeMethod.java:17) [junit-4.13-rc-1.jar:4.13-rc-1]
	at org.junit.runners.ParentRunner$3.evaluate(ParentRunner.java:305) [junit-4.13-rc-1.jar:4.13-rc-1]
	at org.junit.runners.BlockJUnit4ClassRunner$1.evaluate(BlockJUnit4ClassRunner.java:100) [junit-4.13-rc-1.jar:4.13-rc-1]
	at org.junit.runners.ParentRunner.runLeaf(ParentRunner.java:365) [junit-4.13-rc-1.jar:4.13-rc-1]
	at org.junit.runners.BlockJUnit4ClassRunner.runChild(BlockJUnit4ClassRunner.java:103) [junit-4.13-rc-1.jar:4.13-rc-1]
	at org.junit.runners.BlockJUnit4ClassRunner.runChild(BlockJUnit4ClassRunner.java:63) [junit-4.13-rc-1.jar:4.13-rc-1]
	at org.junit.runners.ParentRunner$4.run(ParentRunner.java:330) [junit-4.13-rc-1.jar:4.13-rc-1]
	at org.junit.runners.ParentRunner$1.schedule(ParentRunner.java:78) [junit-4.13-rc-1.jar:4.13-rc-1]
	at org.junit.runners.ParentRunner.runChildren(ParentRunner.java:328) [junit-4.13-rc-1.jar:4.13-rc-1]
	at org.junit.runners.ParentRunner.access$100(ParentRunner.java:65) [junit-4.13-rc-1.jar:4.13-rc-1]
	at org.junit.runners.ParentRunner$2.evaluate(ParentRunner.java:292) [junit-4.13-rc-1.jar:4.13-rc-1]
	at org.junit.runners.ParentRunner$3.evaluate(ParentRunner.java:305) [junit-4.13-rc-1.jar:4.13-rc-1]
	at org.junit.runners.ParentRunner.run(ParentRunner.java:412) [junit-4.13-rc-1.jar:4.13-rc-1]
	at org.eclipse.jdt.internal.junit4.runner.JUnit4TestReference.run(JUnit4TestReference.java:89) [.cp/:?]
	at org.eclipse.jdt.internal.junit.runner.TestExecution.run(TestExecution.java:41) [.cp/:?]
	at org.eclipse.jdt.internal.junit.runner.RemoteTestRunner.runTests(RemoteTestRunner.java:541) [.cp/:?]
	at org.eclipse.jdt.internal.junit.runner.RemoteTestRunner.runTests(RemoteTestRunner.java:763) [.cp/:?]
	at org.eclipse.jdt.internal.junit.runner.RemoteTestRunner.run(RemoteTestRunner.java:463) [.cp/:?]
	at org.eclipse.jdt.internal.junit.runner.RemoteTestRunner.main(RemoteTestRunner.java:209) [.cp/:?]
23:38:42 ERROR DataValidator - Catching
java.lang.NullPointerException: null
	at main.java.by.epam.web.unit2.validator.DataValidator.makeValidData(DataValidator.java:36) [bin/:?]
	at test.java.by.epam.web.unit2.DataValidatorTest.makeValidDataTest(DataValidatorTest.java:19) [bin/:?]
	at sun.reflect.NativeMethodAccessorImpl.invoke0(Native Method) ~[?:1.8.0_221]
	at sun.reflect.NativeMethodAccessorImpl.invoke(Unknown Source) ~[?:1.8.0_221]
	at sun.reflect.DelegatingMethodAccessorImpl.invoke(Unknown Source) ~[?:1.8.0_221]
	at java.lang.reflect.Method.invoke(Unknown Source) ~[?:1.8.0_221]
	at org.junit.runners.model.FrameworkMethod$1.runReflectiveCall(FrameworkMethod.java:59) [junit-4.13-rc-1.jar:4.13-rc-1]
	at org.junit.internal.runners.model.ReflectiveCallable.run(ReflectiveCallable.java:12) [junit-4.13-rc-1.jar:4.13-rc-1]
	at org.junit.runners.model.FrameworkMethod.invokeExplosively(FrameworkMethod.java:56) [junit-4.13-rc-1.jar:4.13-rc-1]
	at org.junit.internal.runners.statements.InvokeMethod.evaluate(InvokeMethod.java:17) [junit-4.13-rc-1.jar:4.13-rc-1]
	at org.junit.runners.ParentRunner$3.evaluate(ParentRunner.java:305) [junit-4.13-rc-1.jar:4.13-rc-1]
	at org.junit.runners.BlockJUnit4ClassRunner$1.evaluate(BlockJUnit4ClassRunner.java:100) [junit-4.13-rc-1.jar:4.13-rc-1]
	at org.junit.runners.ParentRunner.runLeaf(ParentRunner.java:365) [junit-4.13-rc-1.jar:4.13-rc-1]
	at org.junit.runners.BlockJUnit4ClassRunner.runChild(BlockJUnit4ClassRunner.java:103) [junit-4.13-rc-1.jar:4.13-rc-1]
	at org.junit.runners.BlockJUnit4ClassRunner.runChild(BlockJUnit4ClassRunner.java:63) [junit-4.13-rc-1.jar:4.13-rc-1]
	at org.junit.runners.ParentRunner$4.run(ParentRunner.java:330) [junit-4.13-rc-1.jar:4.13-rc-1]
	at org.junit.runners.ParentRunner$1.schedule(ParentRunner.java:78) [junit-4.13-rc-1.jar:4.13-rc-1]
	at org.junit.runners.ParentRunner.runChildren(ParentRunner.java:328) [junit-4.13-rc-1.jar:4.13-rc-1]
	at org.junit.runners.ParentRunner.access$100(ParentRunner.java:65) [junit-4.13-rc-1.jar:4.13-rc-1]
	at org.junit.runners.ParentRunner$2.evaluate(ParentRunner.java:292) [junit-4.13-rc-1.jar:4.13-rc-1]
	at org.junit.runners.ParentRunner$3.evaluate(ParentRunner.java:305) [junit-4.13-rc-1.jar:4.13-rc-1]
	at org.junit.runners.ParentRunner.run(ParentRunner.java:412) [junit-4.13-rc-1.jar:4.13-rc-1]
	at org.eclipse.jdt.internal.junit4.runner.JUnit4TestReference.run(JUnit4TestReference.java:89) [.cp/:?]
	at org.eclipse.jdt.internal.junit.runner.TestExecution.run(TestExecution.java:41) [.cp/:?]
	at org.eclipse.jdt.internal.junit.runner.RemoteTestRunner.runTests(RemoteTestRunner.java:541) [.cp/:?]
	at org.eclipse.jdt.internal.junit.runner.RemoteTestRunner.runTests(RemoteTestRunner.java:763) [.cp/:?]
	at org.eclipse.jdt.internal.junit.runner.RemoteTestRunner.run(RemoteTestRunner.java:463) [.cp/:?]
	at org.eclipse.jdt.internal.junit.runner.RemoteTestRunner.main(RemoteTestRunner.java:209) [.cp/:?]
23:38:42 ERROR DataValidator - Catching
java.lang.NullPointerException: null
	at main.java.by.epam.web.unit2.validator.DataValidator.makeValidData(DataValidator.java:36) [bin/:?]
	at test.java.by.epam.web.unit2.DataValidatorTest.makeValidDataTest(DataValidatorTest.java:19) [bin/:?]
	at sun.reflect.NativeMethodAccessorImpl.invoke0(Native Method) ~[?:1.8.0_221]
	at sun.reflect.NativeMethodAccessorImpl.invoke(Unknown Source) ~[?:1.8.0_221]
	at sun.reflect.DelegatingMethodAccessorImpl.invoke(Unknown Source) ~[?:1.8.0_221]
	at java.lang.reflect.Method.invoke(Unknown Source) ~[?:1.8.0_221]
	at org.junit.runners.model.FrameworkMethod$1.runReflectiveCall(FrameworkMethod.java:59) [junit-4.13-rc-1.jar:4.13-rc-1]
	at org.junit.internal.runners.model.ReflectiveCallable.run(ReflectiveCallable.java:12) [junit-4.13-rc-1.jar:4.13-rc-1]
	at org.junit.runners.model.FrameworkMethod.invokeExplosively(FrameworkMethod.java:56) [junit-4.13-rc-1.jar:4.13-rc-1]
	at org.junit.internal.runners.statements.InvokeMethod.evaluate(InvokeMethod.java:17) [junit-4.13-rc-1.jar:4.13-rc-1]
	at org.junit.runners.ParentRunner$3.evaluate(ParentRunner.java:305) [junit-4.13-rc-1.jar:4.13-rc-1]
	at org.junit.runners.BlockJUnit4ClassRunner$1.evaluate(BlockJUnit4ClassRunner.java:100) [junit-4.13-rc-1.jar:4.13-rc-1]
	at org.junit.runners.ParentRunner.runLeaf(ParentRunner.java:365) [junit-4.13-rc-1.jar:4.13-rc-1]
	at org.junit.runners.BlockJUnit4ClassRunner.runChild(BlockJUnit4ClassRunner.java:103) [junit-4.13-rc-1.jar:4.13-rc-1]
	at org.junit.runners.BlockJUnit4ClassRunner.runChild(BlockJUnit4ClassRunner.java:63) [junit-4.13-rc-1.jar:4.13-rc-1]
	at org.junit.runners.ParentRunner$4.run(ParentRunner.java:330) [junit-4.13-rc-1.jar:4.13-rc-1]
	at org.junit.runners.ParentRunner$1.schedule(ParentRunner.java:78) [junit-4.13-rc-1.jar:4.13-rc-1]
	at org.junit.runners.ParentRunner.runChildren(ParentRunner.java:328) [junit-4.13-rc-1.jar:4.13-rc-1]
	at org.junit.runners.ParentRunner.access$100(ParentRunner.java:65) [junit-4.13-rc-1.jar:4.13-rc-1]
	at org.junit.runners.ParentRunner$2.evaluate(ParentRunner.java:292) [junit-4.13-rc-1.jar:4.13-rc-1]
	at org.junit.runners.ParentRunner$3.evaluate(ParentRunner.java:305) [junit-4.13-rc-1.jar:4.13-rc-1]
	at org.junit.runners.ParentRunner.run(ParentRunner.java:412) [junit-4.13-rc-1.jar:4.13-rc-1]
	at org.eclipse.jdt.internal.junit4.runner.JUnit4TestReference.run(JUnit4TestReference.java:89) [.cp/:?]
	at org.eclipse.jdt.internal.junit.runner.TestExecution.run(TestExecution.java:41) [.cp/:?]
	at org.eclipse.jdt.internal.junit.runner.RemoteTestRunner.runTests(RemoteTestRunner.java:541) [.cp/:?]
	at org.eclipse.jdt.internal.junit.runner.RemoteTestRunner.runTests(RemoteTestRunner.java:763) [.cp/:?]
	at org.eclipse.jdt.internal.junit.runner.RemoteTestRunner.run(RemoteTestRunner.java:463) [.cp/:?]
	at org.eclipse.jdt.internal.junit.runner.RemoteTestRunner.main(RemoteTestRunner.java:209) [.cp/:?]
23:38:42 ERROR DataValidator - Catching
java.lang.NullPointerException: null
	at main.java.by.epam.web.unit2.validator.DataValidator.makeValidData(DataValidator.java:36) [bin/:?]
	at test.java.by.epam.web.unit2.DataValidatorTest.makeValidDataTest(DataValidatorTest.java:19) [bin/:?]
	at sun.reflect.NativeMethodAccessorImpl.invoke0(Native Method) ~[?:1.8.0_221]
	at sun.reflect.NativeMethodAccessorImpl.invoke(Unknown Source) ~[?:1.8.0_221]
	at sun.reflect.DelegatingMethodAccessorImpl.invoke(Unknown Source) ~[?:1.8.0_221]
	at java.lang.reflect.Method.invoke(Unknown Source) ~[?:1.8.0_221]
	at org.junit.runners.model.FrameworkMethod$1.runReflectiveCall(FrameworkMethod.java:59) [junit-4.13-rc-1.jar:4.13-rc-1]
	at org.junit.internal.runners.model.ReflectiveCallable.run(ReflectiveCallable.java:12) [junit-4.13-rc-1.jar:4.13-rc-1]
	at org.junit.runners.model.FrameworkMethod.invokeExplosively(FrameworkMethod.java:56) [junit-4.13-rc-1.jar:4.13-rc-1]
	at org.junit.internal.runners.statements.InvokeMethod.evaluate(InvokeMethod.java:17) [junit-4.13-rc-1.jar:4.13-rc-1]
	at org.junit.runners.ParentRunner$3.evaluate(ParentRunner.java:305) [junit-4.13-rc-1.jar:4.13-rc-1]
	at org.junit.runners.BlockJUnit4ClassRunner$1.evaluate(BlockJUnit4ClassRunner.java:100) [junit-4.13-rc-1.jar:4.13-rc-1]
	at org.junit.runners.ParentRunner.runLeaf(ParentRunner.java:365) [junit-4.13-rc-1.jar:4.13-rc-1]
	at org.junit.runners.BlockJUnit4ClassRunner.runChild(BlockJUnit4ClassRunner.java:103) [junit-4.13-rc-1.jar:4.13-rc-1]
	at org.junit.runners.BlockJUnit4ClassRunner.runChild(BlockJUnit4ClassRunner.java:63) [junit-4.13-rc-1.jar:4.13-rc-1]
	at org.junit.runners.ParentRunner$4.run(ParentRunner.java:330) [junit-4.13-rc-1.jar:4.13-rc-1]
	at org.junit.runners.ParentRunner$1.schedule(ParentRunner.java:78) [junit-4.13-rc-1.jar:4.13-rc-1]
	at org.junit.runners.ParentRunner.runChildren(ParentRunner.java:328) [junit-4.13-rc-1.jar:4.13-rc-1]
	at org.junit.runners.ParentRunner.access$100(ParentRunner.java:65) [junit-4.13-rc-1.jar:4.13-rc-1]
	at org.junit.runners.ParentRunner$2.evaluate(ParentRunner.java:292) [junit-4.13-rc-1.jar:4.13-rc-1]
	at org.junit.runners.ParentRunner$3.evaluate(ParentRunner.java:305) [junit-4.13-rc-1.jar:4.13-rc-1]
	at org.junit.runners.ParentRunner.run(ParentRunner.java:412) [junit-4.13-rc-1.jar:4.13-rc-1]
	at org.eclipse.jdt.internal.junit4.runner.JUnit4TestReference.run(JUnit4TestReference.java:89) [.cp/:?]
	at org.eclipse.jdt.internal.junit.runner.TestExecution.run(TestExecution.java:41) [.cp/:?]
	at org.eclipse.jdt.internal.junit.runner.RemoteTestRunner.runTests(RemoteTestRunner.java:541) [.cp/:?]
	at org.eclipse.jdt.internal.junit.runner.RemoteTestRunner.runTests(RemoteTestRunner.java:763) [.cp/:?]
	at org.eclipse.jdt.internal.junit.runner.RemoteTestRunner.run(RemoteTestRunner.java:463) [.cp/:?]
	at org.eclipse.jdt.internal.junit.runner.RemoteTestRunner.main(RemoteTestRunner.java:209) [.cp/:?]
23:38:42 ERROR DataValidator - Catching
java.lang.NullPointerException: null
	at main.java.by.epam.web.unit2.validator.DataValidator.makeValidData(DataValidator.java:36) [bin/:?]
	at test.java.by.epam.web.unit2.DataValidatorTest.makeValidDataTest(DataValidatorTest.java:19) [bin/:?]
	at sun.reflect.NativeMethodAccessorImpl.invoke0(Native Method) ~[?:1.8.0_221]
	at sun.reflect.NativeMethodAccessorImpl.invoke(Unknown Source) ~[?:1.8.0_221]
	at sun.reflect.DelegatingMethodAccessorImpl.invoke(Unknown Source) ~[?:1.8.0_221]
	at java.lang.reflect.Method.invoke(Unknown Source) ~[?:1.8.0_221]
	at org.junit.runners.model.FrameworkMethod$1.runReflectiveCall(FrameworkMethod.java:59) [junit-4.13-rc-1.jar:4.13-rc-1]
	at org.junit.internal.runners.model.ReflectiveCallable.run(ReflectiveCallable.java:12) [junit-4.13-rc-1.jar:4.13-rc-1]
	at org.junit.runners.model.FrameworkMethod.invokeExplosively(FrameworkMethod.java:56) [junit-4.13-rc-1.jar:4.13-rc-1]
	at org.junit.internal.runners.statements.InvokeMethod.evaluate(InvokeMethod.java:17) [junit-4.13-rc-1.jar:4.13-rc-1]
	at org.junit.runners.ParentRunner$3.evaluate(ParentRunner.java:305) [junit-4.13-rc-1.jar:4.13-rc-1]
	at org.junit.runners.BlockJUnit4ClassRunner$1.evaluate(BlockJUnit4ClassRunner.java:100) [junit-4.13-rc-1.jar:4.13-rc-1]
	at org.junit.runners.ParentRunner.runLeaf(ParentRunner.java:365) [junit-4.13-rc-1.jar:4.13-rc-1]
	at org.junit.runners.BlockJUnit4ClassRunner.runChild(BlockJUnit4ClassRunner.java:103) [junit-4.13-rc-1.jar:4.13-rc-1]
	at org.junit.runners.BlockJUnit4ClassRunner.runChild(BlockJUnit4ClassRunner.java:63) [junit-4.13-rc-1.jar:4.13-rc-1]
	at org.junit.runners.ParentRunner$4.run(ParentRunner.java:330) [junit-4.13-rc-1.jar:4.13-rc-1]
	at org.junit.runners.ParentRunner$1.schedule(ParentRunner.java:78) [junit-4.13-rc-1.jar:4.13-rc-1]
	at org.junit.runners.ParentRunner.runChildren(ParentRunner.java:328) [junit-4.13-rc-1.jar:4.13-rc-1]
	at org.junit.runners.ParentRunner.access$100(ParentRunner.java:65) [junit-4.13-rc-1.jar:4.13-rc-1]
	at org.junit.runners.ParentRunner$2.evaluate(ParentRunner.java:292) [junit-4.13-rc-1.jar:4.13-rc-1]
	at org.junit.runners.ParentRunner$3.evaluate(ParentRunner.java:305) [junit-4.13-rc-1.jar:4.13-rc-1]
	at org.junit.runners.ParentRunner.run(ParentRunner.java:412) [junit-4.13-rc-1.jar:4.13-rc-1]
	at org.eclipse.jdt.internal.junit4.runner.JUnit4TestReference.run(JUnit4TestReference.java:89) [.cp/:?]
	at org.eclipse.jdt.internal.junit.runner.TestExecution.run(TestExecution.java:41) [.cp/:?]
	at org.eclipse.jdt.internal.junit.runner.RemoteTestRunner.runTests(RemoteTestRunner.java:541) [.cp/:?]
	at org.eclipse.jdt.internal.junit.runner.RemoteTestRunner.runTests(RemoteTestRunner.java:763) [.cp/:?]
	at org.eclipse.jdt.internal.junit.runner.RemoteTestRunner.run(RemoteTestRunner.java:463) [.cp/:?]
	at org.eclipse.jdt.internal.junit.runner.RemoteTestRunner.main(RemoteTestRunner.java:209) [.cp/:?]
23:38:42 ERROR DataValidator - Catching
java.lang.NullPointerException: null
	at main.java.by.epam.web.unit2.validator.DataValidator.makeValidData(DataValidator.java:36) [bin/:?]
	at test.java.by.epam.web.unit2.DataValidatorTest.makeValidDataTest(DataValidatorTest.java:19) [bin/:?]
	at sun.reflect.NativeMethodAccessorImpl.invoke0(Native Method) ~[?:1.8.0_221]
	at sun.reflect.NativeMethodAccessorImpl.invoke(Unknown Source) ~[?:1.8.0_221]
	at sun.reflect.DelegatingMethodAccessorImpl.invoke(Unknown Source) ~[?:1.8.0_221]
	at java.lang.reflect.Method.invoke(Unknown Source) ~[?:1.8.0_221]
	at org.junit.runners.model.FrameworkMethod$1.runReflectiveCall(FrameworkMethod.java:59) [junit-4.13-rc-1.jar:4.13-rc-1]
	at org.junit.internal.runners.model.ReflectiveCallable.run(ReflectiveCallable.java:12) [junit-4.13-rc-1.jar:4.13-rc-1]
	at org.junit.runners.model.FrameworkMethod.invokeExplosively(FrameworkMethod.java:56) [junit-4.13-rc-1.jar:4.13-rc-1]
	at org.junit.internal.runners.statements.InvokeMethod.evaluate(InvokeMethod.java:17) [junit-4.13-rc-1.jar:4.13-rc-1]
	at org.junit.runners.ParentRunner$3.evaluate(ParentRunner.java:305) [junit-4.13-rc-1.jar:4.13-rc-1]
	at org.junit.runners.BlockJUnit4ClassRunner$1.evaluate(BlockJUnit4ClassRunner.java:100) [junit-4.13-rc-1.jar:4.13-rc-1]
	at org.junit.runners.ParentRunner.runLeaf(ParentRunner.java:365) [junit-4.13-rc-1.jar:4.13-rc-1]
	at org.junit.runners.BlockJUnit4ClassRunner.runChild(BlockJUnit4ClassRunner.java:103) [junit-4.13-rc-1.jar:4.13-rc-1]
	at org.junit.runners.BlockJUnit4ClassRunner.runChild(BlockJUnit4ClassRunner.java:63) [junit-4.13-rc-1.jar:4.13-rc-1]
	at org.junit.runners.ParentRunner$4.run(ParentRunner.java:330) [junit-4.13-rc-1.jar:4.13-rc-1]
	at org.junit.runners.ParentRunner$1.schedule(ParentRunner.java:78) [junit-4.13-rc-1.jar:4.13-rc-1]
	at org.junit.runners.ParentRunner.runChildren(ParentRunner.java:328) [junit-4.13-rc-1.jar:4.13-rc-1]
	at org.junit.runners.ParentRunner.access$100(ParentRunner.java:65) [junit-4.13-rc-1.jar:4.13-rc-1]
	at org.junit.runners.ParentRunner$2.evaluate(ParentRunner.java:292) [junit-4.13-rc-1.jar:4.13-rc-1]
	at org.junit.runners.ParentRunner$3.evaluate(ParentRunner.java:305) [junit-4.13-rc-1.jar:4.13-rc-1]
	at org.junit.runners.ParentRunner.run(ParentRunner.java:412) [junit-4.13-rc-1.jar:4.13-rc-1]
	at org.eclipse.jdt.internal.junit4.runner.JUnit4TestReference.run(JUnit4TestReference.java:89) [.cp/:?]
	at org.eclipse.jdt.internal.junit.runner.TestExecution.run(TestExecution.java:41) [.cp/:?]
	at org.eclipse.jdt.internal.junit.runner.RemoteTestRunner.runTests(RemoteTestRunner.java:541) [.cp/:?]
	at org.eclipse.jdt.internal.junit.runner.RemoteTestRunner.runTests(RemoteTestRunner.java:763) [.cp/:?]
	at org.eclipse.jdt.internal.junit.runner.RemoteTestRunner.run(RemoteTestRunner.java:463) [.cp/:?]
	at org.eclipse.jdt.internal.junit.runner.RemoteTestRunner.main(RemoteTestRunner.java:209) [.cp/:?]
23:39:20 ERROR DataValidator - Catching
java.lang.NullPointerException: null
	at main.java.by.epam.web.unit2.validator.DataValidator.makeValidData(DataValidator.java:36) [bin/:?]
	at test.java.by.epam.web.unit2.DataValidatorTest.makeValidDataTest(DataValidatorTest.java:19) [bin/:?]
	at sun.reflect.NativeMethodAccessorImpl.invoke0(Native Method) ~[?:1.8.0_221]
	at sun.reflect.NativeMethodAccessorImpl.invoke(Unknown Source) ~[?:1.8.0_221]
	at sun.reflect.DelegatingMethodAccessorImpl.invoke(Unknown Source) ~[?:1.8.0_221]
	at java.lang.reflect.Method.invoke(Unknown Source) ~[?:1.8.0_221]
	at org.junit.runners.model.FrameworkMethod$1.runReflectiveCall(FrameworkMethod.java:59) [junit-4.13-rc-1.jar:4.13-rc-1]
	at org.junit.internal.runners.model.ReflectiveCallable.run(ReflectiveCallable.java:12) [junit-4.13-rc-1.jar:4.13-rc-1]
	at org.junit.runners.model.FrameworkMethod.invokeExplosively(FrameworkMethod.java:56) [junit-4.13-rc-1.jar:4.13-rc-1]
	at org.junit.internal.runners.statements.InvokeMethod.evaluate(InvokeMethod.java:17) [junit-4.13-rc-1.jar:4.13-rc-1]
	at org.junit.runners.ParentRunner$3.evaluate(ParentRunner.java:305) [junit-4.13-rc-1.jar:4.13-rc-1]
	at org.junit.runners.BlockJUnit4ClassRunner$1.evaluate(BlockJUnit4ClassRunner.java:100) [junit-4.13-rc-1.jar:4.13-rc-1]
	at org.junit.runners.ParentRunner.runLeaf(ParentRunner.java:365) [junit-4.13-rc-1.jar:4.13-rc-1]
	at org.junit.runners.BlockJUnit4ClassRunner.runChild(BlockJUnit4ClassRunner.java:103) [junit-4.13-rc-1.jar:4.13-rc-1]
	at org.junit.runners.BlockJUnit4ClassRunner.runChild(BlockJUnit4ClassRunner.java:63) [junit-4.13-rc-1.jar:4.13-rc-1]
	at org.junit.runners.ParentRunner$4.run(ParentRunner.java:330) [junit-4.13-rc-1.jar:4.13-rc-1]
	at org.junit.runners.ParentRunner$1.schedule(ParentRunner.java:78) [junit-4.13-rc-1.jar:4.13-rc-1]
	at org.junit.runners.ParentRunner.runChildren(ParentRunner.java:328) [junit-4.13-rc-1.jar:4.13-rc-1]
	at org.junit.runners.ParentRunner.access$100(ParentRunner.java:65) [junit-4.13-rc-1.jar:4.13-rc-1]
	at org.junit.runners.ParentRunner$2.evaluate(ParentRunner.java:292) [junit-4.13-rc-1.jar:4.13-rc-1]
	at org.junit.runners.ParentRunner$3.evaluate(ParentRunner.java:305) [junit-4.13-rc-1.jar:4.13-rc-1]
	at org.junit.runners.ParentRunner.run(ParentRunner.java:412) [junit-4.13-rc-1.jar:4.13-rc-1]
	at org.eclipse.jdt.internal.junit4.runner.JUnit4TestReference.run(JUnit4TestReference.java:89) [.cp/:?]
	at org.eclipse.jdt.internal.junit.runner.TestExecution.run(TestExecution.java:41) [.cp/:?]
	at org.eclipse.jdt.internal.junit.runner.RemoteTestRunner.runTests(RemoteTestRunner.java:541) [.cp/:?]
	at org.eclipse.jdt.internal.junit.runner.RemoteTestRunner.runTests(RemoteTestRunner.java:763) [.cp/:?]
	at org.eclipse.jdt.internal.junit.runner.RemoteTestRunner.run(RemoteTestRunner.java:463) [.cp/:?]
	at org.eclipse.jdt.internal.junit.runner.RemoteTestRunner.main(RemoteTestRunner.java:209) [.cp/:?]
23:39:20 ERROR DataValidator - Catching
java.lang.NullPointerException: null
	at main.java.by.epam.web.unit2.validator.DataValidator.makeValidData(DataValidator.java:36) [bin/:?]
	at test.java.by.epam.web.unit2.DataValidatorTest.makeValidDataTest(DataValidatorTest.java:19) [bin/:?]
	at sun.reflect.NativeMethodAccessorImpl.invoke0(Native Method) ~[?:1.8.0_221]
	at sun.reflect.NativeMethodAccessorImpl.invoke(Unknown Source) ~[?:1.8.0_221]
	at sun.reflect.DelegatingMethodAccessorImpl.invoke(Unknown Source) ~[?:1.8.0_221]
	at java.lang.reflect.Method.invoke(Unknown Source) ~[?:1.8.0_221]
	at org.junit.runners.model.FrameworkMethod$1.runReflectiveCall(FrameworkMethod.java:59) [junit-4.13-rc-1.jar:4.13-rc-1]
	at org.junit.internal.runners.model.ReflectiveCallable.run(ReflectiveCallable.java:12) [junit-4.13-rc-1.jar:4.13-rc-1]
	at org.junit.runners.model.FrameworkMethod.invokeExplosively(FrameworkMethod.java:56) [junit-4.13-rc-1.jar:4.13-rc-1]
	at org.junit.internal.runners.statements.InvokeMethod.evaluate(InvokeMethod.java:17) [junit-4.13-rc-1.jar:4.13-rc-1]
	at org.junit.runners.ParentRunner$3.evaluate(ParentRunner.java:305) [junit-4.13-rc-1.jar:4.13-rc-1]
	at org.junit.runners.BlockJUnit4ClassRunner$1.evaluate(BlockJUnit4ClassRunner.java:100) [junit-4.13-rc-1.jar:4.13-rc-1]
	at org.junit.runners.ParentRunner.runLeaf(ParentRunner.java:365) [junit-4.13-rc-1.jar:4.13-rc-1]
	at org.junit.runners.BlockJUnit4ClassRunner.runChild(BlockJUnit4ClassRunner.java:103) [junit-4.13-rc-1.jar:4.13-rc-1]
	at org.junit.runners.BlockJUnit4ClassRunner.runChild(BlockJUnit4ClassRunner.java:63) [junit-4.13-rc-1.jar:4.13-rc-1]
	at org.junit.runners.ParentRunner$4.run(ParentRunner.java:330) [junit-4.13-rc-1.jar:4.13-rc-1]
	at org.junit.runners.ParentRunner$1.schedule(ParentRunner.java:78) [junit-4.13-rc-1.jar:4.13-rc-1]
	at org.junit.runners.ParentRunner.runChildren(ParentRunner.java:328) [junit-4.13-rc-1.jar:4.13-rc-1]
	at org.junit.runners.ParentRunner.access$100(ParentRunner.java:65) [junit-4.13-rc-1.jar:4.13-rc-1]
	at org.junit.runners.ParentRunner$2.evaluate(ParentRunner.java:292) [junit-4.13-rc-1.jar:4.13-rc-1]
	at org.junit.runners.ParentRunner$3.evaluate(ParentRunner.java:305) [junit-4.13-rc-1.jar:4.13-rc-1]
	at org.junit.runners.ParentRunner.run(ParentRunner.java:412) [junit-4.13-rc-1.jar:4.13-rc-1]
	at org.eclipse.jdt.internal.junit4.runner.JUnit4TestReference.run(JUnit4TestReference.java:89) [.cp/:?]
	at org.eclipse.jdt.internal.junit.runner.TestExecution.run(TestExecution.java:41) [.cp/:?]
	at org.eclipse.jdt.internal.junit.runner.RemoteTestRunner.runTests(RemoteTestRunner.java:541) [.cp/:?]
	at org.eclipse.jdt.internal.junit.runner.RemoteTestRunner.runTests(RemoteTestRunner.java:763) [.cp/:?]
	at org.eclipse.jdt.internal.junit.runner.RemoteTestRunner.run(RemoteTestRunner.java:463) [.cp/:?]
	at org.eclipse.jdt.internal.junit.runner.RemoteTestRunner.main(RemoteTestRunner.java:209) [.cp/:?]
23:39:20 ERROR DataValidator - Catching
java.lang.NullPointerException: null
	at main.java.by.epam.web.unit2.validator.DataValidator.makeValidData(DataValidator.java:36) [bin/:?]
	at test.java.by.epam.web.unit2.DataValidatorTest.makeValidDataTest(DataValidatorTest.java:19) [bin/:?]
	at sun.reflect.NativeMethodAccessorImpl.invoke0(Native Method) ~[?:1.8.0_221]
	at sun.reflect.NativeMethodAccessorImpl.invoke(Unknown Source) ~[?:1.8.0_221]
	at sun.reflect.DelegatingMethodAccessorImpl.invoke(Unknown Source) ~[?:1.8.0_221]
	at java.lang.reflect.Method.invoke(Unknown Source) ~[?:1.8.0_221]
	at org.junit.runners.model.FrameworkMethod$1.runReflectiveCall(FrameworkMethod.java:59) [junit-4.13-rc-1.jar:4.13-rc-1]
	at org.junit.internal.runners.model.ReflectiveCallable.run(ReflectiveCallable.java:12) [junit-4.13-rc-1.jar:4.13-rc-1]
	at org.junit.runners.model.FrameworkMethod.invokeExplosively(FrameworkMethod.java:56) [junit-4.13-rc-1.jar:4.13-rc-1]
	at org.junit.internal.runners.statements.InvokeMethod.evaluate(InvokeMethod.java:17) [junit-4.13-rc-1.jar:4.13-rc-1]
	at org.junit.runners.ParentRunner$3.evaluate(ParentRunner.java:305) [junit-4.13-rc-1.jar:4.13-rc-1]
	at org.junit.runners.BlockJUnit4ClassRunner$1.evaluate(BlockJUnit4ClassRunner.java:100) [junit-4.13-rc-1.jar:4.13-rc-1]
	at org.junit.runners.ParentRunner.runLeaf(ParentRunner.java:365) [junit-4.13-rc-1.jar:4.13-rc-1]
	at org.junit.runners.BlockJUnit4ClassRunner.runChild(BlockJUnit4ClassRunner.java:103) [junit-4.13-rc-1.jar:4.13-rc-1]
	at org.junit.runners.BlockJUnit4ClassRunner.runChild(BlockJUnit4ClassRunner.java:63) [junit-4.13-rc-1.jar:4.13-rc-1]
	at org.junit.runners.ParentRunner$4.run(ParentRunner.java:330) [junit-4.13-rc-1.jar:4.13-rc-1]
	at org.junit.runners.ParentRunner$1.schedule(ParentRunner.java:78) [junit-4.13-rc-1.jar:4.13-rc-1]
	at org.junit.runners.ParentRunner.runChildren(ParentRunner.java:328) [junit-4.13-rc-1.jar:4.13-rc-1]
	at org.junit.runners.ParentRunner.access$100(ParentRunner.java:65) [junit-4.13-rc-1.jar:4.13-rc-1]
	at org.junit.runners.ParentRunner$2.evaluate(ParentRunner.java:292) [junit-4.13-rc-1.jar:4.13-rc-1]
	at org.junit.runners.ParentRunner$3.evaluate(ParentRunner.java:305) [junit-4.13-rc-1.jar:4.13-rc-1]
	at org.junit.runners.ParentRunner.run(ParentRunner.java:412) [junit-4.13-rc-1.jar:4.13-rc-1]
	at org.eclipse.jdt.internal.junit4.runner.JUnit4TestReference.run(JUnit4TestReference.java:89) [.cp/:?]
	at org.eclipse.jdt.internal.junit.runner.TestExecution.run(TestExecution.java:41) [.cp/:?]
	at org.eclipse.jdt.internal.junit.runner.RemoteTestRunner.runTests(RemoteTestRunner.java:541) [.cp/:?]
	at org.eclipse.jdt.internal.junit.runner.RemoteTestRunner.runTests(RemoteTestRunner.java:763) [.cp/:?]
	at org.eclipse.jdt.internal.junit.runner.RemoteTestRunner.run(RemoteTestRunner.java:463) [.cp/:?]
	at org.eclipse.jdt.internal.junit.runner.RemoteTestRunner.main(RemoteTestRunner.java:209) [.cp/:?]
23:39:20 ERROR DataValidator - Catching
java.lang.NullPointerException: null
	at main.java.by.epam.web.unit2.validator.DataValidator.makeValidData(DataValidator.java:36) [bin/:?]
	at test.java.by.epam.web.unit2.DataValidatorTest.makeValidDataTest(DataValidatorTest.java:19) [bin/:?]
	at sun.reflect.NativeMethodAccessorImpl.invoke0(Native Method) ~[?:1.8.0_221]
	at sun.reflect.NativeMethodAccessorImpl.invoke(Unknown Source) ~[?:1.8.0_221]
	at sun.reflect.DelegatingMethodAccessorImpl.invoke(Unknown Source) ~[?:1.8.0_221]
	at java.lang.reflect.Method.invoke(Unknown Source) ~[?:1.8.0_221]
	at org.junit.runners.model.FrameworkMethod$1.runReflectiveCall(FrameworkMethod.java:59) [junit-4.13-rc-1.jar:4.13-rc-1]
	at org.junit.internal.runners.model.ReflectiveCallable.run(ReflectiveCallable.java:12) [junit-4.13-rc-1.jar:4.13-rc-1]
	at org.junit.runners.model.FrameworkMethod.invokeExplosively(FrameworkMethod.java:56) [junit-4.13-rc-1.jar:4.13-rc-1]
	at org.junit.internal.runners.statements.InvokeMethod.evaluate(InvokeMethod.java:17) [junit-4.13-rc-1.jar:4.13-rc-1]
	at org.junit.runners.ParentRunner$3.evaluate(ParentRunner.java:305) [junit-4.13-rc-1.jar:4.13-rc-1]
	at org.junit.runners.BlockJUnit4ClassRunner$1.evaluate(BlockJUnit4ClassRunner.java:100) [junit-4.13-rc-1.jar:4.13-rc-1]
	at org.junit.runners.ParentRunner.runLeaf(ParentRunner.java:365) [junit-4.13-rc-1.jar:4.13-rc-1]
	at org.junit.runners.BlockJUnit4ClassRunner.runChild(BlockJUnit4ClassRunner.java:103) [junit-4.13-rc-1.jar:4.13-rc-1]
	at org.junit.runners.BlockJUnit4ClassRunner.runChild(BlockJUnit4ClassRunner.java:63) [junit-4.13-rc-1.jar:4.13-rc-1]
	at org.junit.runners.ParentRunner$4.run(ParentRunner.java:330) [junit-4.13-rc-1.jar:4.13-rc-1]
	at org.junit.runners.ParentRunner$1.schedule(ParentRunner.java:78) [junit-4.13-rc-1.jar:4.13-rc-1]
	at org.junit.runners.ParentRunner.runChildren(ParentRunner.java:328) [junit-4.13-rc-1.jar:4.13-rc-1]
	at org.junit.runners.ParentRunner.access$100(ParentRunner.java:65) [junit-4.13-rc-1.jar:4.13-rc-1]
	at org.junit.runners.ParentRunner$2.evaluate(ParentRunner.java:292) [junit-4.13-rc-1.jar:4.13-rc-1]
	at org.junit.runners.ParentRunner$3.evaluate(ParentRunner.java:305) [junit-4.13-rc-1.jar:4.13-rc-1]
	at org.junit.runners.ParentRunner.run(ParentRunner.java:412) [junit-4.13-rc-1.jar:4.13-rc-1]
	at org.eclipse.jdt.internal.junit4.runner.JUnit4TestReference.run(JUnit4TestReference.java:89) [.cp/:?]
	at org.eclipse.jdt.internal.junit.runner.TestExecution.run(TestExecution.java:41) [.cp/:?]
	at org.eclipse.jdt.internal.junit.runner.RemoteTestRunner.runTests(RemoteTestRunner.java:541) [.cp/:?]
	at org.eclipse.jdt.internal.junit.runner.RemoteTestRunner.runTests(RemoteTestRunner.java:763) [.cp/:?]
	at org.eclipse.jdt.internal.junit.runner.RemoteTestRunner.run(RemoteTestRunner.java:463) [.cp/:?]
	at org.eclipse.jdt.internal.junit.runner.RemoteTestRunner.main(RemoteTestRunner.java:209) [.cp/:?]
23:39:20 ERROR DataValidator - Catching
java.lang.NullPointerException: null
	at main.java.by.epam.web.unit2.validator.DataValidator.makeValidData(DataValidator.java:36) [bin/:?]
	at test.java.by.epam.web.unit2.DataValidatorTest.makeValidDataTest(DataValidatorTest.java:19) [bin/:?]
	at sun.reflect.NativeMethodAccessorImpl.invoke0(Native Method) ~[?:1.8.0_221]
	at sun.reflect.NativeMethodAccessorImpl.invoke(Unknown Source) ~[?:1.8.0_221]
	at sun.reflect.DelegatingMethodAccessorImpl.invoke(Unknown Source) ~[?:1.8.0_221]
	at java.lang.reflect.Method.invoke(Unknown Source) ~[?:1.8.0_221]
	at org.junit.runners.model.FrameworkMethod$1.runReflectiveCall(FrameworkMethod.java:59) [junit-4.13-rc-1.jar:4.13-rc-1]
	at org.junit.internal.runners.model.ReflectiveCallable.run(ReflectiveCallable.java:12) [junit-4.13-rc-1.jar:4.13-rc-1]
	at org.junit.runners.model.FrameworkMethod.invokeExplosively(FrameworkMethod.java:56) [junit-4.13-rc-1.jar:4.13-rc-1]
	at org.junit.internal.runners.statements.InvokeMethod.evaluate(InvokeMethod.java:17) [junit-4.13-rc-1.jar:4.13-rc-1]
	at org.junit.runners.ParentRunner$3.evaluate(ParentRunner.java:305) [junit-4.13-rc-1.jar:4.13-rc-1]
	at org.junit.runners.BlockJUnit4ClassRunner$1.evaluate(BlockJUnit4ClassRunner.java:100) [junit-4.13-rc-1.jar:4.13-rc-1]
	at org.junit.runners.ParentRunner.runLeaf(ParentRunner.java:365) [junit-4.13-rc-1.jar:4.13-rc-1]
	at org.junit.runners.BlockJUnit4ClassRunner.runChild(BlockJUnit4ClassRunner.java:103) [junit-4.13-rc-1.jar:4.13-rc-1]
	at org.junit.runners.BlockJUnit4ClassRunner.runChild(BlockJUnit4ClassRunner.java:63) [junit-4.13-rc-1.jar:4.13-rc-1]
	at org.junit.runners.ParentRunner$4.run(ParentRunner.java:330) [junit-4.13-rc-1.jar:4.13-rc-1]
	at org.junit.runners.ParentRunner$1.schedule(ParentRunner.java:78) [junit-4.13-rc-1.jar:4.13-rc-1]
	at org.junit.runners.ParentRunner.runChildren(ParentRunner.java:328) [junit-4.13-rc-1.jar:4.13-rc-1]
	at org.junit.runners.ParentRunner.access$100(ParentRunner.java:65) [junit-4.13-rc-1.jar:4.13-rc-1]
	at org.junit.runners.ParentRunner$2.evaluate(ParentRunner.java:292) [junit-4.13-rc-1.jar:4.13-rc-1]
	at org.junit.runners.ParentRunner$3.evaluate(ParentRunner.java:305) [junit-4.13-rc-1.jar:4.13-rc-1]
	at org.junit.runners.ParentRunner.run(ParentRunner.java:412) [junit-4.13-rc-1.jar:4.13-rc-1]
	at org.eclipse.jdt.internal.junit4.runner.JUnit4TestReference.run(JUnit4TestReference.java:89) [.cp/:?]
	at org.eclipse.jdt.internal.junit.runner.TestExecution.run(TestExecution.java:41) [.cp/:?]
	at org.eclipse.jdt.internal.junit.runner.RemoteTestRunner.runTests(RemoteTestRunner.java:541) [.cp/:?]
	at org.eclipse.jdt.internal.junit.runner.RemoteTestRunner.runTests(RemoteTestRunner.java:763) [.cp/:?]
	at org.eclipse.jdt.internal.junit.runner.RemoteTestRunner.run(RemoteTestRunner.java:463) [.cp/:?]
	at org.eclipse.jdt.internal.junit.runner.RemoteTestRunner.main(RemoteTestRunner.java:209) [.cp/:?]
23:39:20 ERROR DataValidator - Catching
java.lang.NullPointerException: null
	at main.java.by.epam.web.unit2.validator.DataValidator.makeValidData(DataValidator.java:36) [bin/:?]
	at test.java.by.epam.web.unit2.DataValidatorTest.makeValidDataTest(DataValidatorTest.java:19) [bin/:?]
	at sun.reflect.NativeMethodAccessorImpl.invoke0(Native Method) ~[?:1.8.0_221]
	at sun.reflect.NativeMethodAccessorImpl.invoke(Unknown Source) ~[?:1.8.0_221]
	at sun.reflect.DelegatingMethodAccessorImpl.invoke(Unknown Source) ~[?:1.8.0_221]
	at java.lang.reflect.Method.invoke(Unknown Source) ~[?:1.8.0_221]
	at org.junit.runners.model.FrameworkMethod$1.runReflectiveCall(FrameworkMethod.java:59) [junit-4.13-rc-1.jar:4.13-rc-1]
	at org.junit.internal.runners.model.ReflectiveCallable.run(ReflectiveCallable.java:12) [junit-4.13-rc-1.jar:4.13-rc-1]
	at org.junit.runners.model.FrameworkMethod.invokeExplosively(FrameworkMethod.java:56) [junit-4.13-rc-1.jar:4.13-rc-1]
	at org.junit.internal.runners.statements.InvokeMethod.evaluate(InvokeMethod.java:17) [junit-4.13-rc-1.jar:4.13-rc-1]
	at org.junit.runners.ParentRunner$3.evaluate(ParentRunner.java:305) [junit-4.13-rc-1.jar:4.13-rc-1]
	at org.junit.runners.BlockJUnit4ClassRunner$1.evaluate(BlockJUnit4ClassRunner.java:100) [junit-4.13-rc-1.jar:4.13-rc-1]
	at org.junit.runners.ParentRunner.runLeaf(ParentRunner.java:365) [junit-4.13-rc-1.jar:4.13-rc-1]
	at org.junit.runners.BlockJUnit4ClassRunner.runChild(BlockJUnit4ClassRunner.java:103) [junit-4.13-rc-1.jar:4.13-rc-1]
	at org.junit.runners.BlockJUnit4ClassRunner.runChild(BlockJUnit4ClassRunner.java:63) [junit-4.13-rc-1.jar:4.13-rc-1]
	at org.junit.runners.ParentRunner$4.run(ParentRunner.java:330) [junit-4.13-rc-1.jar:4.13-rc-1]
	at org.junit.runners.ParentRunner$1.schedule(ParentRunner.java:78) [junit-4.13-rc-1.jar:4.13-rc-1]
	at org.junit.runners.ParentRunner.runChildren(ParentRunner.java:328) [junit-4.13-rc-1.jar:4.13-rc-1]
	at org.junit.runners.ParentRunner.access$100(ParentRunner.java:65) [junit-4.13-rc-1.jar:4.13-rc-1]
	at org.junit.runners.ParentRunner$2.evaluate(ParentRunner.java:292) [junit-4.13-rc-1.jar:4.13-rc-1]
	at org.junit.runners.ParentRunner$3.evaluate(ParentRunner.java:305) [junit-4.13-rc-1.jar:4.13-rc-1]
	at org.junit.runners.ParentRunner.run(ParentRunner.java:412) [junit-4.13-rc-1.jar:4.13-rc-1]
	at org.eclipse.jdt.internal.junit4.runner.JUnit4TestReference.run(JUnit4TestReference.java:89) [.cp/:?]
	at org.eclipse.jdt.internal.junit.runner.TestExecution.run(TestExecution.java:41) [.cp/:?]
	at org.eclipse.jdt.internal.junit.runner.RemoteTestRunner.runTests(RemoteTestRunner.java:541) [.cp/:?]
	at org.eclipse.jdt.internal.junit.runner.RemoteTestRunner.runTests(RemoteTestRunner.java:763) [.cp/:?]
	at org.eclipse.jdt.internal.junit.runner.RemoteTestRunner.run(RemoteTestRunner.java:463) [.cp/:?]
	at org.eclipse.jdt.internal.junit.runner.RemoteTestRunner.main(RemoteTestRunner.java:209) [.cp/:?]
23:39:20 ERROR DataValidator - Catching
java.lang.NullPointerException: null
	at main.java.by.epam.web.unit2.validator.DataValidator.makeValidData(DataValidator.java:36) [bin/:?]
	at test.java.by.epam.web.unit2.DataValidatorTest.makeValidDataTest(DataValidatorTest.java:19) [bin/:?]
	at sun.reflect.NativeMethodAccessorImpl.invoke0(Native Method) ~[?:1.8.0_221]
	at sun.reflect.NativeMethodAccessorImpl.invoke(Unknown Source) ~[?:1.8.0_221]
	at sun.reflect.DelegatingMethodAccessorImpl.invoke(Unknown Source) ~[?:1.8.0_221]
	at java.lang.reflect.Method.invoke(Unknown Source) ~[?:1.8.0_221]
	at org.junit.runners.model.FrameworkMethod$1.runReflectiveCall(FrameworkMethod.java:59) [junit-4.13-rc-1.jar:4.13-rc-1]
	at org.junit.internal.runners.model.ReflectiveCallable.run(ReflectiveCallable.java:12) [junit-4.13-rc-1.jar:4.13-rc-1]
	at org.junit.runners.model.FrameworkMethod.invokeExplosively(FrameworkMethod.java:56) [junit-4.13-rc-1.jar:4.13-rc-1]
	at org.junit.internal.runners.statements.InvokeMethod.evaluate(InvokeMethod.java:17) [junit-4.13-rc-1.jar:4.13-rc-1]
	at org.junit.runners.ParentRunner$3.evaluate(ParentRunner.java:305) [junit-4.13-rc-1.jar:4.13-rc-1]
	at org.junit.runners.BlockJUnit4ClassRunner$1.evaluate(BlockJUnit4ClassRunner.java:100) [junit-4.13-rc-1.jar:4.13-rc-1]
	at org.junit.runners.ParentRunner.runLeaf(ParentRunner.java:365) [junit-4.13-rc-1.jar:4.13-rc-1]
	at org.junit.runners.BlockJUnit4ClassRunner.runChild(BlockJUnit4ClassRunner.java:103) [junit-4.13-rc-1.jar:4.13-rc-1]
	at org.junit.runners.BlockJUnit4ClassRunner.runChild(BlockJUnit4ClassRunner.java:63) [junit-4.13-rc-1.jar:4.13-rc-1]
	at org.junit.runners.ParentRunner$4.run(ParentRunner.java:330) [junit-4.13-rc-1.jar:4.13-rc-1]
	at org.junit.runners.ParentRunner$1.schedule(ParentRunner.java:78) [junit-4.13-rc-1.jar:4.13-rc-1]
	at org.junit.runners.ParentRunner.runChildren(ParentRunner.java:328) [junit-4.13-rc-1.jar:4.13-rc-1]
	at org.junit.runners.ParentRunner.access$100(ParentRunner.java:65) [junit-4.13-rc-1.jar:4.13-rc-1]
	at org.junit.runners.ParentRunner$2.evaluate(ParentRunner.java:292) [junit-4.13-rc-1.jar:4.13-rc-1]
	at org.junit.runners.ParentRunner$3.evaluate(ParentRunner.java:305) [junit-4.13-rc-1.jar:4.13-rc-1]
	at org.junit.runners.ParentRunner.run(ParentRunner.java:412) [junit-4.13-rc-1.jar:4.13-rc-1]
	at org.eclipse.jdt.internal.junit4.runner.JUnit4TestReference.run(JUnit4TestReference.java:89) [.cp/:?]
	at org.eclipse.jdt.internal.junit.runner.TestExecution.run(TestExecution.java:41) [.cp/:?]
	at org.eclipse.jdt.internal.junit.runner.RemoteTestRunner.runTests(RemoteTestRunner.java:541) [.cp/:?]
	at org.eclipse.jdt.internal.junit.runner.RemoteTestRunner.runTests(RemoteTestRunner.java:763) [.cp/:?]
	at org.eclipse.jdt.internal.junit.runner.RemoteTestRunner.run(RemoteTestRunner.java:463) [.cp/:?]
	at org.eclipse.jdt.internal.junit.runner.RemoteTestRunner.main(RemoteTestRunner.java:209) [.cp/:?]
23:39:20 ERROR DataValidator - Catching
java.lang.NullPointerException: null
	at main.java.by.epam.web.unit2.validator.DataValidator.makeValidData(DataValidator.java:36) [bin/:?]
	at test.java.by.epam.web.unit2.DataValidatorTest.makeValidDataTest(DataValidatorTest.java:19) [bin/:?]
	at sun.reflect.NativeMethodAccessorImpl.invoke0(Native Method) ~[?:1.8.0_221]
	at sun.reflect.NativeMethodAccessorImpl.invoke(Unknown Source) ~[?:1.8.0_221]
	at sun.reflect.DelegatingMethodAccessorImpl.invoke(Unknown Source) ~[?:1.8.0_221]
	at java.lang.reflect.Method.invoke(Unknown Source) ~[?:1.8.0_221]
	at org.junit.runners.model.FrameworkMethod$1.runReflectiveCall(FrameworkMethod.java:59) [junit-4.13-rc-1.jar:4.13-rc-1]
	at org.junit.internal.runners.model.ReflectiveCallable.run(ReflectiveCallable.java:12) [junit-4.13-rc-1.jar:4.13-rc-1]
	at org.junit.runners.model.FrameworkMethod.invokeExplosively(FrameworkMethod.java:56) [junit-4.13-rc-1.jar:4.13-rc-1]
	at org.junit.internal.runners.statements.InvokeMethod.evaluate(InvokeMethod.java:17) [junit-4.13-rc-1.jar:4.13-rc-1]
	at org.junit.runners.ParentRunner$3.evaluate(ParentRunner.java:305) [junit-4.13-rc-1.jar:4.13-rc-1]
	at org.junit.runners.BlockJUnit4ClassRunner$1.evaluate(BlockJUnit4ClassRunner.java:100) [junit-4.13-rc-1.jar:4.13-rc-1]
	at org.junit.runners.ParentRunner.runLeaf(ParentRunner.java:365) [junit-4.13-rc-1.jar:4.13-rc-1]
	at org.junit.runners.BlockJUnit4ClassRunner.runChild(BlockJUnit4ClassRunner.java:103) [junit-4.13-rc-1.jar:4.13-rc-1]
	at org.junit.runners.BlockJUnit4ClassRunner.runChild(BlockJUnit4ClassRunner.java:63) [junit-4.13-rc-1.jar:4.13-rc-1]
	at org.junit.runners.ParentRunner$4.run(ParentRunner.java:330) [junit-4.13-rc-1.jar:4.13-rc-1]
	at org.junit.runners.ParentRunner$1.schedule(ParentRunner.java:78) [junit-4.13-rc-1.jar:4.13-rc-1]
	at org.junit.runners.ParentRunner.runChildren(ParentRunner.java:328) [junit-4.13-rc-1.jar:4.13-rc-1]
	at org.junit.runners.ParentRunner.access$100(ParentRunner.java:65) [junit-4.13-rc-1.jar:4.13-rc-1]
	at org.junit.runners.ParentRunner$2.evaluate(ParentRunner.java:292) [junit-4.13-rc-1.jar:4.13-rc-1]
	at org.junit.runners.ParentRunner$3.evaluate(ParentRunner.java:305) [junit-4.13-rc-1.jar:4.13-rc-1]
	at org.junit.runners.ParentRunner.run(ParentRunner.java:412) [junit-4.13-rc-1.jar:4.13-rc-1]
	at org.eclipse.jdt.internal.junit4.runner.JUnit4TestReference.run(JUnit4TestReference.java:89) [.cp/:?]
	at org.eclipse.jdt.internal.junit.runner.TestExecution.run(TestExecution.java:41) [.cp/:?]
	at org.eclipse.jdt.internal.junit.runner.RemoteTestRunner.runTests(RemoteTestRunner.java:541) [.cp/:?]
	at org.eclipse.jdt.internal.junit.runner.RemoteTestRunner.runTests(RemoteTestRunner.java:763) [.cp/:?]
	at org.eclipse.jdt.internal.junit.runner.RemoteTestRunner.run(RemoteTestRunner.java:463) [.cp/:?]
	at org.eclipse.jdt.internal.junit.runner.RemoteTestRunner.main(RemoteTestRunner.java:209) [.cp/:?]
23:39:20 ERROR DataValidator - Catching
java.lang.NullPointerException: null
	at main.java.by.epam.web.unit2.validator.DataValidator.makeValidData(DataValidator.java:36) [bin/:?]
	at test.java.by.epam.web.unit2.DataValidatorTest.makeValidDataTest(DataValidatorTest.java:19) [bin/:?]
	at sun.reflect.NativeMethodAccessorImpl.invoke0(Native Method) ~[?:1.8.0_221]
	at sun.reflect.NativeMethodAccessorImpl.invoke(Unknown Source) ~[?:1.8.0_221]
	at sun.reflect.DelegatingMethodAccessorImpl.invoke(Unknown Source) ~[?:1.8.0_221]
	at java.lang.reflect.Method.invoke(Unknown Source) ~[?:1.8.0_221]
	at org.junit.runners.model.FrameworkMethod$1.runReflectiveCall(FrameworkMethod.java:59) [junit-4.13-rc-1.jar:4.13-rc-1]
	at org.junit.internal.runners.model.ReflectiveCallable.run(ReflectiveCallable.java:12) [junit-4.13-rc-1.jar:4.13-rc-1]
	at org.junit.runners.model.FrameworkMethod.invokeExplosively(FrameworkMethod.java:56) [junit-4.13-rc-1.jar:4.13-rc-1]
	at org.junit.internal.runners.statements.InvokeMethod.evaluate(InvokeMethod.java:17) [junit-4.13-rc-1.jar:4.13-rc-1]
	at org.junit.runners.ParentRunner$3.evaluate(ParentRunner.java:305) [junit-4.13-rc-1.jar:4.13-rc-1]
	at org.junit.runners.BlockJUnit4ClassRunner$1.evaluate(BlockJUnit4ClassRunner.java:100) [junit-4.13-rc-1.jar:4.13-rc-1]
	at org.junit.runners.ParentRunner.runLeaf(ParentRunner.java:365) [junit-4.13-rc-1.jar:4.13-rc-1]
	at org.junit.runners.BlockJUnit4ClassRunner.runChild(BlockJUnit4ClassRunner.java:103) [junit-4.13-rc-1.jar:4.13-rc-1]
	at org.junit.runners.BlockJUnit4ClassRunner.runChild(BlockJUnit4ClassRunner.java:63) [junit-4.13-rc-1.jar:4.13-rc-1]
	at org.junit.runners.ParentRunner$4.run(ParentRunner.java:330) [junit-4.13-rc-1.jar:4.13-rc-1]
	at org.junit.runners.ParentRunner$1.schedule(ParentRunner.java:78) [junit-4.13-rc-1.jar:4.13-rc-1]
	at org.junit.runners.ParentRunner.runChildren(ParentRunner.java:328) [junit-4.13-rc-1.jar:4.13-rc-1]
	at org.junit.runners.ParentRunner.access$100(ParentRunner.java:65) [junit-4.13-rc-1.jar:4.13-rc-1]
	at org.junit.runners.ParentRunner$2.evaluate(ParentRunner.java:292) [junit-4.13-rc-1.jar:4.13-rc-1]
	at org.junit.runners.ParentRunner$3.evaluate(ParentRunner.java:305) [junit-4.13-rc-1.jar:4.13-rc-1]
	at org.junit.runners.ParentRunner.run(ParentRunner.java:412) [junit-4.13-rc-1.jar:4.13-rc-1]
	at org.eclipse.jdt.internal.junit4.runner.JUnit4TestReference.run(JUnit4TestReference.java:89) [.cp/:?]
	at org.eclipse.jdt.internal.junit.runner.TestExecution.run(TestExecution.java:41) [.cp/:?]
	at org.eclipse.jdt.internal.junit.runner.RemoteTestRunner.runTests(RemoteTestRunner.java:541) [.cp/:?]
	at org.eclipse.jdt.internal.junit.runner.RemoteTestRunner.runTests(RemoteTestRunner.java:763) [.cp/:?]
	at org.eclipse.jdt.internal.junit.runner.RemoteTestRunner.run(RemoteTestRunner.java:463) [.cp/:?]
	at org.eclipse.jdt.internal.junit.runner.RemoteTestRunner.main(RemoteTestRunner.java:209) [.cp/:?]
23:39:20 ERROR DataValidator - Catching
java.lang.NullPointerException: null
	at main.java.by.epam.web.unit2.validator.DataValidator.makeValidData(DataValidator.java:36) [bin/:?]
	at test.java.by.epam.web.unit2.DataValidatorTest.makeValidDataTest(DataValidatorTest.java:19) [bin/:?]
	at sun.reflect.NativeMethodAccessorImpl.invoke0(Native Method) ~[?:1.8.0_221]
	at sun.reflect.NativeMethodAccessorImpl.invoke(Unknown Source) ~[?:1.8.0_221]
	at sun.reflect.DelegatingMethodAccessorImpl.invoke(Unknown Source) ~[?:1.8.0_221]
	at java.lang.reflect.Method.invoke(Unknown Source) ~[?:1.8.0_221]
	at org.junit.runners.model.FrameworkMethod$1.runReflectiveCall(FrameworkMethod.java:59) [junit-4.13-rc-1.jar:4.13-rc-1]
	at org.junit.internal.runners.model.ReflectiveCallable.run(ReflectiveCallable.java:12) [junit-4.13-rc-1.jar:4.13-rc-1]
	at org.junit.runners.model.FrameworkMethod.invokeExplosively(FrameworkMethod.java:56) [junit-4.13-rc-1.jar:4.13-rc-1]
	at org.junit.internal.runners.statements.InvokeMethod.evaluate(InvokeMethod.java:17) [junit-4.13-rc-1.jar:4.13-rc-1]
	at org.junit.runners.ParentRunner$3.evaluate(ParentRunner.java:305) [junit-4.13-rc-1.jar:4.13-rc-1]
	at org.junit.runners.BlockJUnit4ClassRunner$1.evaluate(BlockJUnit4ClassRunner.java:100) [junit-4.13-rc-1.jar:4.13-rc-1]
	at org.junit.runners.ParentRunner.runLeaf(ParentRunner.java:365) [junit-4.13-rc-1.jar:4.13-rc-1]
	at org.junit.runners.BlockJUnit4ClassRunner.runChild(BlockJUnit4ClassRunner.java:103) [junit-4.13-rc-1.jar:4.13-rc-1]
	at org.junit.runners.BlockJUnit4ClassRunner.runChild(BlockJUnit4ClassRunner.java:63) [junit-4.13-rc-1.jar:4.13-rc-1]
	at org.junit.runners.ParentRunner$4.run(ParentRunner.java:330) [junit-4.13-rc-1.jar:4.13-rc-1]
	at org.junit.runners.ParentRunner$1.schedule(ParentRunner.java:78) [junit-4.13-rc-1.jar:4.13-rc-1]
	at org.junit.runners.ParentRunner.runChildren(ParentRunner.java:328) [junit-4.13-rc-1.jar:4.13-rc-1]
	at org.junit.runners.ParentRunner.access$100(ParentRunner.java:65) [junit-4.13-rc-1.jar:4.13-rc-1]
	at org.junit.runners.ParentRunner$2.evaluate(ParentRunner.java:292) [junit-4.13-rc-1.jar:4.13-rc-1]
	at org.junit.runners.ParentRunner$3.evaluate(ParentRunner.java:305) [junit-4.13-rc-1.jar:4.13-rc-1]
	at org.junit.runners.ParentRunner.run(ParentRunner.java:412) [junit-4.13-rc-1.jar:4.13-rc-1]
	at org.eclipse.jdt.internal.junit4.runner.JUnit4TestReference.run(JUnit4TestReference.java:89) [.cp/:?]
	at org.eclipse.jdt.internal.junit.runner.TestExecution.run(TestExecution.java:41) [.cp/:?]
	at org.eclipse.jdt.internal.junit.runner.RemoteTestRunner.runTests(RemoteTestRunner.java:541) [.cp/:?]
	at org.eclipse.jdt.internal.junit.runner.RemoteTestRunner.runTests(RemoteTestRunner.java:763) [.cp/:?]
	at org.eclipse.jdt.internal.junit.runner.RemoteTestRunner.run(RemoteTestRunner.java:463) [.cp/:?]
	at org.eclipse.jdt.internal.junit.runner.RemoteTestRunner.main(RemoteTestRunner.java:209) [.cp/:?]
23:39:20 ERROR DataValidator - Catching
java.lang.NullPointerException: null
	at main.java.by.epam.web.unit2.validator.DataValidator.makeValidData(DataValidator.java:36) [bin/:?]
	at test.java.by.epam.web.unit2.DataValidatorTest.makeValidDataTest(DataValidatorTest.java:19) [bin/:?]
	at sun.reflect.NativeMethodAccessorImpl.invoke0(Native Method) ~[?:1.8.0_221]
	at sun.reflect.NativeMethodAccessorImpl.invoke(Unknown Source) ~[?:1.8.0_221]
	at sun.reflect.DelegatingMethodAccessorImpl.invoke(Unknown Source) ~[?:1.8.0_221]
	at java.lang.reflect.Method.invoke(Unknown Source) ~[?:1.8.0_221]
	at org.junit.runners.model.FrameworkMethod$1.runReflectiveCall(FrameworkMethod.java:59) [junit-4.13-rc-1.jar:4.13-rc-1]
	at org.junit.internal.runners.model.ReflectiveCallable.run(ReflectiveCallable.java:12) [junit-4.13-rc-1.jar:4.13-rc-1]
	at org.junit.runners.model.FrameworkMethod.invokeExplosively(FrameworkMethod.java:56) [junit-4.13-rc-1.jar:4.13-rc-1]
	at org.junit.internal.runners.statements.InvokeMethod.evaluate(InvokeMethod.java:17) [junit-4.13-rc-1.jar:4.13-rc-1]
	at org.junit.runners.ParentRunner$3.evaluate(ParentRunner.java:305) [junit-4.13-rc-1.jar:4.13-rc-1]
	at org.junit.runners.BlockJUnit4ClassRunner$1.evaluate(BlockJUnit4ClassRunner.java:100) [junit-4.13-rc-1.jar:4.13-rc-1]
	at org.junit.runners.ParentRunner.runLeaf(ParentRunner.java:365) [junit-4.13-rc-1.jar:4.13-rc-1]
	at org.junit.runners.BlockJUnit4ClassRunner.runChild(BlockJUnit4ClassRunner.java:103) [junit-4.13-rc-1.jar:4.13-rc-1]
	at org.junit.runners.BlockJUnit4ClassRunner.runChild(BlockJUnit4ClassRunner.java:63) [junit-4.13-rc-1.jar:4.13-rc-1]
	at org.junit.runners.ParentRunner$4.run(ParentRunner.java:330) [junit-4.13-rc-1.jar:4.13-rc-1]
	at org.junit.runners.ParentRunner$1.schedule(ParentRunner.java:78) [junit-4.13-rc-1.jar:4.13-rc-1]
	at org.junit.runners.ParentRunner.runChildren(ParentRunner.java:328) [junit-4.13-rc-1.jar:4.13-rc-1]
	at org.junit.runners.ParentRunner.access$100(ParentRunner.java:65) [junit-4.13-rc-1.jar:4.13-rc-1]
	at org.junit.runners.ParentRunner$2.evaluate(ParentRunner.java:292) [junit-4.13-rc-1.jar:4.13-rc-1]
	at org.junit.runners.ParentRunner$3.evaluate(ParentRunner.java:305) [junit-4.13-rc-1.jar:4.13-rc-1]
	at org.junit.runners.ParentRunner.run(ParentRunner.java:412) [junit-4.13-rc-1.jar:4.13-rc-1]
	at org.eclipse.jdt.internal.junit4.runner.JUnit4TestReference.run(JUnit4TestReference.java:89) [.cp/:?]
	at org.eclipse.jdt.internal.junit.runner.TestExecution.run(TestExecution.java:41) [.cp/:?]
	at org.eclipse.jdt.internal.junit.runner.RemoteTestRunner.runTests(RemoteTestRunner.java:541) [.cp/:?]
	at org.eclipse.jdt.internal.junit.runner.RemoteTestRunner.runTests(RemoteTestRunner.java:763) [.cp/:?]
	at org.eclipse.jdt.internal.junit.runner.RemoteTestRunner.run(RemoteTestRunner.java:463) [.cp/:?]
	at org.eclipse.jdt.internal.junit.runner.RemoteTestRunner.main(RemoteTestRunner.java:209) [.cp/:?]
23:39:20 ERROR DataValidator - Catching
java.lang.NullPointerException: null
	at main.java.by.epam.web.unit2.validator.DataValidator.makeValidData(DataValidator.java:36) [bin/:?]
	at test.java.by.epam.web.unit2.DataValidatorTest.makeValidDataTest2(DataValidatorTest.java:26) [bin/:?]
	at sun.reflect.NativeMethodAccessorImpl.invoke0(Native Method) ~[?:1.8.0_221]
	at sun.reflect.NativeMethodAccessorImpl.invoke(Unknown Source) ~[?:1.8.0_221]
	at sun.reflect.DelegatingMethodAccessorImpl.invoke(Unknown Source) ~[?:1.8.0_221]
	at java.lang.reflect.Method.invoke(Unknown Source) ~[?:1.8.0_221]
	at org.junit.runners.model.FrameworkMethod$1.runReflectiveCall(FrameworkMethod.java:59) [junit-4.13-rc-1.jar:4.13-rc-1]
	at org.junit.internal.runners.model.ReflectiveCallable.run(ReflectiveCallable.java:12) [junit-4.13-rc-1.jar:4.13-rc-1]
	at org.junit.runners.model.FrameworkMethod.invokeExplosively(FrameworkMethod.java:56) [junit-4.13-rc-1.jar:4.13-rc-1]
	at org.junit.internal.runners.statements.InvokeMethod.evaluate(InvokeMethod.java:17) [junit-4.13-rc-1.jar:4.13-rc-1]
	at org.junit.runners.ParentRunner$3.evaluate(ParentRunner.java:305) [junit-4.13-rc-1.jar:4.13-rc-1]
	at org.junit.runners.BlockJUnit4ClassRunner$1.evaluate(BlockJUnit4ClassRunner.java:100) [junit-4.13-rc-1.jar:4.13-rc-1]
	at org.junit.runners.ParentRunner.runLeaf(ParentRunner.java:365) [junit-4.13-rc-1.jar:4.13-rc-1]
	at org.junit.runners.BlockJUnit4ClassRunner.runChild(BlockJUnit4ClassRunner.java:103) [junit-4.13-rc-1.jar:4.13-rc-1]
	at org.junit.runners.BlockJUnit4ClassRunner.runChild(BlockJUnit4ClassRunner.java:63) [junit-4.13-rc-1.jar:4.13-rc-1]
	at org.junit.runners.ParentRunner$4.run(ParentRunner.java:330) [junit-4.13-rc-1.jar:4.13-rc-1]
	at org.junit.runners.ParentRunner$1.schedule(ParentRunner.java:78) [junit-4.13-rc-1.jar:4.13-rc-1]
	at org.junit.runners.ParentRunner.runChildren(ParentRunner.java:328) [junit-4.13-rc-1.jar:4.13-rc-1]
	at org.junit.runners.ParentRunner.access$100(ParentRunner.java:65) [junit-4.13-rc-1.jar:4.13-rc-1]
	at org.junit.runners.ParentRunner$2.evaluate(ParentRunner.java:292) [junit-4.13-rc-1.jar:4.13-rc-1]
	at org.junit.runners.ParentRunner$3.evaluate(ParentRunner.java:305) [junit-4.13-rc-1.jar:4.13-rc-1]
	at org.junit.runners.ParentRunner.run(ParentRunner.java:412) [junit-4.13-rc-1.jar:4.13-rc-1]
	at org.eclipse.jdt.internal.junit4.runner.JUnit4TestReference.run(JUnit4TestReference.java:89) [.cp/:?]
	at org.eclipse.jdt.internal.junit.runner.TestExecution.run(TestExecution.java:41) [.cp/:?]
	at org.eclipse.jdt.internal.junit.runner.RemoteTestRunner.runTests(RemoteTestRunner.java:541) [.cp/:?]
	at org.eclipse.jdt.internal.junit.runner.RemoteTestRunner.runTests(RemoteTestRunner.java:763) [.cp/:?]
	at org.eclipse.jdt.internal.junit.runner.RemoteTestRunner.run(RemoteTestRunner.java:463) [.cp/:?]
	at org.eclipse.jdt.internal.junit.runner.RemoteTestRunner.main(RemoteTestRunner.java:209) [.cp/:?]
23:39:20 ERROR DataValidator - Catching
java.lang.NullPointerException: null
	at main.java.by.epam.web.unit2.validator.DataValidator.makeValidData(DataValidator.java:36) [bin/:?]
	at test.java.by.epam.web.unit2.DataValidatorTest.makeValidDataTest2(DataValidatorTest.java:26) [bin/:?]
	at sun.reflect.NativeMethodAccessorImpl.invoke0(Native Method) ~[?:1.8.0_221]
	at sun.reflect.NativeMethodAccessorImpl.invoke(Unknown Source) ~[?:1.8.0_221]
	at sun.reflect.DelegatingMethodAccessorImpl.invoke(Unknown Source) ~[?:1.8.0_221]
	at java.lang.reflect.Method.invoke(Unknown Source) ~[?:1.8.0_221]
	at org.junit.runners.model.FrameworkMethod$1.runReflectiveCall(FrameworkMethod.java:59) [junit-4.13-rc-1.jar:4.13-rc-1]
	at org.junit.internal.runners.model.ReflectiveCallable.run(ReflectiveCallable.java:12) [junit-4.13-rc-1.jar:4.13-rc-1]
	at org.junit.runners.model.FrameworkMethod.invokeExplosively(FrameworkMethod.java:56) [junit-4.13-rc-1.jar:4.13-rc-1]
	at org.junit.internal.runners.statements.InvokeMethod.evaluate(InvokeMethod.java:17) [junit-4.13-rc-1.jar:4.13-rc-1]
	at org.junit.runners.ParentRunner$3.evaluate(ParentRunner.java:305) [junit-4.13-rc-1.jar:4.13-rc-1]
	at org.junit.runners.BlockJUnit4ClassRunner$1.evaluate(BlockJUnit4ClassRunner.java:100) [junit-4.13-rc-1.jar:4.13-rc-1]
	at org.junit.runners.ParentRunner.runLeaf(ParentRunner.java:365) [junit-4.13-rc-1.jar:4.13-rc-1]
	at org.junit.runners.BlockJUnit4ClassRunner.runChild(BlockJUnit4ClassRunner.java:103) [junit-4.13-rc-1.jar:4.13-rc-1]
	at org.junit.runners.BlockJUnit4ClassRunner.runChild(BlockJUnit4ClassRunner.java:63) [junit-4.13-rc-1.jar:4.13-rc-1]
	at org.junit.runners.ParentRunner$4.run(ParentRunner.java:330) [junit-4.13-rc-1.jar:4.13-rc-1]
	at org.junit.runners.ParentRunner$1.schedule(ParentRunner.java:78) [junit-4.13-rc-1.jar:4.13-rc-1]
	at org.junit.runners.ParentRunner.runChildren(ParentRunner.java:328) [junit-4.13-rc-1.jar:4.13-rc-1]
	at org.junit.runners.ParentRunner.access$100(ParentRunner.java:65) [junit-4.13-rc-1.jar:4.13-rc-1]
	at org.junit.runners.ParentRunner$2.evaluate(ParentRunner.java:292) [junit-4.13-rc-1.jar:4.13-rc-1]
	at org.junit.runners.ParentRunner$3.evaluate(ParentRunner.java:305) [junit-4.13-rc-1.jar:4.13-rc-1]
	at org.junit.runners.ParentRunner.run(ParentRunner.java:412) [junit-4.13-rc-1.jar:4.13-rc-1]
	at org.eclipse.jdt.internal.junit4.runner.JUnit4TestReference.run(JUnit4TestReference.java:89) [.cp/:?]
	at org.eclipse.jdt.internal.junit.runner.TestExecution.run(TestExecution.java:41) [.cp/:?]
	at org.eclipse.jdt.internal.junit.runner.RemoteTestRunner.runTests(RemoteTestRunner.java:541) [.cp/:?]
	at org.eclipse.jdt.internal.junit.runner.RemoteTestRunner.runTests(RemoteTestRunner.java:763) [.cp/:?]
	at org.eclipse.jdt.internal.junit.runner.RemoteTestRunner.run(RemoteTestRunner.java:463) [.cp/:?]
	at org.eclipse.jdt.internal.junit.runner.RemoteTestRunner.main(RemoteTestRunner.java:209) [.cp/:?]
23:39:20 ERROR DataValidator - Catching
java.lang.NullPointerException: null
	at main.java.by.epam.web.unit2.validator.DataValidator.makeValidData(DataValidator.java:36) [bin/:?]
	at test.java.by.epam.web.unit2.DataValidatorTest.makeValidDataTest2(DataValidatorTest.java:26) [bin/:?]
	at sun.reflect.NativeMethodAccessorImpl.invoke0(Native Method) ~[?:1.8.0_221]
	at sun.reflect.NativeMethodAccessorImpl.invoke(Unknown Source) ~[?:1.8.0_221]
	at sun.reflect.DelegatingMethodAccessorImpl.invoke(Unknown Source) ~[?:1.8.0_221]
	at java.lang.reflect.Method.invoke(Unknown Source) ~[?:1.8.0_221]
	at org.junit.runners.model.FrameworkMethod$1.runReflectiveCall(FrameworkMethod.java:59) [junit-4.13-rc-1.jar:4.13-rc-1]
	at org.junit.internal.runners.model.ReflectiveCallable.run(ReflectiveCallable.java:12) [junit-4.13-rc-1.jar:4.13-rc-1]
	at org.junit.runners.model.FrameworkMethod.invokeExplosively(FrameworkMethod.java:56) [junit-4.13-rc-1.jar:4.13-rc-1]
	at org.junit.internal.runners.statements.InvokeMethod.evaluate(InvokeMethod.java:17) [junit-4.13-rc-1.jar:4.13-rc-1]
	at org.junit.runners.ParentRunner$3.evaluate(ParentRunner.java:305) [junit-4.13-rc-1.jar:4.13-rc-1]
	at org.junit.runners.BlockJUnit4ClassRunner$1.evaluate(BlockJUnit4ClassRunner.java:100) [junit-4.13-rc-1.jar:4.13-rc-1]
	at org.junit.runners.ParentRunner.runLeaf(ParentRunner.java:365) [junit-4.13-rc-1.jar:4.13-rc-1]
	at org.junit.runners.BlockJUnit4ClassRunner.runChild(BlockJUnit4ClassRunner.java:103) [junit-4.13-rc-1.jar:4.13-rc-1]
	at org.junit.runners.BlockJUnit4ClassRunner.runChild(BlockJUnit4ClassRunner.java:63) [junit-4.13-rc-1.jar:4.13-rc-1]
	at org.junit.runners.ParentRunner$4.run(ParentRunner.java:330) [junit-4.13-rc-1.jar:4.13-rc-1]
	at org.junit.runners.ParentRunner$1.schedule(ParentRunner.java:78) [junit-4.13-rc-1.jar:4.13-rc-1]
	at org.junit.runners.ParentRunner.runChildren(ParentRunner.java:328) [junit-4.13-rc-1.jar:4.13-rc-1]
	at org.junit.runners.ParentRunner.access$100(ParentRunner.java:65) [junit-4.13-rc-1.jar:4.13-rc-1]
	at org.junit.runners.ParentRunner$2.evaluate(ParentRunner.java:292) [junit-4.13-rc-1.jar:4.13-rc-1]
	at org.junit.runners.ParentRunner$3.evaluate(ParentRunner.java:305) [junit-4.13-rc-1.jar:4.13-rc-1]
	at org.junit.runners.ParentRunner.run(ParentRunner.java:412) [junit-4.13-rc-1.jar:4.13-rc-1]
	at org.eclipse.jdt.internal.junit4.runner.JUnit4TestReference.run(JUnit4TestReference.java:89) [.cp/:?]
	at org.eclipse.jdt.internal.junit.runner.TestExecution.run(TestExecution.java:41) [.cp/:?]
	at org.eclipse.jdt.internal.junit.runner.RemoteTestRunner.runTests(RemoteTestRunner.java:541) [.cp/:?]
	at org.eclipse.jdt.internal.junit.runner.RemoteTestRunner.runTests(RemoteTestRunner.java:763) [.cp/:?]
	at org.eclipse.jdt.internal.junit.runner.RemoteTestRunner.run(RemoteTestRunner.java:463) [.cp/:?]
	at org.eclipse.jdt.internal.junit.runner.RemoteTestRunner.main(RemoteTestRunner.java:209) [.cp/:?]
23:39:20 ERROR DataValidator - Catching
java.lang.NullPointerException: null
	at main.java.by.epam.web.unit2.validator.DataValidator.makeValidData(DataValidator.java:36) [bin/:?]
	at test.java.by.epam.web.unit2.DataValidatorTest.makeValidDataTest2(DataValidatorTest.java:26) [bin/:?]
	at sun.reflect.NativeMethodAccessorImpl.invoke0(Native Method) ~[?:1.8.0_221]
	at sun.reflect.NativeMethodAccessorImpl.invoke(Unknown Source) ~[?:1.8.0_221]
	at sun.reflect.DelegatingMethodAccessorImpl.invoke(Unknown Source) ~[?:1.8.0_221]
	at java.lang.reflect.Method.invoke(Unknown Source) ~[?:1.8.0_221]
	at org.junit.runners.model.FrameworkMethod$1.runReflectiveCall(FrameworkMethod.java:59) [junit-4.13-rc-1.jar:4.13-rc-1]
	at org.junit.internal.runners.model.ReflectiveCallable.run(ReflectiveCallable.java:12) [junit-4.13-rc-1.jar:4.13-rc-1]
	at org.junit.runners.model.FrameworkMethod.invokeExplosively(FrameworkMethod.java:56) [junit-4.13-rc-1.jar:4.13-rc-1]
	at org.junit.internal.runners.statements.InvokeMethod.evaluate(InvokeMethod.java:17) [junit-4.13-rc-1.jar:4.13-rc-1]
	at org.junit.runners.ParentRunner$3.evaluate(ParentRunner.java:305) [junit-4.13-rc-1.jar:4.13-rc-1]
	at org.junit.runners.BlockJUnit4ClassRunner$1.evaluate(BlockJUnit4ClassRunner.java:100) [junit-4.13-rc-1.jar:4.13-rc-1]
	at org.junit.runners.ParentRunner.runLeaf(ParentRunner.java:365) [junit-4.13-rc-1.jar:4.13-rc-1]
	at org.junit.runners.BlockJUnit4ClassRunner.runChild(BlockJUnit4ClassRunner.java:103) [junit-4.13-rc-1.jar:4.13-rc-1]
	at org.junit.runners.BlockJUnit4ClassRunner.runChild(BlockJUnit4ClassRunner.java:63) [junit-4.13-rc-1.jar:4.13-rc-1]
	at org.junit.runners.ParentRunner$4.run(ParentRunner.java:330) [junit-4.13-rc-1.jar:4.13-rc-1]
	at org.junit.runners.ParentRunner$1.schedule(ParentRunner.java:78) [junit-4.13-rc-1.jar:4.13-rc-1]
	at org.junit.runners.ParentRunner.runChildren(ParentRunner.java:328) [junit-4.13-rc-1.jar:4.13-rc-1]
	at org.junit.runners.ParentRunner.access$100(ParentRunner.java:65) [junit-4.13-rc-1.jar:4.13-rc-1]
	at org.junit.runners.ParentRunner$2.evaluate(ParentRunner.java:292) [junit-4.13-rc-1.jar:4.13-rc-1]
	at org.junit.runners.ParentRunner$3.evaluate(ParentRunner.java:305) [junit-4.13-rc-1.jar:4.13-rc-1]
	at org.junit.runners.ParentRunner.run(ParentRunner.java:412) [junit-4.13-rc-1.jar:4.13-rc-1]
	at org.eclipse.jdt.internal.junit4.runner.JUnit4TestReference.run(JUnit4TestReference.java:89) [.cp/:?]
	at org.eclipse.jdt.internal.junit.runner.TestExecution.run(TestExecution.java:41) [.cp/:?]
	at org.eclipse.jdt.internal.junit.runner.RemoteTestRunner.runTests(RemoteTestRunner.java:541) [.cp/:?]
	at org.eclipse.jdt.internal.junit.runner.RemoteTestRunner.runTests(RemoteTestRunner.java:763) [.cp/:?]
	at org.eclipse.jdt.internal.junit.runner.RemoteTestRunner.run(RemoteTestRunner.java:463) [.cp/:?]
	at org.eclipse.jdt.internal.junit.runner.RemoteTestRunner.main(RemoteTestRunner.java:209) [.cp/:?]
23:39:20 ERROR DataValidator - Catching
java.lang.NullPointerException: null
	at main.java.by.epam.web.unit2.validator.DataValidator.makeValidData(DataValidator.java:36) [bin/:?]
	at test.java.by.epam.web.unit2.DataValidatorTest.makeValidDataTest2(DataValidatorTest.java:26) [bin/:?]
	at sun.reflect.NativeMethodAccessorImpl.invoke0(Native Method) ~[?:1.8.0_221]
	at sun.reflect.NativeMethodAccessorImpl.invoke(Unknown Source) ~[?:1.8.0_221]
	at sun.reflect.DelegatingMethodAccessorImpl.invoke(Unknown Source) ~[?:1.8.0_221]
	at java.lang.reflect.Method.invoke(Unknown Source) ~[?:1.8.0_221]
	at org.junit.runners.model.FrameworkMethod$1.runReflectiveCall(FrameworkMethod.java:59) [junit-4.13-rc-1.jar:4.13-rc-1]
	at org.junit.internal.runners.model.ReflectiveCallable.run(ReflectiveCallable.java:12) [junit-4.13-rc-1.jar:4.13-rc-1]
	at org.junit.runners.model.FrameworkMethod.invokeExplosively(FrameworkMethod.java:56) [junit-4.13-rc-1.jar:4.13-rc-1]
	at org.junit.internal.runners.statements.InvokeMethod.evaluate(InvokeMethod.java:17) [junit-4.13-rc-1.jar:4.13-rc-1]
	at org.junit.runners.ParentRunner$3.evaluate(ParentRunner.java:305) [junit-4.13-rc-1.jar:4.13-rc-1]
	at org.junit.runners.BlockJUnit4ClassRunner$1.evaluate(BlockJUnit4ClassRunner.java:100) [junit-4.13-rc-1.jar:4.13-rc-1]
	at org.junit.runners.ParentRunner.runLeaf(ParentRunner.java:365) [junit-4.13-rc-1.jar:4.13-rc-1]
	at org.junit.runners.BlockJUnit4ClassRunner.runChild(BlockJUnit4ClassRunner.java:103) [junit-4.13-rc-1.jar:4.13-rc-1]
	at org.junit.runners.BlockJUnit4ClassRunner.runChild(BlockJUnit4ClassRunner.java:63) [junit-4.13-rc-1.jar:4.13-rc-1]
	at org.junit.runners.ParentRunner$4.run(ParentRunner.java:330) [junit-4.13-rc-1.jar:4.13-rc-1]
	at org.junit.runners.ParentRunner$1.schedule(ParentRunner.java:78) [junit-4.13-rc-1.jar:4.13-rc-1]
	at org.junit.runners.ParentRunner.runChildren(ParentRunner.java:328) [junit-4.13-rc-1.jar:4.13-rc-1]
	at org.junit.runners.ParentRunner.access$100(ParentRunner.java:65) [junit-4.13-rc-1.jar:4.13-rc-1]
	at org.junit.runners.ParentRunner$2.evaluate(ParentRunner.java:292) [junit-4.13-rc-1.jar:4.13-rc-1]
	at org.junit.runners.ParentRunner$3.evaluate(ParentRunner.java:305) [junit-4.13-rc-1.jar:4.13-rc-1]
	at org.junit.runners.ParentRunner.run(ParentRunner.java:412) [junit-4.13-rc-1.jar:4.13-rc-1]
	at org.eclipse.jdt.internal.junit4.runner.JUnit4TestReference.run(JUnit4TestReference.java:89) [.cp/:?]
	at org.eclipse.jdt.internal.junit.runner.TestExecution.run(TestExecution.java:41) [.cp/:?]
	at org.eclipse.jdt.internal.junit.runner.RemoteTestRunner.runTests(RemoteTestRunner.java:541) [.cp/:?]
	at org.eclipse.jdt.internal.junit.runner.RemoteTestRunner.runTests(RemoteTestRunner.java:763) [.cp/:?]
	at org.eclipse.jdt.internal.junit.runner.RemoteTestRunner.run(RemoteTestRunner.java:463) [.cp/:?]
	at org.eclipse.jdt.internal.junit.runner.RemoteTestRunner.main(RemoteTestRunner.java:209) [.cp/:?]
23:39:20 ERROR DataValidator - Catching
java.lang.NullPointerException: null
	at main.java.by.epam.web.unit2.validator.DataValidator.makeValidData(DataValidator.java:36) [bin/:?]
	at test.java.by.epam.web.unit2.DataValidatorTest.makeValidDataTest2(DataValidatorTest.java:26) [bin/:?]
	at sun.reflect.NativeMethodAccessorImpl.invoke0(Native Method) ~[?:1.8.0_221]
	at sun.reflect.NativeMethodAccessorImpl.invoke(Unknown Source) ~[?:1.8.0_221]
	at sun.reflect.DelegatingMethodAccessorImpl.invoke(Unknown Source) ~[?:1.8.0_221]
	at java.lang.reflect.Method.invoke(Unknown Source) ~[?:1.8.0_221]
	at org.junit.runners.model.FrameworkMethod$1.runReflectiveCall(FrameworkMethod.java:59) [junit-4.13-rc-1.jar:4.13-rc-1]
	at org.junit.internal.runners.model.ReflectiveCallable.run(ReflectiveCallable.java:12) [junit-4.13-rc-1.jar:4.13-rc-1]
	at org.junit.runners.model.FrameworkMethod.invokeExplosively(FrameworkMethod.java:56) [junit-4.13-rc-1.jar:4.13-rc-1]
	at org.junit.internal.runners.statements.InvokeMethod.evaluate(InvokeMethod.java:17) [junit-4.13-rc-1.jar:4.13-rc-1]
	at org.junit.runners.ParentRunner$3.evaluate(ParentRunner.java:305) [junit-4.13-rc-1.jar:4.13-rc-1]
	at org.junit.runners.BlockJUnit4ClassRunner$1.evaluate(BlockJUnit4ClassRunner.java:100) [junit-4.13-rc-1.jar:4.13-rc-1]
	at org.junit.runners.ParentRunner.runLeaf(ParentRunner.java:365) [junit-4.13-rc-1.jar:4.13-rc-1]
	at org.junit.runners.BlockJUnit4ClassRunner.runChild(BlockJUnit4ClassRunner.java:103) [junit-4.13-rc-1.jar:4.13-rc-1]
	at org.junit.runners.BlockJUnit4ClassRunner.runChild(BlockJUnit4ClassRunner.java:63) [junit-4.13-rc-1.jar:4.13-rc-1]
	at org.junit.runners.ParentRunner$4.run(ParentRunner.java:330) [junit-4.13-rc-1.jar:4.13-rc-1]
	at org.junit.runners.ParentRunner$1.schedule(ParentRunner.java:78) [junit-4.13-rc-1.jar:4.13-rc-1]
	at org.junit.runners.ParentRunner.runChildren(ParentRunner.java:328) [junit-4.13-rc-1.jar:4.13-rc-1]
	at org.junit.runners.ParentRunner.access$100(ParentRunner.java:65) [junit-4.13-rc-1.jar:4.13-rc-1]
	at org.junit.runners.ParentRunner$2.evaluate(ParentRunner.java:292) [junit-4.13-rc-1.jar:4.13-rc-1]
	at org.junit.runners.ParentRunner$3.evaluate(ParentRunner.java:305) [junit-4.13-rc-1.jar:4.13-rc-1]
	at org.junit.runners.ParentRunner.run(ParentRunner.java:412) [junit-4.13-rc-1.jar:4.13-rc-1]
	at org.eclipse.jdt.internal.junit4.runner.JUnit4TestReference.run(JUnit4TestReference.java:89) [.cp/:?]
	at org.eclipse.jdt.internal.junit.runner.TestExecution.run(TestExecution.java:41) [.cp/:?]
	at org.eclipse.jdt.internal.junit.runner.RemoteTestRunner.runTests(RemoteTestRunner.java:541) [.cp/:?]
	at org.eclipse.jdt.internal.junit.runner.RemoteTestRunner.runTests(RemoteTestRunner.java:763) [.cp/:?]
	at org.eclipse.jdt.internal.junit.runner.RemoteTestRunner.run(RemoteTestRunner.java:463) [.cp/:?]
	at org.eclipse.jdt.internal.junit.runner.RemoteTestRunner.main(RemoteTestRunner.java:209) [.cp/:?]
23:39:20 ERROR DataValidator - Catching
java.lang.NullPointerException: null
	at main.java.by.epam.web.unit2.validator.DataValidator.makeValidData(DataValidator.java:36) [bin/:?]
	at test.java.by.epam.web.unit2.DataValidatorTest.makeValidDataTest2(DataValidatorTest.java:26) [bin/:?]
	at sun.reflect.NativeMethodAccessorImpl.invoke0(Native Method) ~[?:1.8.0_221]
	at sun.reflect.NativeMethodAccessorImpl.invoke(Unknown Source) ~[?:1.8.0_221]
	at sun.reflect.DelegatingMethodAccessorImpl.invoke(Unknown Source) ~[?:1.8.0_221]
	at java.lang.reflect.Method.invoke(Unknown Source) ~[?:1.8.0_221]
	at org.junit.runners.model.FrameworkMethod$1.runReflectiveCall(FrameworkMethod.java:59) [junit-4.13-rc-1.jar:4.13-rc-1]
	at org.junit.internal.runners.model.ReflectiveCallable.run(ReflectiveCallable.java:12) [junit-4.13-rc-1.jar:4.13-rc-1]
	at org.junit.runners.model.FrameworkMethod.invokeExplosively(FrameworkMethod.java:56) [junit-4.13-rc-1.jar:4.13-rc-1]
	at org.junit.internal.runners.statements.InvokeMethod.evaluate(InvokeMethod.java:17) [junit-4.13-rc-1.jar:4.13-rc-1]
	at org.junit.runners.ParentRunner$3.evaluate(ParentRunner.java:305) [junit-4.13-rc-1.jar:4.13-rc-1]
	at org.junit.runners.BlockJUnit4ClassRunner$1.evaluate(BlockJUnit4ClassRunner.java:100) [junit-4.13-rc-1.jar:4.13-rc-1]
	at org.junit.runners.ParentRunner.runLeaf(ParentRunner.java:365) [junit-4.13-rc-1.jar:4.13-rc-1]
	at org.junit.runners.BlockJUnit4ClassRunner.runChild(BlockJUnit4ClassRunner.java:103) [junit-4.13-rc-1.jar:4.13-rc-1]
	at org.junit.runners.BlockJUnit4ClassRunner.runChild(BlockJUnit4ClassRunner.java:63) [junit-4.13-rc-1.jar:4.13-rc-1]
	at org.junit.runners.ParentRunner$4.run(ParentRunner.java:330) [junit-4.13-rc-1.jar:4.13-rc-1]
	at org.junit.runners.ParentRunner$1.schedule(ParentRunner.java:78) [junit-4.13-rc-1.jar:4.13-rc-1]
	at org.junit.runners.ParentRunner.runChildren(ParentRunner.java:328) [junit-4.13-rc-1.jar:4.13-rc-1]
	at org.junit.runners.ParentRunner.access$100(ParentRunner.java:65) [junit-4.13-rc-1.jar:4.13-rc-1]
	at org.junit.runners.ParentRunner$2.evaluate(ParentRunner.java:292) [junit-4.13-rc-1.jar:4.13-rc-1]
	at org.junit.runners.ParentRunner$3.evaluate(ParentRunner.java:305) [junit-4.13-rc-1.jar:4.13-rc-1]
	at org.junit.runners.ParentRunner.run(ParentRunner.java:412) [junit-4.13-rc-1.jar:4.13-rc-1]
	at org.eclipse.jdt.internal.junit4.runner.JUnit4TestReference.run(JUnit4TestReference.java:89) [.cp/:?]
	at org.eclipse.jdt.internal.junit.runner.TestExecution.run(TestExecution.java:41) [.cp/:?]
	at org.eclipse.jdt.internal.junit.runner.RemoteTestRunner.runTests(RemoteTestRunner.java:541) [.cp/:?]
	at org.eclipse.jdt.internal.junit.runner.RemoteTestRunner.runTests(RemoteTestRunner.java:763) [.cp/:?]
	at org.eclipse.jdt.internal.junit.runner.RemoteTestRunner.run(RemoteTestRunner.java:463) [.cp/:?]
	at org.eclipse.jdt.internal.junit.runner.RemoteTestRunner.main(RemoteTestRunner.java:209) [.cp/:?]
23:39:20 ERROR DataValidator - Catching
java.lang.NullPointerException: null
	at main.java.by.epam.web.unit2.validator.DataValidator.makeValidData(DataValidator.java:36) [bin/:?]
	at test.java.by.epam.web.unit2.DataValidatorTest.makeValidDataTest2(DataValidatorTest.java:26) [bin/:?]
	at sun.reflect.NativeMethodAccessorImpl.invoke0(Native Method) ~[?:1.8.0_221]
	at sun.reflect.NativeMethodAccessorImpl.invoke(Unknown Source) ~[?:1.8.0_221]
	at sun.reflect.DelegatingMethodAccessorImpl.invoke(Unknown Source) ~[?:1.8.0_221]
	at java.lang.reflect.Method.invoke(Unknown Source) ~[?:1.8.0_221]
	at org.junit.runners.model.FrameworkMethod$1.runReflectiveCall(FrameworkMethod.java:59) [junit-4.13-rc-1.jar:4.13-rc-1]
	at org.junit.internal.runners.model.ReflectiveCallable.run(ReflectiveCallable.java:12) [junit-4.13-rc-1.jar:4.13-rc-1]
	at org.junit.runners.model.FrameworkMethod.invokeExplosively(FrameworkMethod.java:56) [junit-4.13-rc-1.jar:4.13-rc-1]
	at org.junit.internal.runners.statements.InvokeMethod.evaluate(InvokeMethod.java:17) [junit-4.13-rc-1.jar:4.13-rc-1]
	at org.junit.runners.ParentRunner$3.evaluate(ParentRunner.java:305) [junit-4.13-rc-1.jar:4.13-rc-1]
	at org.junit.runners.BlockJUnit4ClassRunner$1.evaluate(BlockJUnit4ClassRunner.java:100) [junit-4.13-rc-1.jar:4.13-rc-1]
	at org.junit.runners.ParentRunner.runLeaf(ParentRunner.java:365) [junit-4.13-rc-1.jar:4.13-rc-1]
	at org.junit.runners.BlockJUnit4ClassRunner.runChild(BlockJUnit4ClassRunner.java:103) [junit-4.13-rc-1.jar:4.13-rc-1]
	at org.junit.runners.BlockJUnit4ClassRunner.runChild(BlockJUnit4ClassRunner.java:63) [junit-4.13-rc-1.jar:4.13-rc-1]
	at org.junit.runners.ParentRunner$4.run(ParentRunner.java:330) [junit-4.13-rc-1.jar:4.13-rc-1]
	at org.junit.runners.ParentRunner$1.schedule(ParentRunner.java:78) [junit-4.13-rc-1.jar:4.13-rc-1]
	at org.junit.runners.ParentRunner.runChildren(ParentRunner.java:328) [junit-4.13-rc-1.jar:4.13-rc-1]
	at org.junit.runners.ParentRunner.access$100(ParentRunner.java:65) [junit-4.13-rc-1.jar:4.13-rc-1]
	at org.junit.runners.ParentRunner$2.evaluate(ParentRunner.java:292) [junit-4.13-rc-1.jar:4.13-rc-1]
	at org.junit.runners.ParentRunner$3.evaluate(ParentRunner.java:305) [junit-4.13-rc-1.jar:4.13-rc-1]
	at org.junit.runners.ParentRunner.run(ParentRunner.java:412) [junit-4.13-rc-1.jar:4.13-rc-1]
	at org.eclipse.jdt.internal.junit4.runner.JUnit4TestReference.run(JUnit4TestReference.java:89) [.cp/:?]
	at org.eclipse.jdt.internal.junit.runner.TestExecution.run(TestExecution.java:41) [.cp/:?]
	at org.eclipse.jdt.internal.junit.runner.RemoteTestRunner.runTests(RemoteTestRunner.java:541) [.cp/:?]
	at org.eclipse.jdt.internal.junit.runner.RemoteTestRunner.runTests(RemoteTestRunner.java:763) [.cp/:?]
	at org.eclipse.jdt.internal.junit.runner.RemoteTestRunner.run(RemoteTestRunner.java:463) [.cp/:?]
	at org.eclipse.jdt.internal.junit.runner.RemoteTestRunner.main(RemoteTestRunner.java:209) [.cp/:?]
23:39:20 ERROR DataValidator - Catching
java.lang.NullPointerException: null
	at main.java.by.epam.web.unit2.validator.DataValidator.makeValidData(DataValidator.java:36) [bin/:?]
	at test.java.by.epam.web.unit2.DataValidatorTest.makeValidDataTest2(DataValidatorTest.java:26) [bin/:?]
	at sun.reflect.NativeMethodAccessorImpl.invoke0(Native Method) ~[?:1.8.0_221]
	at sun.reflect.NativeMethodAccessorImpl.invoke(Unknown Source) ~[?:1.8.0_221]
	at sun.reflect.DelegatingMethodAccessorImpl.invoke(Unknown Source) ~[?:1.8.0_221]
	at java.lang.reflect.Method.invoke(Unknown Source) ~[?:1.8.0_221]
	at org.junit.runners.model.FrameworkMethod$1.runReflectiveCall(FrameworkMethod.java:59) [junit-4.13-rc-1.jar:4.13-rc-1]
	at org.junit.internal.runners.model.ReflectiveCallable.run(ReflectiveCallable.java:12) [junit-4.13-rc-1.jar:4.13-rc-1]
	at org.junit.runners.model.FrameworkMethod.invokeExplosively(FrameworkMethod.java:56) [junit-4.13-rc-1.jar:4.13-rc-1]
	at org.junit.internal.runners.statements.InvokeMethod.evaluate(InvokeMethod.java:17) [junit-4.13-rc-1.jar:4.13-rc-1]
	at org.junit.runners.ParentRunner$3.evaluate(ParentRunner.java:305) [junit-4.13-rc-1.jar:4.13-rc-1]
	at org.junit.runners.BlockJUnit4ClassRunner$1.evaluate(BlockJUnit4ClassRunner.java:100) [junit-4.13-rc-1.jar:4.13-rc-1]
	at org.junit.runners.ParentRunner.runLeaf(ParentRunner.java:365) [junit-4.13-rc-1.jar:4.13-rc-1]
	at org.junit.runners.BlockJUnit4ClassRunner.runChild(BlockJUnit4ClassRunner.java:103) [junit-4.13-rc-1.jar:4.13-rc-1]
	at org.junit.runners.BlockJUnit4ClassRunner.runChild(BlockJUnit4ClassRunner.java:63) [junit-4.13-rc-1.jar:4.13-rc-1]
	at org.junit.runners.ParentRunner$4.run(ParentRunner.java:330) [junit-4.13-rc-1.jar:4.13-rc-1]
	at org.junit.runners.ParentRunner$1.schedule(ParentRunner.java:78) [junit-4.13-rc-1.jar:4.13-rc-1]
	at org.junit.runners.ParentRunner.runChildren(ParentRunner.java:328) [junit-4.13-rc-1.jar:4.13-rc-1]
	at org.junit.runners.ParentRunner.access$100(ParentRunner.java:65) [junit-4.13-rc-1.jar:4.13-rc-1]
	at org.junit.runners.ParentRunner$2.evaluate(ParentRunner.java:292) [junit-4.13-rc-1.jar:4.13-rc-1]
	at org.junit.runners.ParentRunner$3.evaluate(ParentRunner.java:305) [junit-4.13-rc-1.jar:4.13-rc-1]
	at org.junit.runners.ParentRunner.run(ParentRunner.java:412) [junit-4.13-rc-1.jar:4.13-rc-1]
	at org.eclipse.jdt.internal.junit4.runner.JUnit4TestReference.run(JUnit4TestReference.java:89) [.cp/:?]
	at org.eclipse.jdt.internal.junit.runner.TestExecution.run(TestExecution.java:41) [.cp/:?]
	at org.eclipse.jdt.internal.junit.runner.RemoteTestRunner.runTests(RemoteTestRunner.java:541) [.cp/:?]
	at org.eclipse.jdt.internal.junit.runner.RemoteTestRunner.runTests(RemoteTestRunner.java:763) [.cp/:?]
	at org.eclipse.jdt.internal.junit.runner.RemoteTestRunner.run(RemoteTestRunner.java:463) [.cp/:?]
	at org.eclipse.jdt.internal.junit.runner.RemoteTestRunner.main(RemoteTestRunner.java:209) [.cp/:?]
23:39:20 ERROR DataValidator - Catching
java.lang.NullPointerException: null
	at main.java.by.epam.web.unit2.validator.DataValidator.makeValidData(DataValidator.java:36) [bin/:?]
	at test.java.by.epam.web.unit2.DataValidatorTest.makeValidDataTest2(DataValidatorTest.java:26) [bin/:?]
	at sun.reflect.NativeMethodAccessorImpl.invoke0(Native Method) ~[?:1.8.0_221]
	at sun.reflect.NativeMethodAccessorImpl.invoke(Unknown Source) ~[?:1.8.0_221]
	at sun.reflect.DelegatingMethodAccessorImpl.invoke(Unknown Source) ~[?:1.8.0_221]
	at java.lang.reflect.Method.invoke(Unknown Source) ~[?:1.8.0_221]
	at org.junit.runners.model.FrameworkMethod$1.runReflectiveCall(FrameworkMethod.java:59) [junit-4.13-rc-1.jar:4.13-rc-1]
	at org.junit.internal.runners.model.ReflectiveCallable.run(ReflectiveCallable.java:12) [junit-4.13-rc-1.jar:4.13-rc-1]
	at org.junit.runners.model.FrameworkMethod.invokeExplosively(FrameworkMethod.java:56) [junit-4.13-rc-1.jar:4.13-rc-1]
	at org.junit.internal.runners.statements.InvokeMethod.evaluate(InvokeMethod.java:17) [junit-4.13-rc-1.jar:4.13-rc-1]
	at org.junit.runners.ParentRunner$3.evaluate(ParentRunner.java:305) [junit-4.13-rc-1.jar:4.13-rc-1]
	at org.junit.runners.BlockJUnit4ClassRunner$1.evaluate(BlockJUnit4ClassRunner.java:100) [junit-4.13-rc-1.jar:4.13-rc-1]
	at org.junit.runners.ParentRunner.runLeaf(ParentRunner.java:365) [junit-4.13-rc-1.jar:4.13-rc-1]
	at org.junit.runners.BlockJUnit4ClassRunner.runChild(BlockJUnit4ClassRunner.java:103) [junit-4.13-rc-1.jar:4.13-rc-1]
	at org.junit.runners.BlockJUnit4ClassRunner.runChild(BlockJUnit4ClassRunner.java:63) [junit-4.13-rc-1.jar:4.13-rc-1]
	at org.junit.runners.ParentRunner$4.run(ParentRunner.java:330) [junit-4.13-rc-1.jar:4.13-rc-1]
	at org.junit.runners.ParentRunner$1.schedule(ParentRunner.java:78) [junit-4.13-rc-1.jar:4.13-rc-1]
	at org.junit.runners.ParentRunner.runChildren(ParentRunner.java:328) [junit-4.13-rc-1.jar:4.13-rc-1]
	at org.junit.runners.ParentRunner.access$100(ParentRunner.java:65) [junit-4.13-rc-1.jar:4.13-rc-1]
	at org.junit.runners.ParentRunner$2.evaluate(ParentRunner.java:292) [junit-4.13-rc-1.jar:4.13-rc-1]
	at org.junit.runners.ParentRunner$3.evaluate(ParentRunner.java:305) [junit-4.13-rc-1.jar:4.13-rc-1]
	at org.junit.runners.ParentRunner.run(ParentRunner.java:412) [junit-4.13-rc-1.jar:4.13-rc-1]
	at org.eclipse.jdt.internal.junit4.runner.JUnit4TestReference.run(JUnit4TestReference.java:89) [.cp/:?]
	at org.eclipse.jdt.internal.junit.runner.TestExecution.run(TestExecution.java:41) [.cp/:?]
	at org.eclipse.jdt.internal.junit.runner.RemoteTestRunner.runTests(RemoteTestRunner.java:541) [.cp/:?]
	at org.eclipse.jdt.internal.junit.runner.RemoteTestRunner.runTests(RemoteTestRunner.java:763) [.cp/:?]
	at org.eclipse.jdt.internal.junit.runner.RemoteTestRunner.run(RemoteTestRunner.java:463) [.cp/:?]
	at org.eclipse.jdt.internal.junit.runner.RemoteTestRunner.main(RemoteTestRunner.java:209) [.cp/:?]
23:39:20 ERROR DataValidator - Catching
java.lang.NullPointerException: null
	at main.java.by.epam.web.unit2.validator.DataValidator.makeValidData(DataValidator.java:36) [bin/:?]
	at test.java.by.epam.web.unit2.DataValidatorTest.makeValidDataTest2(DataValidatorTest.java:26) [bin/:?]
	at sun.reflect.NativeMethodAccessorImpl.invoke0(Native Method) ~[?:1.8.0_221]
	at sun.reflect.NativeMethodAccessorImpl.invoke(Unknown Source) ~[?:1.8.0_221]
	at sun.reflect.DelegatingMethodAccessorImpl.invoke(Unknown Source) ~[?:1.8.0_221]
	at java.lang.reflect.Method.invoke(Unknown Source) ~[?:1.8.0_221]
	at org.junit.runners.model.FrameworkMethod$1.runReflectiveCall(FrameworkMethod.java:59) [junit-4.13-rc-1.jar:4.13-rc-1]
	at org.junit.internal.runners.model.ReflectiveCallable.run(ReflectiveCallable.java:12) [junit-4.13-rc-1.jar:4.13-rc-1]
	at org.junit.runners.model.FrameworkMethod.invokeExplosively(FrameworkMethod.java:56) [junit-4.13-rc-1.jar:4.13-rc-1]
	at org.junit.internal.runners.statements.InvokeMethod.evaluate(InvokeMethod.java:17) [junit-4.13-rc-1.jar:4.13-rc-1]
	at org.junit.runners.ParentRunner$3.evaluate(ParentRunner.java:305) [junit-4.13-rc-1.jar:4.13-rc-1]
	at org.junit.runners.BlockJUnit4ClassRunner$1.evaluate(BlockJUnit4ClassRunner.java:100) [junit-4.13-rc-1.jar:4.13-rc-1]
	at org.junit.runners.ParentRunner.runLeaf(ParentRunner.java:365) [junit-4.13-rc-1.jar:4.13-rc-1]
	at org.junit.runners.BlockJUnit4ClassRunner.runChild(BlockJUnit4ClassRunner.java:103) [junit-4.13-rc-1.jar:4.13-rc-1]
	at org.junit.runners.BlockJUnit4ClassRunner.runChild(BlockJUnit4ClassRunner.java:63) [junit-4.13-rc-1.jar:4.13-rc-1]
	at org.junit.runners.ParentRunner$4.run(ParentRunner.java:330) [junit-4.13-rc-1.jar:4.13-rc-1]
	at org.junit.runners.ParentRunner$1.schedule(ParentRunner.java:78) [junit-4.13-rc-1.jar:4.13-rc-1]
	at org.junit.runners.ParentRunner.runChildren(ParentRunner.java:328) [junit-4.13-rc-1.jar:4.13-rc-1]
	at org.junit.runners.ParentRunner.access$100(ParentRunner.java:65) [junit-4.13-rc-1.jar:4.13-rc-1]
	at org.junit.runners.ParentRunner$2.evaluate(ParentRunner.java:292) [junit-4.13-rc-1.jar:4.13-rc-1]
	at org.junit.runners.ParentRunner$3.evaluate(ParentRunner.java:305) [junit-4.13-rc-1.jar:4.13-rc-1]
	at org.junit.runners.ParentRunner.run(ParentRunner.java:412) [junit-4.13-rc-1.jar:4.13-rc-1]
	at org.eclipse.jdt.internal.junit4.runner.JUnit4TestReference.run(JUnit4TestReference.java:89) [.cp/:?]
	at org.eclipse.jdt.internal.junit.runner.TestExecution.run(TestExecution.java:41) [.cp/:?]
	at org.eclipse.jdt.internal.junit.runner.RemoteTestRunner.runTests(RemoteTestRunner.java:541) [.cp/:?]
	at org.eclipse.jdt.internal.junit.runner.RemoteTestRunner.runTests(RemoteTestRunner.java:763) [.cp/:?]
	at org.eclipse.jdt.internal.junit.runner.RemoteTestRunner.run(RemoteTestRunner.java:463) [.cp/:?]
	at org.eclipse.jdt.internal.junit.runner.RemoteTestRunner.main(RemoteTestRunner.java:209) [.cp/:?]
23:42:39 INFO  DataValidator - Cannot create point
23:42:39 INFO  DataValidator - Cannot create point
23:42:39 INFO  DataValidator - Cannot create point
23:42:39 INFO  DataValidator - Cannot create point
23:42:39 INFO  DataValidator - Cannot create point
23:42:39 INFO  DataValidator - Cannot create point
23:42:39 INFO  DataValidator - Cannot create point
23:42:39 INFO  DataValidator - Cannot create point
23:42:39 INFO  DataValidator - Cannot create point
23:42:39 INFO  DataValidator - Cannot create point
23:42:39 INFO  DataValidator - Cannot create point
23:42:39 INFO  DataValidator - Cannot create point
23:42:39 INFO  DataValidator - Cannot create point
23:42:39 INFO  DataValidator - Cannot create point
23:42:39 INFO  DataValidator - Cannot create point
23:42:39 INFO  DataValidator - Cannot create point
23:42:39 INFO  DataValidator - Cannot create point
23:42:39 INFO  DataValidator - Cannot create point
23:42:39 INFO  DataValidator - Cannot create point
23:42:39 INFO  DataValidator - Cannot create point
23:42:39 INFO  DataValidator - Cannot create point
23:42:39 INFO  DataValidator - Cannot create point
23:43:49 INFO  DataValidator - Cannot create point
23:43:49 INFO  DataValidator - Cannot create point
23:43:49 INFO  DataValidator - Cannot create point
23:43:49 INFO  DataValidator - Cannot create point
23:43:49 INFO  DataValidator - Cannot create point
23:43:49 INFO  DataValidator - Cannot create point
23:43:49 INFO  DataValidator - Cannot create point
23:43:49 INFO  DataValidator - Cannot create point
23:43:49 INFO  DataValidator - Cannot create point
23:43:49 INFO  DataValidator - Cannot create point
